2018-05-16 14:03:42,759  INFO: MAIN_ENGINE	MongoDB连接成功
2018-05-16 14:03:42,851  INFO: CTP	交易服务器连接成功
2018-05-16 14:03:42,917  INFO: CTP	交易服务器连接断开
2018-05-16 14:03:42,951  INFO: CTP	交易服务器连接成功
2018-05-16 14:03:43,167  INFO: CTP	交易服务器连接断开
2018-05-16 14:03:43,174  INFO: CTP	交易服务器连接成功
2018-05-16 14:03:43,240  INFO: CTP	交易服务器连接断开
2018-05-16 14:03:43,358  INFO: CTP	交易服务器连接成功
2018-05-16 14:03:43,361  INFO: CTP	交易服务器连接断开
2018-05-16 14:03:43,398  INFO: CTP	交易服务器连接成功
2018-05-16 14:03:43,466  INFO: CTP	交易服务器连接断开
2018-05-16 14:03:43,500  INFO: CTP	交易服务器连接成功
2018-05-16 14:03:43,517  INFO: CTP	交易服务器连接断开
2018-05-16 14:03:43,617  INFO: CTP	交易服务器连接成功
2018-05-16 14:04:06,904  INFO: CTP	交易服务器连接断开
2018-05-16 14:04:10,134  INFO: CTP	交易服务器连接成功
2018-05-16 14:04:10,153  INFO: CTP	交易服务器连接断开
2018-05-16 14:04:10,220  INFO: CTP	交易服务器连接成功
2018-05-16 14:04:10,390  INFO: CTP	交易服务器连接断开
2018-05-16 14:04:10,394  INFO: CTP	交易服务器连接成功
2018-05-16 14:04:10,427  INFO: CTP	交易服务器连接断开
2018-05-16 14:04:10,460  INFO: CTP	交易服务器连接成功
2018-05-16 14:04:10,496  INFO: CTP	交易服务器连接断开
2018-05-16 14:04:10,530  INFO: CTP	交易服务器连接成功
2018-05-16 14:04:10,565  INFO: CTP	交易服务器连接断开
2018-05-16 14:04:10,598  INFO: CTP	交易服务器连接成功
2018-05-16 14:04:10,632  INFO: CTP	交易服务器连接断开
2018-05-16 14:04:10,802  INFO: CTP	交易服务器连接成功
2018-05-16 14:04:10,812  INFO: CTP	交易服务器连接断开
2018-05-16 14:04:10,878  INFO: CTP	交易服务器连接成功
2018-05-16 14:04:10,900  INFO: CTP	交易服务器连接断开
2018-05-16 14:04:10,940  INFO: CTP	交易服务器连接成功
2018-05-16 14:04:10,973  INFO: CTP	交易服务器连接断开
2018-05-16 14:04:11,039  INFO: CTP	交易服务器连接成功
2018-05-16 14:04:11,056  INFO: CTP	交易服务器连接断开
2018-05-16 14:04:11,091  INFO: CTP	交易服务器连接成功
2018-05-16 14:04:11,125  INFO: CTP	交易服务器连接断开
2018-05-16 14:04:11,240  INFO: CTP	交易服务器连接成功
2018-05-16 14:04:11,415  INFO: CTP	交易服务器连接断开
2018-05-16 14:04:11,426  INFO: CTP	交易服务器连接成功
2018-05-16 14:04:11,466  INFO: CTP	交易服务器连接断开
2018-05-16 14:04:14,542  INFO: CTP	交易服务器连接成功
2018-05-16 14:04:14,546  INFO: CTP	交易服务器连接断开
2018-05-16 14:04:14,562  INFO: CTP	交易服务器连接成功
2018-05-16 14:04:14,596  INFO: CTP	交易服务器连接断开
2018-05-16 14:04:17,681  INFO: CTP	交易服务器连接成功
2018-05-16 14:04:17,687  INFO: CTP	交易服务器连接断开
2018-05-16 14:04:17,753  INFO: CTP	交易服务器连接成功
2018-05-16 14:04:17,971  INFO: CTP	交易服务器连接断开
2018-05-16 14:04:17,976  INFO: CTP	交易服务器连接成功
2018-05-16 14:04:18,010  INFO: CTP	交易服务器连接断开
2018-05-16 14:04:18,341  INFO: CTP	交易服务器连接成功
2018-05-16 14:04:18,345  INFO: CTP	交易服务器连接断开
2018-05-16 14:04:18,362  INFO: CTP	交易服务器连接成功
2018-05-16 14:04:18,395  INFO: CTP	交易服务器连接断开
2018-05-16 14:04:18,430  INFO: CTP	交易服务器连接成功
2018-05-16 14:04:18,467  INFO: CTP	交易服务器连接断开
2018-05-16 14:04:18,502  INFO: CTP	交易服务器连接成功
2018-05-16 14:04:19,135  INFO: CTP	交易服务器连接断开
2018-05-16 14:04:19,303  INFO: CTP	交易服务器连接成功
2018-05-16 14:04:19,309  INFO: CTP	交易服务器连接断开
2018-05-16 14:04:19,345  INFO: CTP	交易服务器连接成功
2018-05-16 14:04:19,378  INFO: CTP	交易服务器连接断开
2018-05-16 14:04:19,413  INFO: CTP	交易服务器连接成功
2018-05-16 14:04:19,479  INFO: CTP	交易服务器连接断开
2018-05-16 14:04:19,496  INFO: CTP	交易服务器连接成功
2018-05-16 14:04:19,530  INFO: CTP	交易服务器连接断开
2018-05-16 14:04:19,568  INFO: CTP	交易服务器连接成功
2018-05-16 14:04:19,602  INFO: CTP	交易服务器连接断开
2018-05-16 14:04:19,671  INFO: CTP	交易服务器连接成功
2018-05-16 14:04:19,674  INFO: CTP	交易服务器连接断开
2018-05-16 14:04:19,710  INFO: CTP	交易服务器连接成功
2018-05-16 14:04:19,744  INFO: CTP	交易服务器连接断开
2018-05-16 14:04:19,778  INFO: CTP	交易服务器连接成功
2018-05-16 14:04:19,812  INFO: CTP	交易服务器连接断开
2018-05-16 14:04:19,829  INFO: CTP	交易服务器连接成功
2018-05-16 14:04:19,865  INFO: CTP	交易服务器连接断开
2018-05-16 14:04:19,898  INFO: CTP	交易服务器连接成功
2018-05-16 14:04:19,933  INFO: CTP	交易服务器连接断开
2018-05-16 14:04:22,970  INFO: CTP	交易服务器连接成功
2018-05-16 14:04:22,997  INFO: CTP	交易服务器连接断开
2018-05-16 14:04:23,063  INFO: CTP	交易服务器连接成功
2018-05-16 14:04:23,065  INFO: CTP	交易服务器连接断开
2018-05-16 14:04:23,104  INFO: CTP	交易服务器连接成功
2018-05-16 14:04:23,138  INFO: CTP	交易服务器连接断开
2018-05-16 14:04:26,203  INFO: CTP	交易服务器连接成功
2018-05-16 14:04:26,213  INFO: CTP	交易服务器连接断开
2018-05-16 14:04:26,279  INFO: CTP	交易服务器连接成功
2018-05-16 14:04:26,395  INFO: CTP	交易服务器连接断开
2018-05-16 14:04:26,562  INFO: CTP	交易服务器连接成功
2018-05-16 14:04:26,581  INFO: CTP	交易服务器连接断开
2018-05-16 14:04:26,648  INFO: CTP	交易服务器连接成功
2018-05-16 14:04:26,651  INFO: CTP	交易服务器连接断开
2018-05-16 14:04:26,687  INFO: CTP	交易服务器连接成功
2018-05-16 14:04:26,720  INFO: CTP	交易服务器连接断开
2018-05-16 14:04:26,786  INFO: CTP	交易服务器连接成功
2018-05-16 14:04:26,789  INFO: CTP	交易服务器连接断开
2018-05-16 14:04:26,825  INFO: CTP	交易服务器连接成功
2018-05-16 14:04:26,868  INFO: CTP	交易服务器连接断开
2018-05-16 14:04:26,901  INFO: CTP	交易服务器连接成功
2018-05-16 14:04:26,920  INFO: CTP	交易服务器连接断开
2018-05-16 14:04:26,953  INFO: CTP	交易服务器连接成功
2018-05-16 14:04:27,019  INFO: CTP	交易服务器连接断开
2018-05-16 14:04:30,049  INFO: CTP	交易服务器连接成功
2018-05-16 14:04:30,066  INFO: CTP	交易服务器连接断开
2018-05-16 14:04:30,132  INFO: CTP	交易服务器连接成功
2018-05-16 14:04:30,140  INFO: CTP	交易服务器连接断开
2018-05-16 14:04:30,207  INFO: CTP	交易服务器连接成功
2018-05-16 14:04:30,213  INFO: CTP	交易服务器连接断开
2018-05-16 14:04:30,289  INFO: CTP	交易服务器连接成功
2018-05-16 14:04:30,293  INFO: CTP	交易服务器连接断开
2018-05-16 14:04:30,329  INFO: CTP	交易服务器连接成功
2018-05-16 14:04:30,397  INFO: CTP	交易服务器连接断开
2018-05-16 14:04:30,433  INFO: CTP	交易服务器连接成功
2018-05-16 14:04:30,467  INFO: CTP	交易服务器连接断开
2018-05-16 14:04:30,500  INFO: CTP	交易服务器连接成功
2018-05-16 14:04:30,533  INFO: CTP	交易服务器连接断开
2018-05-16 14:04:30,602  INFO: CTP	交易服务器连接成功
2018-05-16 14:04:30,608  INFO: CTP	交易服务器连接断开
2018-05-16 14:04:30,647  INFO: CTP	交易服务器连接成功
2018-05-16 14:04:30,683  INFO: CTP	交易服务器连接断开
2018-05-16 14:04:30,717  INFO: CTP	交易服务器连接成功
2018-05-16 14:04:30,752  INFO: CTP	交易服务器连接断开
2018-05-16 14:04:30,786  INFO: CTP	交易服务器连接成功
2018-05-16 14:04:31,151  INFO: CTP	交易服务器连接断开
2018-05-16 14:04:31,187  INFO: CTP	交易服务器连接成功
2018-05-16 14:04:31,221  INFO: CTP	交易服务器连接断开
2018-05-16 14:04:31,288  INFO: CTP	交易服务器连接成功
2018-05-16 14:04:31,296  INFO: CTP	交易服务器连接断开
2018-05-16 14:04:31,339  INFO: CTP	交易服务器连接成功
2018-05-16 14:04:31,374  INFO: CTP	交易服务器连接断开
2018-05-16 14:04:31,539  INFO: CTP	交易服务器连接成功
2018-05-16 14:04:31,573  INFO: CTP	交易服务器连接断开
2018-05-16 14:04:31,608  INFO: CTP	交易服务器连接成功
2018-05-16 14:04:31,642  INFO: CTP	交易服务器连接断开
2018-05-16 14:04:31,709  INFO: CTP	交易服务器连接成功
2018-05-16 14:04:31,713  INFO: CTP	交易服务器连接断开
2018-05-16 14:04:31,755  INFO: CTP	交易服务器连接成功
2018-05-16 14:04:31,789  INFO: CTP	交易服务器连接断开
2018-05-16 14:04:31,904  INFO: CTP	交易服务器连接成功
2018-05-16 14:04:31,911  INFO: CTP	交易服务器连接断开
2018-05-16 14:04:31,946  INFO: CTP	交易服务器连接成功
2018-05-16 14:04:32,012  INFO: CTP	交易服务器连接断开
2018-05-16 14:04:35,128  INFO: CTP	交易服务器连接成功
2018-05-16 14:04:35,194  INFO: CTP	交易服务器连接断开
2018-05-16 14:04:35,229  INFO: CTP	交易服务器连接成功
2018-05-16 14:04:35,246  INFO: CTP	交易服务器连接断开
2018-05-16 14:04:38,397  INFO: CTP	交易服务器连接成功
2018-05-16 14:04:38,414  INFO: CTP	交易服务器连接断开
2018-05-16 14:04:38,448  INFO: CTP	交易服务器连接成功
2018-05-16 14:04:38,482  INFO: CTP	交易服务器连接断开
2018-05-16 14:04:38,516  INFO: CTP	交易服务器连接成功
2018-05-16 14:04:38,920  INFO: CTP	交易服务器连接断开
2018-05-16 14:04:38,953  INFO: CTP	交易服务器连接成功
2018-05-16 14:04:38,987  INFO: CTP	交易服务器连接断开
2018-05-16 14:04:39,022  INFO: CTP	交易服务器连接成功
2018-05-16 14:04:39,055  INFO: CTP	交易服务器连接断开
2018-05-16 14:04:39,076  INFO: CTP	交易服务器连接成功
2018-05-16 14:04:39,108  INFO: CTP	交易服务器连接断开
2018-05-16 14:04:39,144  INFO: CTP	交易服务器连接成功
2018-05-16 14:04:39,211  INFO: CTP	交易服务器连接断开
2018-05-16 14:04:42,219  INFO: CTP	交易服务器连接成功
2018-05-16 14:04:42,286  INFO: CTP	交易服务器登录完成
2018-05-16 14:04:42,766  INFO: CTP	结算信息确认完成
2018-05-16 14:04:43,815  INFO: CTP	交易合约信息获取完成
2018-05-16 14:22:08,095  INFO: CTP	交易服务器连接断开
2018-05-16 14:22:13,141  INFO: CTP	行情服务器连接成功
2018-05-16 14:22:13,160  INFO: CTP	行情服务器登录完成
2018-05-16 14:22:18,141  INFO: CTP	交易服务器连接成功
2018-05-16 14:22:18,144  INFO: CTP	交易服务器连接断开
2018-05-16 14:22:18,213  INFO: CTP	交易服务器连接成功
2018-05-16 14:22:18,221  INFO: CTP	交易服务器连接断开
2018-05-16 14:22:18,286  INFO: CTP	交易服务器连接成功
2018-05-16 14:22:18,306  INFO: CTP	交易服务器连接断开
2018-05-16 14:22:18,897  INFO: CTP	交易服务器连接成功
2018-05-16 14:22:18,904  INFO: CTP	交易服务器连接断开
2018-05-16 14:22:18,970  INFO: CTP	交易服务器连接成功
2018-05-16 14:22:18,980  INFO: CTP	交易服务器连接断开
2018-05-16 14:22:19,023  INFO: CTP	交易服务器连接成功
2018-05-16 14:22:19,056  INFO: CTP	交易服务器连接断开
2018-05-16 14:22:19,140  INFO: CTP	交易服务器连接成功
2018-05-16 14:22:19,371  INFO: CTP	交易服务器连接断开
2018-05-16 14:22:19,915  INFO: CTP	行情服务器连接断开
2018-05-16 14:22:59,394  INFO: CTP	交易服务器连接成功
2018-05-16 14:22:59,730  INFO: CTP	交易服务器连接断开
2018-05-16 14:22:59,744  INFO: CTP	交易服务器连接成功
2018-05-16 14:22:59,812  INFO: CTP	交易服务器连接断开
2018-05-16 14:22:59,862  INFO: CTP	交易服务器连接成功
2018-05-16 14:22:59,901  INFO: CTP	交易服务器连接断开
2018-05-16 14:23:00,017  INFO: CTP	交易服务器连接成功
2018-05-16 14:23:00,085  INFO: CTP	交易服务器连接断开
2018-05-16 14:23:00,107  INFO: CTP	交易服务器连接成功
2018-05-16 14:23:00,279  INFO: CTP	交易服务器连接断开
2018-05-16 14:23:00,400  INFO: CTP	交易服务器连接成功
2018-05-16 14:23:31,598  INFO: CTP	交易服务器连接断开
2018-05-16 14:23:31,631  INFO: CTP	交易服务器连接成功
2018-05-16 14:23:31,670  INFO: CTP	交易服务器连接断开
2018-05-16 14:23:31,785  INFO: CTP	交易服务器连接成功
2018-05-16 14:23:31,818  INFO: CTP	交易服务器连接断开
2018-05-16 14:23:31,983  INFO: CTP	交易服务器连接成功
2018-05-16 14:23:32,032  INFO: CTP	交易服务器连接断开
2018-05-16 14:23:32,197  INFO: CTP	交易服务器连接成功
2018-05-16 14:23:32,267  INFO: CTP	交易服务器连接断开
2018-05-16 14:23:32,440  INFO: CTP	交易服务器连接成功
2018-05-16 14:23:33,055  INFO: CTP	交易服务器连接断开
2018-05-16 14:23:33,062  INFO: CTP	交易服务器连接成功
2018-05-16 14:23:33,177  INFO: CTP	交易服务器连接断开
2018-05-16 14:23:33,296  INFO: CTP	交易服务器连接成功
2018-05-16 14:23:33,328  INFO: CTP	交易服务器连接断开
2018-05-16 14:23:33,493  INFO: CTP	交易服务器连接成功
2018-05-16 14:23:33,513  INFO: CTP	交易服务器连接断开
2018-05-16 14:23:33,578  INFO: CTP	交易服务器连接成功
2018-05-16 14:23:33,694  INFO: CTP	交易服务器连接断开
2018-05-16 14:23:33,759  INFO: CTP	交易服务器连接成功
2018-05-16 14:23:33,936  INFO: CTP	交易服务器连接断开
2018-05-16 14:23:34,115  INFO: CTP	交易服务器连接成功
2018-05-16 14:23:34,148  INFO: CTP	交易服务器连接断开
2018-05-16 14:23:34,417  INFO: CTP	交易服务器连接成功
2018-05-16 14:24:26,108  INFO: CTP	交易服务器连接断开
2018-05-16 14:24:26,226  INFO: CTP	交易服务器连接成功
2018-05-16 14:24:26,259  INFO: CTP	交易服务器连接断开
2018-05-16 14:24:26,323  INFO: CTP	交易服务器连接成功
2018-05-16 14:24:26,357  INFO: CTP	交易服务器连接断开
2018-05-16 14:24:26,421  INFO: CTP	交易服务器连接成功
2018-05-16 14:24:26,903  INFO: CTP	交易服务器连接断开
2018-05-16 14:24:27,019  INFO: CTP	交易服务器连接成功
2018-05-16 14:24:27,053  INFO: CTP	交易服务器连接断开
2018-05-16 14:24:27,119  INFO: CTP	交易服务器连接成功
2018-05-16 14:24:27,187  INFO: CTP	交易服务器连接断开
2018-05-16 14:24:27,401  INFO: CTP	交易服务器连接成功
2018-05-16 14:24:27,411  INFO: CTP	交易服务器连接断开
2018-05-16 14:24:30,561  INFO: CTP	交易服务器连接成功
2018-05-16 14:24:30,588  INFO: CTP	交易服务器连接断开
2018-05-16 14:24:30,630  INFO: CTP	交易服务器连接成功
2018-05-16 14:24:30,663  INFO: CTP	交易服务器连接断开
2018-05-16 14:24:30,696  INFO: CTP	交易服务器连接成功
2018-05-16 14:24:30,760  INFO: CTP	交易服务器连接断开
2018-05-16 14:24:30,773  INFO: CTP	交易服务器连接成功
2018-05-16 14:24:30,805  INFO: CTP	交易服务器连接断开
2018-05-16 14:24:30,845  INFO: CTP	交易服务器连接成功
2018-05-16 14:24:30,881  INFO: CTP	交易服务器连接断开
2018-05-16 14:24:30,914  INFO: CTP	交易服务器连接成功
2018-05-16 14:24:30,947  INFO: CTP	交易服务器连接断开
2018-05-16 14:24:34,025  INFO: CTP	交易服务器连接成功
2018-05-16 14:24:34,042  INFO: CTP	交易服务器连接断开
2018-05-16 14:24:34,107  INFO: CTP	交易服务器连接成功
2018-05-16 14:24:34,141  INFO: CTP	交易服务器连接断开
2018-05-16 14:24:34,174  INFO: CTP	交易服务器连接成功
2018-05-16 14:24:34,207  INFO: CTP	交易服务器连接断开
2018-05-16 14:24:34,273  INFO: CTP	交易服务器连接成功
2018-05-16 14:24:34,298  INFO: CTP	交易服务器连接断开
2018-05-16 14:24:34,331  INFO: CTP	交易服务器连接成功
2018-05-16 14:24:34,496  INFO: CTP	交易服务器连接断开
2018-05-16 14:24:34,565  INFO: CTP	交易服务器连接成功
2018-05-16 14:24:34,569  INFO: CTP	交易服务器连接断开
2018-05-16 14:24:34,641  INFO: CTP	交易服务器连接成功
2018-05-16 14:24:34,658  INFO: CTP	交易服务器连接断开
2018-05-16 14:24:37,763  INFO: CTP	交易服务器连接成功
2018-05-16 14:24:37,933  INFO: CTP	交易服务器连接断开
2018-05-16 14:24:37,948  INFO: CTP	交易服务器连接成功
2018-05-16 14:24:38,118  INFO: CTP	交易服务器连接断开
2018-05-16 14:24:38,233  INFO: CTP	交易服务器连接成功
2018-05-16 14:24:38,266  INFO: CTP	交易服务器连接断开
2018-05-16 14:24:38,301  INFO: CTP	交易服务器连接成功
2018-05-16 14:24:38,334  INFO: CTP	交易服务器连接断开
2018-05-16 14:24:38,403  INFO: CTP	交易服务器连接成功
2018-05-16 14:24:38,404  INFO: CTP	交易服务器连接断开
2018-05-16 14:24:38,450  INFO: CTP	交易服务器连接成功
2018-05-16 14:24:39,382  INFO: CTP	交易服务器连接断开
2018-05-16 14:24:39,415  INFO: CTP	交易服务器连接成功
2018-05-16 14:24:39,634  INFO: CTP	交易服务器连接断开
2018-05-16 14:24:39,673  INFO: CTP	交易服务器连接成功
2018-05-16 14:24:39,788  INFO: CTP	交易服务器连接断开
2018-05-16 14:24:40,236  INFO: CTP	交易服务器连接成功
2018-05-16 14:26:08,341  INFO: CTP	交易服务器连接断开
2018-05-16 14:26:08,358  INFO: CTP	交易服务器连接成功
2018-05-16 14:26:08,424  INFO: CTP	交易服务器连接断开
2018-05-16 14:26:08,441  INFO: CTP	交易服务器连接成功
2018-05-16 14:26:08,482  INFO: CTP	交易服务器连接断开
2018-05-16 14:26:08,516  INFO: CTP	交易服务器连接成功
2018-05-16 14:26:09,091  INFO: CTP	交易服务器连接断开
2018-05-16 14:26:09,096  INFO: CTP	交易服务器连接成功
2018-05-16 14:26:09,161  INFO: CTP	交易服务器连接断开
2018-05-16 14:26:09,236  INFO: CTP	交易服务器连接成功
2018-05-16 14:26:09,276  INFO: CTP	交易服务器连接断开
2018-05-16 14:26:09,316  INFO: CTP	交易服务器连接成功
2018-05-16 14:26:09,355  INFO: CTP	交易服务器连接断开
2018-05-16 14:26:09,390  INFO: CTP	交易服务器连接成功
2018-05-16 14:26:09,454  INFO: CTP	交易服务器连接断开
2018-05-16 14:26:09,490  INFO: CTP	交易服务器连接成功
2018-05-16 14:26:09,555  INFO: CTP	交易服务器连接断开
2018-05-16 14:26:09,568  INFO: CTP	交易服务器连接成功
2018-05-16 14:26:09,884  INFO: CTP	交易服务器连接断开
2018-05-16 14:26:10,000  INFO: CTP	交易服务器连接成功
2018-05-16 14:26:10,020  INFO: CTP	交易服务器连接断开
2018-05-16 14:26:10,138  INFO: CTP	交易服务器连接成功
2018-05-16 14:26:10,142  INFO: CTP	交易服务器连接断开
2018-05-16 14:26:10,240  INFO: CTP	交易服务器连接成功
2018-05-16 14:26:10,309  INFO: CTP	交易服务器连接断开
2018-05-16 14:26:10,479  INFO: CTP	交易服务器连接成功
2018-05-16 14:26:10,490  INFO: CTP	交易服务器连接断开
2018-05-16 14:26:10,667  INFO: CTP	交易服务器连接成功
2018-05-16 14:26:10,683  INFO: CTP	交易服务器连接断开
2018-05-16 14:26:10,743  INFO: CTP	交易服务器连接成功
2018-05-16 14:26:10,760  INFO: CTP	交易服务器连接断开
2018-05-16 14:26:10,795  INFO: CTP	交易服务器连接成功
2018-05-16 14:26:10,862  INFO: CTP	交易服务器连接断开
2018-05-16 14:26:10,880  INFO: CTP	交易服务器连接成功
2018-05-16 14:26:10,913  INFO: CTP	交易服务器连接断开
2018-05-16 14:26:10,946  INFO: CTP	交易服务器连接成功
2018-05-16 14:26:11,023  INFO: CTP	交易服务器连接断开
2018-05-16 14:26:11,039  INFO: CTP	交易服务器连接成功
2018-05-16 14:26:11,210  INFO: CTP	交易服务器连接断开
2018-05-16 14:26:11,243  INFO: CTP	交易服务器连接成功
2018-05-16 14:26:11,311  INFO: CTP	交易服务器连接断开
2018-05-16 14:26:11,375  INFO: CTP	交易服务器连接成功
2018-05-16 14:26:11,414  INFO: CTP	交易服务器连接断开
2018-05-16 14:26:11,440  INFO: CTP	交易服务器连接成功
2018-05-16 14:26:11,516  INFO: CTP	交易服务器连接断开
2018-05-16 14:26:11,552  INFO: CTP	交易服务器连接成功
2018-05-16 14:26:11,622  INFO: CTP	交易服务器连接断开
2018-05-16 14:26:11,648  INFO: CTP	交易服务器连接成功
2018-05-16 14:26:11,714  INFO: CTP	交易服务器连接断开
2018-05-16 14:26:11,753  INFO: CTP	交易服务器连接成功
2018-05-16 14:26:11,868  INFO: CTP	交易服务器连接断开
2018-05-16 14:26:12,058  INFO: CTP	交易服务器连接成功
2018-05-16 14:26:12,229  INFO: CTP	交易服务器连接断开
2018-05-16 14:26:12,259  INFO: CTP	交易服务器连接成功
2018-05-16 14:26:12,325  INFO: CTP	交易服务器连接断开
2018-05-16 14:26:12,348  INFO: CTP	交易服务器连接成功
2018-05-16 14:26:12,532  INFO: CTP	交易服务器连接断开
2018-05-16 14:26:12,540  INFO: CTP	交易服务器连接成功
2018-05-16 14:26:12,579  INFO: CTP	交易服务器连接断开
2018-05-16 14:26:12,746  INFO: CTP	交易服务器连接成功
2018-05-16 14:26:12,749  INFO: CTP	交易服务器连接断开
2018-05-16 14:26:12,813  INFO: CTP	交易服务器连接成功
2018-05-16 14:26:12,846  INFO: CTP	交易服务器连接断开
2018-05-16 14:26:12,880  INFO: CTP	交易服务器连接成功
2018-05-16 14:26:12,913  INFO: CTP	交易服务器连接断开
2018-05-16 14:26:12,948  INFO: CTP	交易服务器连接成功
2018-05-16 14:26:12,982  INFO: CTP	交易服务器连接断开
2018-05-16 14:26:13,147  INFO: CTP	交易服务器连接成功
2018-05-16 14:26:13,213  INFO: CTP	交易服务器连接断开
2018-05-16 14:26:13,293  INFO: CTP	交易服务器连接成功
2018-05-16 14:26:13,313  INFO: CTP	交易服务器连接断开
2018-05-16 14:26:13,352  INFO: CTP	交易服务器连接成功
2018-05-16 14:26:13,421  INFO: CTP	交易服务器连接断开
2018-05-16 14:26:16,483  INFO: CTP	交易服务器连接成功
2018-05-16 14:26:16,490  INFO: CTP	交易服务器连接断开
2018-05-16 14:26:16,559  INFO: CTP	交易服务器连接成功
2018-05-16 14:26:16,592  INFO: CTP	交易服务器连接断开
2018-05-16 14:26:16,661  INFO: CTP	交易服务器连接成功
2018-05-16 14:26:16,726  INFO: CTP	交易服务器连接断开
2018-05-16 14:26:16,759  INFO: CTP	交易服务器连接成功
2018-05-16 14:26:16,841  INFO: CTP	交易服务器连接断开
2018-05-16 14:26:16,871  INFO: CTP	交易服务器连接成功
2018-05-16 14:26:16,915  INFO: CTP	交易服务器连接断开
2018-05-16 14:26:16,963  INFO: CTP	交易服务器连接成功
2018-05-16 14:26:16,976  INFO: CTP	交易服务器连接断开
2018-05-16 14:26:17,142  INFO: CTP	交易服务器连接成功
2018-05-16 14:26:17,176  INFO: CTP	交易服务器连接断开
2018-05-16 14:26:17,240  INFO: CTP	交易服务器连接成功
2018-05-16 14:26:17,257  INFO: CTP	交易服务器连接断开
2018-05-16 14:26:17,298  INFO: CTP	交易服务器连接成功
2018-05-16 14:26:17,463  INFO: CTP	交易服务器连接断开
2018-05-16 14:26:17,483  INFO: CTP	交易服务器连接成功
2018-05-16 14:26:17,601  INFO: CTP	交易服务器连接断开
2018-05-16 14:26:17,665  INFO: CTP	交易服务器连接成功
2018-05-16 14:26:17,730  INFO: CTP	交易服务器连接断开
2018-05-16 14:26:17,851  INFO: CTP	交易服务器连接成功
2018-05-16 14:26:18,019  INFO: CTP	交易服务器连接断开
2018-05-16 14:26:18,056  INFO: CTP	交易服务器连接成功
2018-05-16 14:26:18,091  INFO: CTP	交易服务器连接断开
2018-05-16 14:26:18,124  INFO: CTP	交易服务器连接成功
2018-05-16 14:26:18,188  INFO: CTP	交易服务器连接断开
2018-05-16 14:26:18,206  INFO: CTP	交易服务器连接成功
2018-05-16 14:26:18,351  INFO: CTP	交易服务器连接断开
2018-05-16 14:26:18,417  INFO: CTP	交易服务器连接成功
2018-05-16 14:26:18,434  INFO: CTP	交易服务器连接断开
2018-05-16 14:26:21,503  INFO: CTP	交易服务器连接成功
2018-05-16 14:26:21,671  INFO: CTP	交易服务器连接断开
2018-05-16 14:26:21,737  INFO: CTP	交易服务器连接成功
2018-05-16 14:26:21,802  INFO: CTP	交易服务器连接断开
2018-05-16 14:26:22,019  INFO: CTP	交易服务器连接成功
2018-05-16 14:26:22,137  INFO: CTP	交易服务器连接断开
2018-05-16 14:26:22,206  INFO: CTP	交易服务器连接成功
2018-05-16 14:28:23,230  INFO: CTP	交易服务器连接断开
2018-05-16 14:28:33,776  INFO: CTP	交易服务器连接成功
2018-05-16 14:28:34,404  INFO: CTP	交易服务器连接断开
2018-05-16 14:28:48,358  INFO: CTP	交易服务器连接成功
2018-05-16 14:28:49,595  INFO: CTP	交易服务器连接断开
2018-05-16 14:28:50,634  INFO: CTP	交易服务器连接成功
2018-05-16 14:28:52,115  INFO: CTP	交易服务器连接断开
2018-05-16 14:29:03,645  INFO: CTP	交易服务器连接成功
2018-05-16 14:29:05,480  INFO: CTP	交易服务器连接断开
2018-05-16 14:29:19,658  INFO: CTP	交易服务器连接成功
2018-05-16 14:29:20,038  INFO: CTP	交易服务器连接断开
2018-05-16 14:29:20,364  INFO: CTP	交易服务器连接成功
2018-05-16 14:29:20,869  INFO: CTP	交易服务器连接断开
2018-05-16 14:29:41,559  INFO: CTP	交易服务器连接成功
2018-05-16 14:29:42,404  INFO: CTP	交易服务器连接断开
2018-05-16 14:29:43,533  INFO: CTP	交易服务器连接成功
2018-05-16 14:29:44,766  INFO: CTP	交易服务器连接断开
2018-05-16 14:29:48,815  INFO: CTP	交易服务器连接成功
2018-05-16 14:29:50,298  INFO: CTP	交易服务器连接断开
2018-05-16 14:29:55,282  INFO: CTP	交易服务器连接成功
2018-05-16 14:29:56,075  INFO: CTP	交易服务器连接断开
2018-05-16 14:29:57,690  INFO: CTP	交易服务器连接成功
2018-05-16 14:29:59,303  INFO: CTP	交易服务器连接断开
2018-05-16 14:30:04,035  INFO: CTP	交易服务器连接成功
2018-05-16 14:30:04,401  INFO: CTP	交易服务器连接断开
2018-05-16 14:30:05,233  INFO: CTP	交易服务器连接成功
2018-05-16 14:32:06,229  INFO: CTP	交易服务器连接断开
2018-05-16 14:32:06,346  INFO: CTP	交易服务器连接成功
2018-05-16 14:32:06,384  INFO: CTP	交易服务器连接断开
2018-05-16 14:32:06,602  INFO: CTP	交易服务器连接成功
2018-05-16 14:32:06,635  INFO: CTP	交易服务器连接断开
2018-05-16 14:32:09,677  INFO: CTP	交易服务器连接成功
2018-05-16 14:32:09,796  INFO: CTP	交易服务器连接断开
2018-05-16 14:32:12,828  INFO: CTP	交易服务器连接成功
2018-05-16 14:32:12,838  INFO: CTP	交易服务器连接断开
2018-05-16 14:32:12,871  INFO: CTP	交易服务器连接成功
2018-05-16 14:32:12,904  INFO: CTP	交易服务器连接断开
2018-05-16 14:32:12,937  INFO: CTP	交易服务器连接成功
2018-05-16 14:32:12,970  INFO: CTP	交易服务器连接断开
2018-05-16 14:32:13,036  INFO: CTP	交易服务器连接成功
2018-05-16 14:32:13,203  INFO: CTP	交易服务器连接断开
2018-05-16 14:32:13,210  INFO: CTP	交易服务器连接成功
2018-05-16 14:32:13,244  INFO: CTP	交易服务器连接断开
2018-05-16 14:32:13,278  INFO: CTP	交易服务器连接成功
2018-05-16 14:32:13,493  INFO: CTP	交易服务器连接断开
2018-05-16 14:32:13,510  INFO: CTP	交易服务器连接成功
2018-05-16 14:32:13,676  INFO: CTP	交易服务器连接断开
2018-05-16 14:32:13,711  INFO: CTP	交易服务器连接成功
2018-05-16 14:32:13,878  INFO: CTP	交易服务器连接断开
2018-05-16 14:32:14,051  INFO: CTP	交易服务器连接成功
2018-05-16 14:32:14,068  INFO: CTP	交易服务器连接断开
2018-05-16 14:32:17,256  INFO: CTP	交易服务器连接成功
2018-05-16 14:32:17,387  INFO: CTP	交易服务器连接断开
2018-05-16 14:32:17,401  INFO: CTP	交易服务器连接成功
2018-05-16 14:32:17,466  INFO: CTP	交易服务器连接断开
2018-05-16 14:32:20,628  INFO: CTP	交易服务器连接成功
2018-05-16 14:32:20,637  INFO: CTP	交易服务器连接断开
2018-05-16 14:32:20,713  INFO: CTP	交易服务器连接成功
2018-05-16 14:32:20,730  INFO: CTP	交易服务器连接断开
2018-05-16 14:32:23,773  INFO: CTP	交易服务器连接成功
2018-05-16 14:32:23,793  INFO: CTP	交易服务器连接断开
2018-05-16 14:32:23,862  INFO: CTP	交易服务器连接成功
2018-05-16 14:32:23,977  INFO: CTP	交易服务器连接断开
2018-05-16 14:32:24,012  INFO: CTP	交易服务器连接成功
2018-05-16 14:32:24,177  INFO: CTP	交易服务器连接断开
2018-05-16 14:32:37,220  INFO: CTP	交易服务器连接成功
2018-05-16 14:32:37,232  INFO: CTP	交易服务器连接断开
2018-05-16 14:32:37,303  INFO: CTP	交易服务器连接成功
2018-05-16 14:32:37,325  INFO: CTP	交易服务器连接断开
2018-05-16 14:32:37,401  INFO: CTP	交易服务器连接成功
2018-05-16 14:32:37,418  INFO: CTP	交易服务器连接断开
2018-05-16 14:32:37,489  INFO: CTP	交易服务器连接成功
2018-05-16 14:32:37,506  INFO: CTP	交易服务器连接断开
2018-05-16 14:32:37,586  INFO: CTP	交易服务器连接成功
2018-05-16 14:32:37,589  INFO: CTP	交易服务器连接断开
2018-05-16 14:32:37,665  INFO: CTP	交易服务器连接成功
2018-05-16 14:32:37,676  INFO: CTP	交易服务器连接断开
2018-05-16 14:32:37,710  INFO: CTP	交易服务器连接成功
2018-05-16 14:32:37,779  INFO: CTP	交易服务器连接断开
2018-05-16 14:32:37,803  INFO: CTP	交易服务器连接成功
2018-05-16 14:32:37,825  INFO: CTP	交易服务器连接断开
2018-05-16 14:32:37,891  INFO: CTP	交易服务器连接成功
2018-05-16 14:32:37,904  INFO: CTP	交易服务器连接断开
2018-05-16 14:32:37,941  INFO: CTP	交易服务器连接成功
2018-05-16 14:32:38,025  INFO: CTP	交易服务器连接断开
2018-05-16 14:32:38,112  INFO: CTP	交易服务器连接成功
2018-05-16 14:32:38,118  INFO: CTP	交易服务器连接断开
2018-05-16 14:32:38,186  INFO: CTP	交易服务器连接成功
2018-05-16 14:32:38,358  INFO: CTP	交易服务器连接断开
2018-05-16 14:32:38,480  INFO: CTP	交易服务器连接成功
2018-05-16 14:32:38,677  INFO: CTP	交易服务器连接断开
2018-05-16 14:32:38,726  INFO: CTP	交易服务器连接成功
2018-05-16 14:32:38,730  INFO: CTP	交易服务器连接断开
2018-05-16 14:32:38,796  INFO: CTP	交易服务器连接成功
2018-05-16 14:32:38,819  INFO: CTP	交易服务器连接断开
2018-05-16 14:32:38,861  INFO: CTP	交易服务器连接成功
2018-05-16 14:32:39,418  INFO: CTP	交易服务器连接断开
2018-05-16 14:32:39,427  INFO: CTP	交易服务器连接成功
2018-05-16 14:32:39,460  INFO: CTP	交易服务器连接断开
2018-05-16 14:32:39,588  INFO: CTP	交易服务器连接成功
2018-05-16 14:32:39,592  INFO: CTP	交易服务器连接断开
2018-05-16 14:32:39,809  INFO: CTP	交易服务器连接成功
2018-05-16 14:32:39,844  INFO: CTP	交易服务器连接断开
2018-05-16 14:32:39,970  INFO: CTP	交易服务器连接成功
2018-05-16 14:32:40,273  INFO: CTP	交易服务器连接断开
2018-05-16 14:32:40,288  INFO: CTP	交易服务器连接成功
2018-05-16 14:32:40,329  INFO: CTP	交易服务器连接断开
2018-05-16 14:32:40,338  INFO: CTP	交易服务器连接成功
2018-05-16 14:32:40,364  INFO: CTP	交易服务器连接断开
2018-05-16 14:32:40,448  INFO: CTP	交易服务器连接成功
2018-05-16 14:32:40,450  INFO: CTP	交易服务器连接断开
2018-05-16 14:32:40,516  INFO: CTP	交易服务器连接成功
2018-05-16 14:32:40,517  INFO: CTP	交易服务器连接断开
2018-05-16 14:32:40,585  INFO: CTP	交易服务器连接成功
2018-05-16 14:32:40,654  INFO: CTP	交易服务器连接断开
2018-05-16 14:32:40,690  INFO: CTP	交易服务器连接成功
2018-05-16 14:32:40,713  INFO: CTP	交易服务器连接断开
2018-05-16 14:32:40,746  INFO: CTP	交易服务器连接成功
2018-05-16 14:32:40,815  INFO: CTP	交易服务器连接断开
2018-05-16 14:32:40,835  INFO: CTP	交易服务器连接成功
2018-05-16 14:32:40,868  INFO: CTP	交易服务器连接断开
2018-05-16 14:32:41,049  INFO: CTP	交易服务器连接成功
2018-05-16 14:32:41,072  INFO: CTP	交易服务器连接断开
2018-05-16 14:32:41,114  INFO: CTP	交易服务器连接成功
2018-05-16 14:32:41,148  INFO: CTP	交易服务器连接断开
2018-05-16 14:32:41,223  INFO: CTP	交易服务器连接成功
2018-05-16 14:32:41,259  INFO: CTP	交易服务器连接断开
2018-05-16 14:32:41,308  INFO: CTP	交易服务器连接成功
2018-05-16 14:32:41,375  INFO: CTP	交易服务器连接断开
2018-05-16 14:32:41,454  INFO: CTP	交易服务器连接成功
2018-05-16 14:32:41,490  INFO: CTP	交易服务器连接断开
2018-05-16 14:32:41,569  INFO: CTP	交易服务器连接成功
2018-05-16 14:32:41,624  INFO: CTP	交易服务器连接断开
2018-05-16 14:32:41,665  INFO: CTP	交易服务器连接成功
2018-05-16 14:32:41,694  INFO: CTP	交易服务器连接断开
2018-05-16 14:32:41,786  INFO: CTP	交易服务器连接成功
2018-05-16 14:32:41,789  INFO: CTP	交易服务器连接断开
2018-05-16 14:32:41,867  INFO: CTP	交易服务器连接成功
2018-05-16 14:32:41,996  INFO: CTP	交易服务器连接断开
2018-05-16 14:32:42,184  INFO: CTP	交易服务器连接成功
2018-05-16 14:32:42,368  INFO: CTP	交易服务器连接断开
2018-05-16 14:32:42,380  INFO: CTP	交易服务器连接成功
2018-05-16 14:32:42,388  INFO: CTP	交易服务器连接断开
2018-05-16 14:32:42,460  INFO: CTP	交易服务器连接成功
2018-05-16 14:32:42,588  INFO: CTP	交易服务器连接断开
2018-05-16 14:32:42,625  INFO: CTP	交易服务器连接成功
2018-05-16 14:32:42,690  INFO: CTP	交易服务器连接断开
2018-05-16 14:32:42,723  INFO: CTP	交易服务器连接成功
2018-05-16 14:32:42,740  INFO: CTP	交易服务器连接断开
2018-05-16 14:32:42,773  INFO: CTP	交易服务器连接成功
2018-05-16 14:32:42,839  INFO: CTP	交易服务器连接断开
2018-05-16 14:32:42,851  INFO: CTP	交易服务器连接成功
2018-05-16 14:32:42,887  INFO: CTP	交易服务器连接断开
2018-05-16 14:32:42,950  INFO: CTP	交易服务器连接成功
2018-05-16 14:32:42,969  INFO: CTP	交易服务器连接断开
2018-05-16 14:32:43,002  INFO: CTP	交易服务器连接成功
2018-05-16 14:32:43,035  INFO: CTP	交易服务器连接断开
2018-05-16 14:32:43,099  INFO: CTP	交易服务器连接成功
2018-05-16 14:32:43,117  INFO: CTP	交易服务器连接断开
2018-05-16 14:32:43,150  INFO: CTP	交易服务器连接成功
2018-05-16 14:32:43,214  INFO: CTP	交易服务器连接断开
2018-05-16 14:32:43,234  INFO: CTP	交易服务器连接成功
2018-05-16 14:32:43,288  INFO: CTP	交易服务器连接断开
2018-05-16 14:32:43,326  INFO: CTP	交易服务器连接成功
2018-05-16 14:32:43,368  INFO: CTP	交易服务器连接断开
2018-05-16 14:32:43,388  INFO: CTP	交易服务器连接成功
2018-05-16 14:32:43,421  INFO: CTP	交易服务器连接断开
2018-05-16 14:32:43,466  INFO: CTP	交易服务器连接成功
2018-05-16 14:32:43,638  INFO: CTP	交易服务器连接断开
2018-05-16 14:32:43,857  INFO: CTP	交易服务器连接成功
2018-05-16 14:32:43,859  INFO: CTP	交易服务器连接断开
2018-05-16 14:32:43,892  INFO: CTP	交易服务器连接成功
2018-05-16 14:32:43,960  INFO: CTP	交易服务器连接断开
2018-05-16 14:32:44,092  INFO: CTP	交易服务器连接成功
2018-05-16 14:32:44,322  INFO: CTP	交易服务器连接断开
2018-05-16 14:32:44,344  INFO: CTP	交易服务器连接成功
2018-05-16 14:32:44,382  INFO: CTP	交易服务器连接断开
2018-05-16 14:32:44,421  INFO: CTP	交易服务器连接成功
2018-05-16 14:32:44,486  INFO: CTP	交易服务器连接断开
2018-05-16 14:32:44,510  INFO: CTP	交易服务器连接成功
2018-05-16 14:32:44,556  INFO: CTP	交易服务器连接断开
2018-05-16 14:32:44,589  INFO: CTP	交易服务器连接成功
2018-05-16 14:32:44,661  INFO: CTP	交易服务器连接断开
2018-05-16 14:32:44,694  INFO: CTP	交易服务器连接成功
2018-05-16 14:32:44,730  INFO: CTP	交易服务器连接断开
2018-05-16 14:32:44,795  INFO: CTP	交易服务器连接成功
2018-05-16 14:32:44,910  INFO: CTP	交易服务器连接断开
2018-05-16 14:32:44,976  INFO: CTP	交易服务器连接成功
2018-05-16 14:32:45,145  INFO: CTP	交易服务器连接断开
2018-05-16 14:32:45,154  INFO: CTP	交易服务器连接成功
2018-05-16 14:32:45,186  INFO: CTP	交易服务器连接断开
2018-05-16 14:32:45,250  INFO: CTP	交易服务器连接成功
2018-05-16 14:32:45,315  INFO: CTP	交易服务器连接断开
2018-05-16 14:32:45,381  INFO: CTP	交易服务器连接成功
2018-05-16 14:32:45,447  INFO: CTP	交易服务器连接断开
2018-05-16 14:32:45,519  INFO: CTP	交易服务器连接成功
2018-05-16 14:32:45,552  INFO: CTP	交易服务器连接断开
2018-05-16 14:32:45,625  INFO: CTP	交易服务器连接成功
2018-05-16 14:32:45,755  INFO: CTP	交易服务器连接断开
2018-05-16 14:32:49,486  INFO: CTP	交易服务器连接成功
2018-05-16 14:32:49,766  INFO: CTP	交易服务器连接断开
2018-05-16 14:32:53,250  INFO: CTP	交易服务器连接成功
2018-05-16 14:32:53,466  INFO: CTP	交易服务器连接断开
2018-05-16 14:32:53,502  INFO: CTP	交易服务器连接成功
2018-05-16 14:32:53,535  INFO: CTP	交易服务器连接断开
2018-05-16 14:32:53,750  INFO: CTP	交易服务器连接成功
2018-05-16 14:32:53,753  INFO: CTP	交易服务器连接断开
2018-05-16 14:32:53,786  INFO: CTP	交易服务器连接成功
2018-05-16 14:32:53,819  INFO: CTP	交易服务器连接断开
2018-05-16 14:32:53,854  INFO: CTP	交易服务器连接成功
2018-05-16 14:32:53,887  INFO: CTP	交易服务器连接断开
2018-05-16 14:32:53,920  INFO: CTP	交易服务器连接成功
2018-05-16 14:32:54,335  INFO: CTP	交易服务器连接断开
2018-05-16 14:32:54,502  INFO: CTP	交易服务器连接成功
2018-05-16 14:32:54,566  INFO: CTP	交易服务器连接断开
2018-05-16 14:32:54,586  INFO: CTP	交易服务器连接成功
2018-05-16 14:32:54,657  INFO: CTP	交易服务器连接断开
2018-05-16 14:32:54,690  INFO: CTP	交易服务器连接成功
2018-05-16 14:32:54,729  INFO: CTP	交易服务器连接断开
2018-05-16 14:32:54,762  INFO: CTP	交易服务器连接成功
2018-05-16 14:32:54,914  INFO: CTP	交易服务器连接断开
2018-05-16 14:32:54,920  INFO: CTP	交易服务器连接成功
2018-05-16 14:32:54,947  INFO: CTP	交易服务器连接断开
2018-05-16 14:32:55,063  INFO: CTP	交易服务器连接成功
2018-05-16 14:32:55,076  INFO: CTP	交易服务器连接断开
2018-05-16 14:32:55,144  INFO: CTP	交易服务器连接成功
2018-05-16 14:32:55,210  INFO: CTP	交易服务器连接断开
2018-05-16 14:32:55,255  INFO: CTP	交易服务器连接成功
2018-05-16 14:32:55,273  INFO: CTP	交易服务器连接断开
2018-05-16 14:32:55,441  INFO: CTP	交易服务器连接成功
2018-05-16 14:32:55,506  INFO: CTP	交易服务器连接断开
2018-05-16 14:32:55,622  INFO: CTP	交易服务器连接成功
2018-05-16 14:32:55,704  INFO: CTP	交易服务器连接断开
2018-05-16 14:32:55,716  INFO: CTP	交易服务器连接成功
2018-05-16 14:32:55,790  INFO: CTP	交易服务器连接断开
2018-05-16 14:32:55,812  INFO: CTP	交易服务器连接成功
2018-05-16 14:32:55,852  INFO: CTP	交易服务器连接断开
2018-05-16 14:32:55,903  INFO: CTP	交易服务器连接成功
2018-05-16 14:32:55,953  INFO: CTP	交易服务器连接断开
2018-05-16 14:32:59,559  INFO: CTP	交易服务器连接成功
2018-05-16 14:33:08,690  INFO: CTP	交易服务器连接断开
2018-05-16 14:33:08,857  INFO: CTP	交易服务器连接成功
2018-05-16 14:33:09,023  INFO: CTP	交易服务器连接断开
2018-05-16 14:33:12,092  INFO: CTP	交易服务器连接成功
2018-05-16 14:33:12,257  INFO: CTP	交易服务器连接断开
2018-05-16 14:33:12,375  INFO: CTP	交易服务器连接成功
2018-05-16 14:33:12,440  INFO: CTP	交易服务器连接断开
2018-05-16 14:33:12,707  INFO: CTP	交易服务器连接成功
2018-05-16 14:33:12,832  INFO: CTP	交易服务器连接断开
2018-05-16 14:33:12,973  INFO: CTP	交易服务器连接成功
2018-05-16 14:33:13,102  INFO: CTP	交易服务器连接断开
2018-05-16 14:33:13,219  INFO: CTP	交易服务器连接成功
2018-05-16 14:33:13,434  INFO: CTP	交易服务器连接断开
2018-05-16 14:33:13,505  INFO: CTP	交易服务器连接成功
2018-05-16 14:33:13,673  INFO: CTP	交易服务器连接断开
2018-05-16 14:33:13,788  INFO: CTP	交易服务器连接成功
2018-05-16 14:33:13,799  INFO: CTP	交易服务器连接断开
2018-05-16 14:33:13,865  INFO: CTP	交易服务器连接成功
2018-05-16 14:33:13,930  INFO: CTP	交易服务器连接断开
2018-05-16 14:33:14,095  INFO: CTP	交易服务器连接成功
2018-05-16 14:33:14,210  INFO: CTP	交易服务器连接断开
2018-05-16 14:33:14,680  INFO: CTP	交易服务器连接成功
2018-05-16 14:33:14,744  INFO: CTP	交易服务器连接断开
2018-05-16 14:33:14,861  INFO: CTP	交易服务器连接成功
2018-05-16 14:33:14,864  INFO: CTP	交易服务器连接断开
2018-05-16 14:33:15,145  INFO: CTP	交易服务器连接成功
2018-05-16 14:33:15,213  INFO: CTP	交易服务器连接断开
2018-05-16 14:33:15,285  INFO: CTP	交易服务器连接成功
2018-05-16 14:33:15,451  INFO: CTP	交易服务器连接断开
2018-05-16 14:33:18,586  INFO: CTP	交易服务器连接成功
2018-05-16 14:33:18,701  INFO: CTP	交易服务器连接断开
2018-05-16 14:33:21,832  INFO: CTP	交易服务器连接成功
2018-05-16 14:33:21,947  INFO: CTP	交易服务器连接断开
2018-05-16 14:33:22,220  INFO: CTP	交易服务器连接成功
2018-05-16 14:33:22,387  INFO: CTP	交易服务器连接断开
2018-05-16 14:33:22,503  INFO: CTP	交易服务器连接成功
2018-05-16 14:33:22,618  INFO: CTP	交易服务器连接断开
2018-05-16 14:33:22,983  INFO: CTP	交易服务器连接成功
2018-05-16 14:33:23,230  INFO: CTP	交易服务器连接断开
2018-05-16 14:33:23,397  INFO: CTP	交易服务器连接成功
2018-05-16 14:33:23,515  INFO: CTP	交易服务器连接断开
2018-05-16 14:33:23,730  INFO: CTP	交易服务器连接成功
2018-05-16 14:33:23,895  INFO: CTP	交易服务器连接断开
2018-05-16 14:33:24,069  INFO: CTP	交易服务器连接成功
2018-05-16 14:33:24,236  INFO: CTP	交易服务器连接断开
2018-05-16 14:33:24,351  INFO: CTP	交易服务器连接成功
2018-05-16 14:33:25,118  INFO: CTP	交易服务器连接断开
2018-05-16 14:33:25,299  INFO: CTP	交易服务器连接成功
2018-05-16 14:33:25,417  INFO: CTP	交易服务器连接断开
2018-05-16 14:33:25,532  INFO: CTP	交易服务器连接成功
2018-05-16 14:33:25,648  INFO: CTP	交易服务器连接断开
2018-05-16 14:33:25,763  INFO: CTP	交易服务器连接成功
2018-05-16 14:33:25,928  INFO: CTP	交易服务器连接断开
2018-05-16 14:33:26,095  INFO: CTP	交易服务器连接成功
2018-05-16 14:33:26,213  INFO: CTP	交易服务器连接断开
2018-05-16 14:33:26,336  INFO: CTP	交易服务器连接成功
2018-05-16 14:33:26,502  INFO: CTP	交易服务器连接断开
2018-05-16 14:33:26,618  INFO: CTP	交易服务器连接成功
2018-05-16 14:33:26,733  INFO: CTP	交易服务器连接断开
2018-05-16 14:33:26,848  INFO: CTP	交易服务器连接成功
2018-05-16 14:33:26,914  INFO: CTP	交易服务器连接断开
2018-05-16 14:33:27,030  INFO: CTP	交易服务器连接成功
2018-05-16 14:33:27,362  INFO: CTP	交易服务器连接断开
2018-05-16 14:33:27,730  INFO: CTP	交易服务器连接成功
2018-05-16 14:33:27,765  INFO: CTP	交易服务器连接断开
2018-05-16 14:33:27,829  INFO: CTP	交易服务器连接成功
2018-05-16 14:33:27,895  INFO: CTP	交易服务器连接断开
2018-05-16 14:33:28,015  INFO: CTP	交易服务器连接成功
2018-05-16 14:33:28,130  INFO: CTP	交易服务器连接断开
2018-05-16 14:33:28,163  INFO: CTP	交易服务器连接成功
2018-05-16 14:33:28,279  INFO: CTP	交易服务器连接断开
2018-05-16 14:33:28,282  INFO: CTP	交易服务器连接成功
2018-05-16 14:33:28,319  INFO: CTP	交易服务器连接断开
2018-05-16 14:33:28,351  INFO: CTP	交易服务器连接成功
2018-05-16 14:33:28,467  INFO: CTP	交易服务器连接断开
2018-05-16 14:33:28,586  INFO: CTP	交易服务器连接成功
2018-05-16 14:33:28,710  INFO: CTP	交易服务器连接断开
2018-05-16 14:33:31,857  INFO: CTP	交易服务器连接成功
2018-05-16 14:33:32,122  INFO: CTP	交易服务器连接断开
2018-05-16 14:33:32,288  INFO: CTP	交易服务器连接成功
2018-05-16 14:33:32,420  INFO: CTP	交易服务器连接断开
2018-05-16 14:33:36,073  INFO: CTP	交易服务器连接成功
2018-05-16 14:33:36,138  INFO: CTP	交易服务器连接断开
2018-05-16 14:33:36,148  INFO: CTP	交易服务器连接成功
2018-05-16 14:33:36,180  INFO: CTP	交易服务器连接断开
2018-05-16 14:33:36,246  INFO: CTP	交易服务器连接成功
2018-05-16 14:33:36,252  INFO: CTP	交易服务器连接断开
2018-05-16 14:33:36,316  INFO: CTP	交易服务器连接成功
2018-05-16 14:33:36,321  INFO: CTP	交易服务器连接断开
2018-05-16 14:33:40,296  INFO: CTP	交易服务器连接成功
2018-05-16 14:33:40,316  INFO: CTP	交易服务器连接断开
2018-05-16 14:33:40,466  INFO: CTP	交易服务器连接成功
2018-05-16 14:33:40,530  INFO: CTP	交易服务器连接断开
2018-05-16 14:33:43,690  INFO: CTP	交易服务器连接成功
2018-05-16 14:33:43,762  INFO: CTP	交易服务器连接断开
2018-05-16 14:33:43,944  INFO: CTP	交易服务器连接成功
2018-05-16 14:33:44,111  INFO: CTP	交易服务器连接断开
2018-05-16 14:33:44,293  INFO: CTP	交易服务器连接成功
2018-05-16 14:33:44,334  INFO: CTP	交易服务器连接断开
2018-05-16 14:33:44,368  INFO: CTP	交易服务器连接成功
2018-05-16 14:33:44,434  INFO: CTP	交易服务器连接断开
2018-05-16 14:33:47,585  INFO: CTP	交易服务器连接成功
2018-05-16 14:33:47,618  INFO: CTP	交易服务器连接断开
2018-05-16 14:33:47,788  INFO: CTP	交易服务器连接成功
2018-05-16 14:33:48,003  INFO: CTP	交易服务器连接断开
2018-05-16 14:33:48,119  INFO: CTP	交易服务器连接成功
2018-05-16 14:33:48,335  INFO: CTP	交易服务器连接断开
2018-05-16 14:33:48,345  INFO: CTP	交易服务器连接成功
2018-05-16 14:33:48,596  INFO: CTP	交易服务器连接断开
2018-05-16 14:33:48,634  INFO: CTP	交易服务器连接成功
2018-05-16 14:33:48,700  INFO: CTP	交易服务器连接断开
2018-05-16 14:33:48,734  INFO: CTP	交易服务器连接成功
2018-05-16 14:33:48,901  INFO: CTP	交易服务器连接断开
2018-05-16 14:33:48,904  INFO: CTP	交易服务器连接成功
2018-05-16 14:33:49,681  INFO: CTP	交易服务器连接断开
2018-05-16 14:33:49,733  INFO: CTP	交易服务器连接成功
2018-05-16 14:33:50,098  INFO: CTP	交易服务器连接断开
2018-05-16 14:33:50,263  INFO: CTP	交易服务器连接成功
2018-05-16 14:33:50,578  INFO: CTP	交易服务器连接断开
2018-05-16 14:33:50,793  INFO: CTP	交易服务器连接成功
2018-05-16 14:33:50,859  INFO: CTP	交易服务器连接断开
2018-05-16 14:33:51,026  INFO: CTP	交易服务器连接成功
2018-05-16 14:33:51,032  INFO: CTP	交易服务器连接断开
2018-05-16 14:33:51,066  INFO: CTP	交易服务器连接成功
2018-05-16 14:33:51,099  INFO: CTP	交易服务器连接断开
2018-05-16 14:33:51,265  INFO: CTP	交易服务器连接成功
2018-05-16 14:33:51,299  INFO: CTP	交易服务器连接断开
2018-05-16 14:33:51,326  INFO: CTP	交易服务器连接成功
2018-05-16 14:33:51,392  INFO: CTP	交易服务器连接断开
2018-05-16 14:33:55,760  INFO: CTP	交易服务器连接成功
2018-05-16 14:33:55,937  INFO: CTP	交易服务器连接断开
2018-05-16 14:33:55,944  INFO: CTP	交易服务器连接成功
2018-05-16 14:33:56,013  INFO: CTP	交易服务器连接断开
2018-05-16 14:33:56,030  INFO: CTP	交易服务器连接成功
2018-05-16 14:33:56,066  INFO: CTP	交易服务器连接断开
2018-05-16 14:33:56,099  INFO: CTP	交易服务器连接成功
2018-05-16 14:33:56,164  INFO: CTP	交易服务器连接断开
2018-05-16 14:33:56,285  INFO: CTP	交易服务器连接成功
2018-05-16 14:33:56,325  INFO: CTP	交易服务器连接断开
2018-05-16 14:33:56,493  INFO: CTP	交易服务器连接成功
2018-05-16 14:33:56,523  INFO: CTP	交易服务器连接断开
2018-05-16 14:33:56,591  INFO: CTP	交易服务器连接成功
2018-05-16 14:33:56,769  INFO: CTP	交易服务器连接断开
2018-05-16 14:33:56,770  INFO: CTP	交易服务器连接成功
2018-05-16 14:33:56,802  INFO: CTP	交易服务器连接断开
2018-05-16 14:33:56,967  INFO: CTP	交易服务器连接成功
2018-05-16 14:33:56,976  INFO: CTP	交易服务器连接断开
2018-05-16 14:33:57,042  INFO: CTP	交易服务器连接成功
2018-05-16 14:33:57,369  INFO: CTP	交易服务器连接断开
2018-05-16 14:33:57,392  INFO: CTP	交易服务器连接成功
2018-05-16 14:33:58,005  INFO: CTP	交易服务器连接断开
2018-05-16 14:33:58,069  INFO: CTP	交易服务器连接成功
2018-05-16 14:33:58,240  INFO: CTP	交易服务器连接断开
2018-05-16 14:33:58,404  INFO: CTP	交易服务器连接成功
2018-05-16 14:33:58,456  INFO: CTP	交易服务器连接断开
2018-05-16 14:34:01,513  INFO: CTP	交易服务器连接成功
2018-05-16 14:34:01,519  INFO: CTP	交易服务器连接断开
2018-05-16 14:34:01,585  INFO: CTP	交易服务器连接成功
2018-05-16 14:34:01,752  INFO: CTP	交易服务器连接断开
2018-05-16 14:34:01,786  INFO: CTP	交易服务器连接成功
2018-05-16 14:34:01,819  INFO: CTP	交易服务器连接断开
2018-05-16 14:34:01,936  INFO: CTP	交易服务器连接成功
2018-05-16 14:34:02,002  INFO: CTP	交易服务器连接断开
2018-05-16 14:34:02,168  INFO: CTP	交易服务器连接成功
2018-05-16 14:34:02,201  INFO: CTP	交易服务器连接断开
2018-05-16 14:34:02,234  INFO: CTP	交易服务器连接成功
2018-05-16 14:34:02,267  INFO: CTP	交易服务器连接断开
2018-05-16 14:34:02,332  INFO: CTP	交易服务器连接成功
2018-05-16 14:34:02,549  INFO: CTP	交易服务器连接断开
2018-05-16 14:34:02,556  INFO: CTP	交易服务器连接成功
2018-05-16 14:34:02,625  INFO: CTP	交易服务器连接断开
2018-05-16 14:34:02,740  INFO: CTP	交易服务器连接成功
2018-05-16 14:34:02,907  INFO: CTP	交易服务器连接断开
2018-05-16 14:34:02,976  INFO: CTP	交易服务器连接成功
2018-05-16 14:34:03,148  INFO: CTP	交易服务器连接断开
2018-05-16 14:34:03,187  INFO: CTP	交易服务器连接成功
2018-05-16 14:34:03,220  INFO: CTP	交易服务器连接断开
2018-05-16 14:34:03,255  INFO: CTP	交易服务器连接成功
2018-05-16 14:34:03,290  INFO: CTP	交易服务器连接断开
2018-05-16 14:34:03,357  INFO: CTP	交易服务器连接成功
2018-05-16 14:34:03,361  INFO: CTP	交易服务器连接断开
2018-05-16 14:34:03,526  INFO: CTP	交易服务器连接成功
2018-05-16 14:34:03,561  INFO: CTP	交易服务器连接断开
2018-05-16 14:34:03,687  INFO: CTP	交易服务器连接成功
2018-05-16 14:34:04,119  INFO: CTP	交易服务器连接断开
2018-05-16 14:34:04,234  INFO: CTP	交易服务器连接成功
2018-05-16 14:34:04,301  INFO: CTP	交易服务器连接断开
2018-05-16 14:34:04,367  INFO: CTP	交易服务器连接成功
2018-05-16 14:34:04,431  INFO: CTP	交易服务器连接断开
2018-05-16 14:34:04,658  INFO: CTP	交易服务器连接成功
2018-05-16 14:34:04,992  INFO: CTP	交易服务器连接断开
2018-05-16 14:34:05,157  INFO: CTP	交易服务器连接成功
2018-05-16 14:34:05,161  INFO: CTP	交易服务器连接断开
2018-05-16 14:34:08,227  INFO: CTP	交易服务器连接成功
2018-05-16 14:34:08,234  INFO: CTP	交易服务器连接断开
2018-05-16 14:34:08,403  INFO: CTP	交易服务器连接成功
2018-05-16 14:34:37,970  INFO: CTP	交易服务器连接断开
2018-05-16 14:34:37,993  INFO: CTP	交易服务器连接成功
2018-05-16 14:34:38,062  INFO: CTP	交易服务器连接断开
2018-05-16 14:34:38,079  INFO: CTP	交易服务器连接成功
2018-05-16 14:34:38,112  INFO: CTP	交易服务器连接断开
2018-05-16 14:34:38,177  INFO: CTP	交易服务器连接成功
2018-05-16 14:34:38,211  INFO: CTP	交易服务器连接断开
2018-05-16 14:34:38,283  INFO: CTP	交易服务器连接成功
2018-05-16 14:34:38,405  INFO: CTP	交易服务器连接断开
2018-05-16 14:34:38,473  INFO: CTP	交易服务器连接成功
2018-05-16 14:34:38,688  INFO: CTP	交易服务器连接断开
2018-05-16 14:34:38,691  INFO: CTP	交易服务器连接成功
2018-05-16 14:34:38,857  INFO: CTP	交易服务器连接断开
2018-05-16 14:34:38,923  INFO: CTP	交易服务器连接成功
2018-05-16 14:34:39,601  INFO: CTP	交易服务器连接断开
2018-05-16 14:34:39,671  INFO: CTP	交易服务器连接成功
2018-05-16 14:34:39,687  INFO: CTP	交易服务器连接断开
2018-05-16 14:34:39,753  INFO: CTP	交易服务器连接成功
2018-05-16 14:34:39,763  INFO: CTP	交易服务器连接断开
2018-05-16 14:34:39,977  INFO: CTP	交易服务器连接成功
2018-05-16 14:34:39,996  INFO: CTP	交易服务器连接断开
2018-05-16 14:34:40,161  INFO: CTP	交易服务器连接成功
2018-05-16 14:34:40,492  INFO: CTP	交易服务器连接断开
2018-05-16 14:34:40,496  INFO: CTP	交易服务器连接成功
2018-05-16 14:34:40,530  INFO: CTP	交易服务器连接断开
2018-05-16 14:34:40,565  INFO: CTP	交易服务器连接成功
2018-05-16 14:34:40,598  INFO: CTP	交易服务器连接断开
2018-05-16 14:34:40,635  INFO: CTP	交易服务器连接成功
2018-05-16 14:34:40,668  INFO: CTP	交易服务器连接断开
2018-05-16 14:34:40,734  INFO: CTP	交易服务器连接成功
2018-05-16 14:34:40,739  INFO: CTP	交易服务器连接断开
2018-05-16 14:34:40,904  INFO: CTP	交易服务器连接成功
2018-05-16 14:34:40,970  INFO: CTP	交易服务器连接断开
2018-05-16 14:34:40,987  INFO: CTP	交易服务器连接成功
2018-05-16 14:34:41,365  INFO: CTP	交易服务器连接断开
2018-05-16 14:34:41,375  INFO: CTP	交易服务器连接成功
2018-05-16 14:34:41,408  INFO: CTP	交易服务器连接断开
2018-05-16 14:34:41,474  INFO: CTP	交易服务器连接成功
2018-05-16 14:34:41,480  INFO: CTP	交易服务器连接断开
2018-05-16 14:34:41,546  INFO: CTP	交易服务器连接成功
2018-05-16 14:34:41,565  INFO: CTP	交易服务器连接断开
2018-05-16 14:34:41,631  INFO: CTP	交易服务器连接成功
2018-05-16 14:34:41,640  INFO: CTP	交易服务器连接断开
2018-05-16 14:34:41,710  INFO: CTP	交易服务器连接成功
2018-05-16 14:34:41,776  INFO: CTP	交易服务器连接断开
2018-05-16 14:34:41,811  INFO: CTP	交易服务器连接成功
2018-05-16 14:34:41,844  INFO: CTP	交易服务器连接断开
2018-05-16 14:34:41,959  INFO: CTP	交易服务器连接成功
2018-05-16 14:34:41,970  INFO: CTP	交易服务器连接断开
2018-05-16 14:34:42,036  INFO: CTP	交易服务器连接成功
2018-05-16 14:34:42,043  INFO: CTP	交易服务器连接断开
2018-05-16 14:34:42,111  INFO: CTP	交易服务器连接成功
2018-05-16 14:34:42,114  INFO: CTP	交易服务器连接断开
2018-05-16 14:34:42,180  INFO: CTP	交易服务器连接成功
2018-05-16 14:34:42,184  INFO: CTP	交易服务器连接断开
2018-05-16 14:34:42,217  INFO: CTP	交易服务器连接成功
2018-05-16 14:34:42,250  INFO: CTP	交易服务器连接断开
2018-05-16 14:34:42,282  INFO: CTP	交易服务器连接成功
2018-05-16 14:34:42,325  INFO: CTP	交易服务器连接断开
2018-05-16 14:34:42,361  INFO: CTP	交易服务器连接成功
2018-05-16 14:34:42,578  INFO: CTP	交易服务器连接断开
2018-05-16 14:34:42,696  INFO: CTP	交易服务器连接成功
2018-05-16 14:34:42,911  INFO: CTP	交易服务器连接断开
2018-05-16 14:34:42,915  INFO: CTP	交易服务器连接成功
2018-05-16 14:34:42,948  INFO: CTP	交易服务器连接断开
2018-05-16 14:34:43,013  INFO: CTP	交易服务器连接成功
2018-05-16 14:34:43,046  INFO: CTP	交易服务器连接断开
2018-05-16 14:34:43,262  INFO: CTP	交易服务器连接成功
2018-05-16 14:34:43,358  INFO: CTP	交易服务器连接断开
2018-05-16 14:34:43,433  INFO: CTP	交易服务器连接成功
2018-05-16 14:34:43,601  INFO: CTP	交易服务器连接断开
2018-05-16 14:34:43,605  INFO: CTP	交易服务器连接成功
2018-05-16 14:34:43,671  INFO: CTP	交易服务器连接断开
2018-05-16 14:34:43,680  INFO: CTP	交易服务器连接成功
2018-05-16 14:34:43,724  INFO: CTP	交易服务器连接断开
2018-05-16 14:34:43,757  INFO: CTP	交易服务器连接成功
2018-05-16 14:34:43,872  INFO: CTP	交易服务器连接断开
2018-05-16 14:34:43,881  INFO: CTP	交易服务器连接成功
2018-05-16 14:34:43,947  INFO: CTP	交易服务器连接断开
2018-05-16 14:34:44,115  INFO: CTP	交易服务器连接成功
2018-05-16 14:34:44,151  INFO: CTP	交易服务器连接断开
2018-05-16 14:34:44,184  INFO: CTP	交易服务器连接成功
2018-05-16 14:34:44,217  INFO: CTP	交易服务器连接断开
2018-05-16 14:34:47,244  INFO: CTP	交易服务器连接成功
2018-05-16 14:34:47,315  INFO: CTP	交易服务器连接断开
2018-05-16 14:34:47,325  INFO: CTP	交易服务器连接成功
2018-05-16 14:34:47,358  INFO: CTP	交易服务器连接断开
2018-05-16 14:34:47,424  INFO: CTP	交易服务器连接成功
2018-05-16 14:35:09,303  INFO: CTP	交易服务器连接断开
2018-05-16 14:35:09,581  INFO: CTP	交易服务器连接成功
2018-05-16 14:35:09,698  INFO: CTP	交易服务器连接断开
2018-05-16 14:35:09,733  INFO: CTP	交易服务器连接成功
2018-05-16 14:35:09,799  INFO: CTP	交易服务器连接断开
2018-05-16 14:35:09,914  INFO: CTP	交易服务器连接成功
2018-05-16 14:35:09,947  INFO: CTP	交易服务器连接断开
2018-05-16 14:35:10,187  INFO: CTP	交易服务器连接成功
2018-05-16 14:35:11,227  INFO: CTP	交易服务器连接断开
2018-05-16 14:35:11,263  INFO: CTP	交易服务器连接成功
2018-05-16 14:35:11,328  INFO: CTP	交易服务器连接断开
2018-05-16 14:35:14,372  INFO: CTP	交易服务器连接成功
2018-05-16 14:37:15,421  INFO: CTP	交易服务器连接断开
2018-05-16 14:37:15,536  INFO: CTP	交易服务器连接成功
2018-05-16 14:37:15,653  INFO: CTP	交易服务器连接断开
2018-05-16 14:37:15,687  INFO: CTP	交易服务器连接成功
2018-05-16 14:37:15,858  INFO: CTP	交易服务器连接断开
2018-05-16 14:37:15,882  INFO: CTP	交易服务器连接成功
2018-05-16 14:37:15,948  INFO: CTP	交易服务器连接断开
2018-05-16 14:37:15,960  INFO: CTP	交易服务器连接成功
2018-05-16 14:37:16,026  INFO: CTP	交易服务器连接断开
2018-05-16 14:37:19,311  INFO: CTP	交易服务器连接成功
2018-05-16 14:37:26,346  INFO: CTP	交易服务器连接断开
2018-05-16 14:37:26,512  INFO: CTP	交易服务器连接成功
2018-05-16 14:37:26,529  INFO: CTP	交易服务器连接断开
2018-05-16 14:37:26,759  INFO: CTP	交易服务器连接成功
2018-05-16 14:37:26,875  INFO: CTP	交易服务器连接断开
2018-05-16 14:37:26,941  INFO: CTP	交易服务器连接成功
2018-05-16 14:37:27,157  INFO: CTP	交易服务器连接断开
2018-05-16 14:37:27,329  INFO: CTP	交易服务器连接成功
2018-05-16 14:37:27,335  INFO: CTP	交易服务器连接断开
2018-05-16 14:37:27,400  INFO: CTP	交易服务器连接成功
2018-05-16 14:37:27,408  INFO: CTP	交易服务器连接断开
2018-05-16 14:37:27,473  INFO: CTP	交易服务器连接成功
2018-05-16 14:37:27,483  INFO: CTP	交易服务器连接断开
2018-05-16 14:37:30,598  INFO: CTP	交易服务器连接成功
2018-05-16 14:37:30,634  INFO: CTP	交易服务器连接断开
2018-05-16 14:37:30,673  INFO: CTP	交易服务器连接成功
2018-05-16 14:37:30,739  INFO: CTP	交易服务器连接断开
2018-05-16 14:37:30,756  INFO: CTP	交易服务器连接成功
2018-05-16 14:37:30,790  INFO: CTP	交易服务器连接断开
2018-05-16 14:37:30,855  INFO: CTP	交易服务器连接成功
2018-05-16 14:37:30,858  INFO: CTP	交易服务器连接断开
2018-05-16 14:37:30,891  INFO: CTP	交易服务器连接成功
2018-05-16 14:37:30,924  INFO: CTP	交易服务器连接断开
2018-05-16 14:37:34,111  INFO: CTP	交易服务器连接成功
2018-05-16 14:37:34,115  INFO: CTP	交易服务器连接断开
2018-05-16 14:37:34,180  INFO: CTP	交易服务器连接成功
2018-05-16 14:37:34,186  INFO: CTP	交易服务器连接断开
2018-05-16 14:37:34,253  INFO: CTP	交易服务器连接成功
2018-05-16 14:37:34,420  INFO: CTP	交易服务器连接断开
2018-05-16 14:37:34,424  INFO: CTP	交易服务器连接成功
2018-05-16 14:37:34,489  INFO: CTP	交易服务器连接断开
2018-05-16 14:37:34,506  INFO: CTP	交易服务器连接成功
2018-05-16 14:37:34,539  INFO: CTP	交易服务器连接断开
2018-05-16 14:37:34,572  INFO: CTP	交易服务器连接成功
2018-05-16 14:37:34,858  INFO: CTP	交易服务器连接断开
2018-05-16 14:37:35,032  INFO: CTP	交易服务器连接成功
2018-05-16 14:37:35,148  INFO: CTP	交易服务器连接断开
2018-05-16 14:37:38,312  INFO: CTP	交易服务器连接成功
2018-05-16 14:37:38,315  INFO: CTP	交易服务器连接断开
2018-05-16 14:37:38,381  INFO: CTP	交易服务器连接成功
2018-05-16 14:37:38,499  INFO: CTP	交易服务器连接断开
2018-05-16 14:37:41,602  INFO: CTP	交易服务器连接成功
2018-05-16 14:37:41,773  INFO: CTP	交易服务器连接断开
2018-05-16 14:37:41,808  INFO: CTP	交易服务器连接成功
2018-05-16 14:37:41,924  INFO: CTP	交易服务器连接断开
2018-05-16 14:37:42,040  INFO: CTP	交易服务器连接成功
2018-05-16 14:37:42,049  INFO: CTP	交易服务器连接断开
2018-05-16 14:37:45,111  INFO: CTP	交易服务器连接成功
2018-05-16 14:37:45,178  INFO: CTP	交易服务器连接断开
2018-05-16 14:37:45,198  INFO: CTP	交易服务器连接成功
2018-05-16 14:37:45,265  INFO: CTP	交易服务器连接断开
2018-05-16 14:37:45,380  INFO: CTP	交易服务器连接成功
2018-05-16 14:37:45,447  INFO: CTP	交易服务器连接断开
2018-05-16 14:37:45,517  INFO: CTP	交易服务器连接成功
2018-05-16 14:37:45,555  INFO: CTP	交易服务器连接断开
2018-05-16 14:37:45,670  INFO: CTP	交易服务器连接成功
2018-05-16 14:37:45,836  INFO: CTP	交易服务器连接断开
2018-05-16 14:37:46,056  INFO: CTP	交易服务器连接成功
2018-05-16 14:39:46,994  INFO: CTP	交易服务器登录完成
2018-05-16 14:39:47,684  INFO: CTP	结算信息确认完成
2018-05-16 15:02:53,953  INFO: CTP	交易服务器连接断开
2018-05-16 15:03:03,970  INFO: CTP	交易服务器连接成功
2018-05-16 15:03:04,538  INFO: CTP	交易服务器连接断开
2018-05-16 15:03:07,706  INFO: CTP	交易服务器连接成功
2018-05-16 15:03:07,779  INFO: CTP	交易服务器连接断开
2018-05-16 15:03:07,812  INFO: CTP	交易服务器连接成功
2018-05-16 15:03:07,845  INFO: CTP	交易服务器连接断开
2018-05-16 15:03:08,033  INFO: CTP	交易服务器连接成功
2018-05-16 15:03:08,250  INFO: CTP	交易服务器连接断开
2018-05-16 15:03:08,253  INFO: CTP	交易服务器连接成功
2018-05-16 15:03:08,480  INFO: CTP	交易服务器连接断开
2018-05-16 15:03:08,490  INFO: CTP	交易服务器连接成功
2018-05-16 15:03:08,526  INFO: CTP	交易服务器连接断开
2018-05-16 15:03:08,562  INFO: CTP	交易服务器连接成功
2018-05-16 15:03:08,941  INFO: CTP	交易服务器连接断开
2018-05-16 15:03:08,954  INFO: CTP	交易服务器连接成功
2018-05-16 15:03:09,075  INFO: CTP	交易服务器连接断开
2018-05-16 15:03:09,109  INFO: CTP	交易服务器连接成功
2018-05-16 15:03:09,142  INFO: CTP	交易服务器连接断开
2018-05-16 15:03:12,186  INFO: CTP	交易服务器连接成功
2018-05-16 15:03:12,224  INFO: CTP	交易服务器连接断开
2018-05-16 15:03:12,259  INFO: CTP	交易服务器连接成功
2018-05-16 15:03:12,276  INFO: CTP	交易服务器连接断开
2018-05-16 15:03:12,345  INFO: CTP	交易服务器连接成功
2018-05-16 15:03:12,411  INFO: CTP	交易服务器连接断开
2018-05-16 15:03:12,578  INFO: CTP	交易服务器连接成功
2018-05-16 15:03:12,650  INFO: CTP	交易服务器连接断开
2018-05-16 15:03:12,667  INFO: CTP	交易服务器连接成功
2018-05-16 15:03:14,265  INFO: CTP	交易服务器连接断开
2018-05-16 15:03:24,506  INFO: CTP	交易服务器连接成功
2018-05-16 15:03:24,543  INFO: CTP	交易服务器连接断开
2018-05-16 15:03:24,609  INFO: CTP	交易服务器连接成功
2018-05-16 15:03:24,611  INFO: CTP	交易服务器连接断开
2018-05-16 15:03:24,644  INFO: CTP	交易服务器连接成功
2018-05-16 15:03:24,678  INFO: CTP	交易服务器连接断开
2018-05-16 15:03:24,713  INFO: CTP	交易服务器连接成功
2018-05-16 15:03:24,746  INFO: CTP	交易服务器连接断开
2018-05-16 15:03:24,779  INFO: CTP	交易服务器连接成功
2018-05-16 15:03:24,946  INFO: CTP	交易服务器连接断开
2018-05-16 15:03:24,951  INFO: CTP	交易服务器连接成功
2018-05-16 15:03:24,984  INFO: CTP	交易服务器连接断开
2018-05-16 15:03:25,052  INFO: CTP	交易服务器连接成功
2018-05-16 15:03:25,338  INFO: CTP	交易服务器连接断开
2018-05-16 15:03:25,342  INFO: CTP	交易服务器连接成功
2018-05-16 15:03:25,408  INFO: CTP	交易服务器连接断开
2018-05-16 15:03:25,415  INFO: CTP	交易服务器连接成功
2018-05-16 15:03:25,453  INFO: CTP	交易服务器连接断开
2018-05-16 15:03:25,517  INFO: CTP	交易服务器连接成功
2018-05-16 15:03:25,523  INFO: CTP	交易服务器连接断开
2018-05-16 15:03:28,617  INFO: CTP	交易服务器连接成功
2018-05-16 15:03:28,621  INFO: CTP	交易服务器连接断开
2018-05-16 15:03:28,631  INFO: CTP	交易服务器连接成功
2018-05-16 15:03:28,667  INFO: CTP	交易服务器连接断开
2018-05-16 15:03:28,701  INFO: CTP	交易服务器连接成功
2018-05-16 15:03:28,736  INFO: CTP	交易服务器连接断开
2018-05-16 15:03:28,769  INFO: CTP	交易服务器连接成功
2018-05-16 15:03:28,802  INFO: CTP	交易服务器连接断开
2018-05-16 15:03:28,867  INFO: CTP	交易服务器连接成功
2018-05-16 15:03:28,868  INFO: CTP	交易服务器连接断开
2018-05-16 15:03:28,934  INFO: CTP	交易服务器连接成功
2018-05-16 15:03:29,052  INFO: CTP	交易服务器连接断开
2018-05-16 15:03:29,118  INFO: CTP	交易服务器连接成功
2018-05-16 15:03:29,131  INFO: CTP	交易服务器连接断开
2018-05-16 15:03:29,174  INFO: CTP	交易服务器连接成功
2018-05-16 15:03:29,207  INFO: CTP	交易服务器连接断开
2018-05-16 15:03:29,240  INFO: CTP	交易服务器连接成功
2018-05-16 15:03:29,273  INFO: CTP	交易服务器连接断开
2018-05-16 15:03:29,338  INFO: CTP	交易服务器连接成功
2018-05-16 15:03:29,342  INFO: CTP	交易服务器连接断开
2018-05-16 15:03:29,512  INFO: CTP	交易服务器连接成功
2018-05-16 15:03:29,516  INFO: CTP	交易服务器连接断开
2018-05-16 15:03:29,551  INFO: CTP	交易服务器连接成功
2018-05-16 15:03:29,584  INFO: CTP	交易服务器连接断开
2018-05-16 15:03:29,648  INFO: CTP	交易服务器连接成功
2018-05-16 15:03:29,665  INFO: CTP	交易服务器连接断开
2018-05-16 15:03:29,704  INFO: CTP	交易服务器连接成功
2018-05-16 15:03:29,739  INFO: CTP	交易服务器连接断开
2018-05-16 15:03:29,803  INFO: CTP	交易服务器连接成功
2018-05-16 15:03:29,970  INFO: CTP	交易服务器连接断开
2018-05-16 15:03:32,969  INFO: CTP	交易服务器连接成功
2018-05-16 15:03:33,006  INFO: CTP	交易服务器连接断开
2018-05-16 15:03:33,042  INFO: CTP	交易服务器连接成功
2018-05-16 15:03:33,078  INFO: CTP	交易服务器连接断开
2018-05-16 15:03:33,112  INFO: CTP	交易服务器连接成功
2018-05-16 15:03:33,147  INFO: CTP	交易服务器连接断开
2018-05-16 15:03:33,183  INFO: CTP	交易服务器连接成功
2018-05-16 15:03:33,216  INFO: CTP	交易服务器连接断开
2018-05-16 15:03:36,243  INFO: CTP	交易服务器连接成功
2018-05-16 15:03:36,286  INFO: CTP	交易服务器连接断开
2018-05-16 15:03:36,354  INFO: CTP	交易服务器连接成功
2018-05-16 15:03:36,519  INFO: CTP	交易服务器连接断开
2018-05-16 15:03:36,526  INFO: CTP	交易服务器连接成功
2018-05-16 15:03:40,374  INFO: CTP	交易服务器连接断开
2018-05-16 15:03:40,438  INFO: CTP	交易服务器连接成功
2018-05-16 15:03:40,471  INFO: CTP	交易服务器连接断开
2018-05-16 15:03:40,536  INFO: CTP	交易服务器连接成功
2018-05-16 15:03:40,569  INFO: CTP	交易服务器连接断开
2018-05-16 15:03:40,609  INFO: CTP	交易服务器连接成功
2018-05-16 15:03:40,680  INFO: CTP	交易服务器连接断开
2018-05-16 15:03:40,696  INFO: CTP	交易服务器连接成功
2018-05-16 15:03:40,766  INFO: CTP	交易服务器连接断开
2018-05-16 15:03:40,834  INFO: CTP	交易服务器连接成功
2018-05-16 15:03:40,864  INFO: CTP	交易服务器连接断开
2018-05-16 15:03:43,921  INFO: CTP	交易服务器连接成功
2018-05-16 15:03:43,927  INFO: CTP	交易服务器连接断开
2018-05-16 15:03:43,967  INFO: CTP	交易服务器连接成功
2018-05-16 15:03:44,598  INFO: CTP	交易服务器连接断开
2018-05-16 15:03:44,647  INFO: CTP	交易服务器连接成功
2018-05-16 15:03:44,664  INFO: CTP	交易服务器连接断开
2018-05-16 15:03:44,707  INFO: CTP	交易服务器连接成功
2018-05-16 15:03:44,743  INFO: CTP	交易服务器连接断开
2018-05-16 15:03:44,910  INFO: CTP	交易服务器连接成功
2018-05-16 15:03:44,924  INFO: CTP	交易服务器连接断开
2018-05-16 15:03:44,989  INFO: CTP	交易服务器连接成功
2018-05-16 15:03:44,997  INFO: CTP	交易服务器连接断开
2018-05-16 15:03:45,427  INFO: CTP	交易服务器连接成功
2018-05-16 15:03:45,749  INFO: CTP	交易服务器连接断开
2018-05-16 15:03:45,750  INFO: CTP	交易服务器连接成功
2018-05-16 15:03:45,782  INFO: CTP	交易服务器连接断开
2018-05-16 15:03:45,821  INFO: CTP	交易服务器连接成功
2018-05-16 15:03:45,855  INFO: CTP	交易服务器连接断开
2018-05-16 15:03:45,888  INFO: CTP	交易服务器连接成功
2018-05-16 15:04:08,792  INFO: CTP	交易服务器连接断开
2018-05-16 15:04:08,859  INFO: CTP	交易服务器连接成功
2018-05-16 15:04:08,976  INFO: CTP	交易服务器连接断开
2018-05-16 15:04:09,145  INFO: CTP	交易服务器连接成功
2018-05-16 15:04:09,154  INFO: CTP	交易服务器连接断开
2018-05-16 15:04:09,190  INFO: CTP	交易服务器连接成功
2018-05-16 15:04:09,256  INFO: CTP	交易服务器连接断开
2018-05-16 15:04:09,259  INFO: CTP	交易服务器连接成功
2018-05-16 15:04:09,325  INFO: CTP	交易服务器连接断开
2018-05-16 15:04:09,334  INFO: CTP	交易服务器连接成功
2018-05-16 15:04:09,367  INFO: CTP	交易服务器连接断开
2018-05-16 15:04:12,434  INFO: CTP	交易服务器连接成功
2018-05-16 15:04:12,453  INFO: CTP	交易服务器连接断开
2018-05-16 15:04:12,486  INFO: CTP	交易服务器连接成功
2018-05-16 15:04:12,519  INFO: CTP	交易服务器连接断开
2018-05-16 15:04:12,552  INFO: CTP	交易服务器连接成功
2018-05-16 15:04:12,618  INFO: CTP	交易服务器连接断开
2018-05-16 15:04:12,634  INFO: CTP	交易服务器连接成功
2018-05-16 15:04:12,671  INFO: CTP	交易服务器连接断开
2018-05-16 15:04:12,862  INFO: CTP	交易服务器连接成功
2018-05-16 15:04:12,983  INFO: CTP	交易服务器连接断开
2018-05-16 15:04:13,016  INFO: CTP	交易服务器连接成功
2018-05-16 15:04:13,081  INFO: CTP	交易服务器连接断开
2018-05-16 15:04:13,115  INFO: CTP	交易服务器连接成功
2018-05-16 15:04:13,180  INFO: CTP	交易服务器连接断开
2018-05-16 15:04:13,213  INFO: CTP	交易服务器连接成功
2018-05-16 15:04:13,250  INFO: CTP	交易服务器连接断开
2018-05-16 15:04:16,319  INFO: CTP	交易服务器连接成功
2018-05-16 15:04:16,328  INFO: CTP	交易服务器连接断开
2018-05-16 15:04:16,368  INFO: CTP	交易服务器连接成功
2018-05-16 15:04:16,433  INFO: CTP	交易服务器连接断开
2018-05-16 15:04:16,450  INFO: CTP	交易服务器连接成功
2018-05-16 15:04:16,664  INFO: CTP	交易服务器连接断开
2018-05-16 15:04:16,681  INFO: CTP	交易服务器连接成功
2018-05-16 15:04:16,714  INFO: CTP	交易服务器连接断开
2018-05-16 15:04:16,747  INFO: CTP	交易服务器连接成功
2018-05-16 15:04:16,780  INFO: CTP	交易服务器连接断开
2018-05-16 15:04:16,815  INFO: CTP	交易服务器连接成功
2018-05-16 15:04:16,848  INFO: CTP	交易服务器连接断开
2018-05-16 15:04:16,884  INFO: CTP	交易服务器连接成功
2018-05-16 15:04:16,927  INFO: CTP	交易服务器连接断开
2018-05-16 15:04:16,960  INFO: CTP	交易服务器连接成功
2018-05-16 15:04:16,993  INFO: CTP	交易服务器连接断开
2018-05-16 15:04:17,026  INFO: CTP	交易服务器连接成功
2018-05-16 15:04:17,059  INFO: CTP	交易服务器连接断开
2018-05-16 15:04:17,092  INFO: CTP	交易服务器连接成功
2018-05-16 15:04:17,125  INFO: CTP	交易服务器连接断开
2018-05-16 15:04:17,191  INFO: CTP	交易服务器连接成功
2018-05-16 15:04:17,226  INFO: CTP	交易服务器连接断开
2018-05-16 15:04:17,490  INFO: CTP	交易服务器连接成功
2018-05-16 15:04:17,657  INFO: CTP	交易服务器连接断开
2018-05-16 15:04:17,723  INFO: CTP	交易服务器连接成功
2018-05-16 15:04:17,726  INFO: CTP	交易服务器连接断开
2018-05-16 15:04:17,792  INFO: CTP	交易服务器连接成功
2018-05-16 15:04:18,493  INFO: CTP	交易服务器连接断开
2018-05-16 15:04:21,542  INFO: CTP	交易服务器连接成功
2018-05-16 15:04:21,548  INFO: CTP	交易服务器连接断开
2018-05-16 15:04:21,582  INFO: CTP	交易服务器连接成功
2018-05-16 15:04:21,615  INFO: CTP	交易服务器连接断开
2018-05-16 15:04:21,780  INFO: CTP	交易服务器连接成功
2018-05-16 15:04:21,783  INFO: CTP	交易服务器连接断开
2018-05-16 15:04:21,818  INFO: CTP	交易服务器连接成功
2018-05-16 15:04:21,882  INFO: CTP	交易服务器连接断开
2018-05-16 15:04:21,950  INFO: CTP	交易服务器连接成功
2018-05-16 15:04:21,983  INFO: CTP	交易服务器连接断开
2018-05-16 15:04:22,017  INFO: CTP	交易服务器连接成功
2018-05-16 15:04:22,051  INFO: CTP	交易服务器连接断开
2018-05-16 15:04:22,084  INFO: CTP	交易服务器连接成功
2018-05-16 15:04:22,118  INFO: CTP	交易服务器连接断开
2018-05-16 15:04:22,183  INFO: CTP	交易服务器连接成功
2018-05-16 15:04:22,184  INFO: CTP	交易服务器连接断开
2018-05-16 15:04:25,532  INFO: CTP	交易服务器连接成功
2018-05-16 15:04:25,548  INFO: CTP	交易服务器连接断开
2018-05-16 15:04:25,592  INFO: CTP	交易服务器连接成功
2018-05-16 15:04:25,628  INFO: CTP	交易服务器连接断开
2018-05-16 15:04:25,694  INFO: CTP	交易服务器连接成功
2018-05-16 15:04:25,696  INFO: CTP	交易服务器连接断开
2018-05-16 15:04:25,760  INFO: CTP	交易服务器连接成功
2018-05-16 15:04:25,763  INFO: CTP	交易服务器连接断开
2018-05-16 15:04:25,832  INFO: CTP	交易服务器连接成功
2018-05-16 15:04:25,835  INFO: CTP	交易服务器连接断开
2018-05-16 15:04:25,904  INFO: CTP	交易服务器连接成功
2018-05-16 15:04:25,907  INFO: CTP	交易服务器连接断开
2018-05-16 15:04:26,134  INFO: CTP	交易服务器连接成功
2018-05-16 15:04:26,138  INFO: CTP	交易服务器连接断开
2018-05-16 15:04:26,176  INFO: CTP	交易服务器连接成功
2018-05-16 15:04:26,209  INFO: CTP	交易服务器连接断开
2018-05-16 15:04:26,242  INFO: CTP	交易服务器连接成功
2018-05-16 15:04:26,275  INFO: CTP	交易服务器连接断开
2018-05-16 15:04:26,339  INFO: CTP	交易服务器连接成功
2018-05-16 15:04:26,342  INFO: CTP	交易服务器连接断开
2018-05-16 15:04:26,378  INFO: CTP	交易服务器连接成功
2018-05-16 15:04:26,411  INFO: CTP	交易服务器连接断开
2018-05-16 15:04:26,628  INFO: CTP	交易服务器连接成功
2018-05-16 15:04:26,654  INFO: CTP	交易服务器连接断开
2018-05-16 15:04:26,696  INFO: CTP	交易服务器连接成功
2018-05-16 15:05:59,450  INFO: CTP	交易服务器登录完成
2018-05-16 15:05:59,624  INFO: CTP	结算信息确认完成
2018-05-16 15:39:53,069  INFO: MAIN_ENGINE	MongoDB连接成功
2018-05-16 15:39:53,076  INFO: CTP	交易服务器连接成功
2018-05-16 15:39:53,142  INFO: CTP	交易服务器登录完成
2018-05-16 15:39:53,290  INFO: CTP	结算信息确认完成
2018-05-16 15:39:55,184  INFO: CTP	交易合约信息获取完成
2018-05-16 16:44:55,631  INFO: MAIN_ENGINE	MongoDB连接成功
2018-05-16 16:49:15,687  INFO: CTP	交易服务器连接成功
2018-05-16 16:49:19,181  INFO: CTP	交易服务器连接断开
2018-05-16 16:54:02,536  INFO: CTA_STRATEGY	CTA引擎启动成功
2018-05-16 16:54:05,688  INFO: CTA_STRATEGY	策略加载成功
2018-05-16 16:54:12,726  INFO: CTA_STRATEGY	double ema:双EMA演示策略初始化
2018-05-16 16:54:19,273  INFO: CTA_STRATEGY	double ema:双EMA演示策略启动
2018-05-16 16:59:19,917  INFO: CTP	交易服务器连接成功
2018-05-16 16:59:23,042  INFO: CTP	交易服务器连接断开
