2018-05-10 09:36:43,273  INFO: MAIN_ENGINE	MongoDB连接成功
2018-05-10 09:36:43,351  INFO: CTP	行情服务器连接成功
2018-05-10 09:36:43,354  INFO: CTP	交易服务器连接成功
2018-05-10 09:36:43,420  INFO: CTP	交易服务器登录完成
2018-05-10 09:36:44,348  INFO: CTP	结算信息确认完成
2018-05-10 09:36:45,515  INFO: CTP	交易合约信息获取完成
2018-05-10 09:36:46,457  INFO: CTP	行情服务器登录完成
2018-05-10 13:42:46,198  INFO: MAIN_ENGINE	MongoDB连接成功
2018-05-10 13:42:46,210  INFO: CTP	交易服务器连接成功
2018-05-10 13:42:46,276  INFO: CTP	交易服务器登录完成
2018-05-10 13:42:46,842  INFO: CTP	结算信息确认完成
2018-05-10 13:42:50,631  INFO: CTP	交易合约信息获取完成
2018-05-10 13:46:40,795  INFO: MAIN_ENGINE	接口不存在：
2018-05-10 13:46:44,299  INFO: MAIN_ENGINE	接口不存在：
2018-05-10 13:46:50,871  INFO: MAIN_ENGINE	接口不存在：
2018-05-10 13:46:51,536  INFO: MAIN_ENGINE	接口不存在：
2018-05-10 13:47:11,766  INFO: MAIN_ENGINE	接口不存在：
2018-05-10 13:47:13,601  INFO: MAIN_ENGINE	接口不存在：
2018-05-10 13:59:29,020  INFO: CTP	交易服务器连接断开
2018-05-10 13:59:29,194  INFO: CTP	交易服务器连接成功
2018-05-10 13:59:29,230  INFO: CTP	交易服务器登录完成
2018-05-10 13:59:29,448  INFO: CTP	结算信息确认完成
2018-05-10 13:59:32,461  INFO: CTP	交易合约信息获取完成
2018-05-10 14:33:08,555  INFO: CTP	交易服务器连接断开
2018-05-10 14:33:31,927  INFO: CTP	交易服务器连接成功
2018-05-10 14:33:31,961  INFO: CTP	交易服务器登录完成
2018-05-10 14:33:32,230  INFO: CTP	结算信息确认完成
2018-05-10 14:33:34,427  INFO: CTP	交易合约信息获取完成
2018-05-10 15:49:20,964  INFO: MAIN_ENGINE	MongoDB连接成功
2018-05-10 15:49:20,973  INFO: CTP	交易服务器连接成功
2018-05-10 15:49:21,040  INFO: CTP	交易服务器登录完成
2018-05-10 15:49:21,710  INFO: CTP	结算信息确认完成
2018-05-10 15:49:23,799  INFO: CTP	交易合约信息获取完成
