2018-05-21 11:04:12,969  INFO: MAIN_ENGINE	MongoDB连接成功
2018-05-21 11:04:25,608  INFO: MAIN_ENGINE	MongoDB连接成功
2018-05-21 11:04:25,612  INFO: CTP	交易服务器连接成功
2018-05-21 11:04:25,631  INFO: CTP	交易服务器连接断开
2018-05-21 11:04:25,796  INFO: CTP	交易服务器连接成功
2018-05-21 11:04:25,813  INFO: CTP	交易服务器连接断开
2018-05-21 11:04:29,082  INFO: CTP	交易服务器连接成功
2018-05-21 11:04:29,711  INFO: CTP	交易服务器连接断开
2018-05-21 11:04:29,776  INFO: CTP	交易服务器连接成功
2018-05-21 11:04:29,798  INFO: CTP	交易服务器连接断开
2018-05-21 11:04:32,862  INFO: CTP	交易服务器连接成功
2018-05-21 11:04:32,869  INFO: CTP	交易服务器连接断开
2018-05-21 11:04:32,910  INFO: CTP	交易服务器连接成功
2018-05-21 11:04:32,930  INFO: CTP	交易服务器连接断开
2018-05-21 11:04:33,003  INFO: CTP	交易服务器连接成功
2018-05-21 11:04:33,012  INFO: CTP	交易服务器连接断开
2018-05-21 11:04:33,049  INFO: CTP	交易服务器连接成功
2018-05-21 11:04:33,082  INFO: CTP	交易服务器连接断开
2018-05-21 11:04:33,115  INFO: CTP	交易服务器连接成功
2018-05-21 11:04:33,148  INFO: CTP	交易服务器连接断开
2018-05-21 11:04:33,214  INFO: CTP	交易服务器连接成功
2018-05-21 11:04:33,219  INFO: CTP	交易服务器连接断开
2018-05-21 11:04:33,384  INFO: CTP	交易服务器连接成功
2018-05-21 11:04:33,388  INFO: CTP	交易服务器连接断开
2018-05-21 11:04:33,454  INFO: CTP	交易服务器连接成功
2018-05-21 11:04:33,480  INFO: CTP	交易服务器连接断开
2018-05-21 11:04:33,546  INFO: CTP	交易服务器连接成功
2018-05-21 11:04:33,549  INFO: CTP	交易服务器连接断开
2018-05-21 11:04:33,618  INFO: CTP	交易服务器连接成功
2018-05-21 11:04:33,739  INFO: CTP	交易服务器连接断开
2018-05-21 11:04:33,805  INFO: CTP	交易服务器连接成功
2018-05-21 11:04:33,812  INFO: CTP	交易服务器连接断开
2018-05-21 11:04:33,982  INFO: CTP	交易服务器连接成功
2018-05-21 11:04:34,016  INFO: CTP	交易服务器连接断开
2018-05-21 11:04:34,082  INFO: CTP	交易服务器连接成功
2018-05-21 11:04:34,084  INFO: CTP	交易服务器连接断开
2018-05-21 11:04:34,255  INFO: CTP	交易服务器连接成功
2018-05-21 11:04:34,289  INFO: CTP	交易服务器连接断开
2018-05-21 11:04:34,323  INFO: CTP	交易服务器连接成功
2018-05-21 11:04:34,342  INFO: CTP	交易服务器连接断开
2018-05-21 11:04:34,509  INFO: CTP	交易服务器连接成功
2018-05-21 11:04:34,575  INFO: CTP	交易服务器连接断开
2018-05-21 11:04:34,641  INFO: CTP	交易服务器连接成功
2018-05-21 11:04:34,650  INFO: CTP	交易服务器连接断开
2018-05-21 11:04:34,719  INFO: CTP	交易服务器连接成功
2018-05-21 11:04:34,726  INFO: CTP	交易服务器连接断开
2018-05-21 11:04:34,795  INFO: CTP	交易服务器连接成功
2018-05-21 11:04:34,812  INFO: CTP	交易服务器连接断开
2018-05-21 11:04:34,878  INFO: CTP	交易服务器连接成功
2018-05-21 11:04:34,884  INFO: CTP	交易服务器连接断开
2018-05-21 11:04:34,953  INFO: CTP	交易服务器连接成功
2018-05-21 11:04:34,987  INFO: CTP	交易服务器连接断开
2018-05-21 11:04:35,020  INFO: CTP	交易服务器连接成功
2018-05-21 11:04:35,039  INFO: CTP	交易服务器连接断开
2018-05-21 11:04:35,105  INFO: CTP	交易服务器连接成功
2018-05-21 11:04:35,220  INFO: CTP	交易服务器连接断开
2018-05-21 11:04:35,289  INFO: CTP	交易服务器连接成功
2018-05-21 11:04:35,293  INFO: CTP	交易服务器连接断开
2018-05-21 11:04:35,461  INFO: CTP	交易服务器连接成功
2018-05-21 11:04:35,469  INFO: CTP	交易服务器连接断开
2018-05-21 11:04:35,655  INFO: CTP	交易服务器连接成功
2018-05-21 11:04:35,665  INFO: CTP	交易服务器连接断开
2018-05-21 11:04:35,732  INFO: CTP	交易服务器连接成功
2018-05-21 11:04:35,734  INFO: CTP	交易服务器连接断开
2018-05-21 11:04:35,767  INFO: CTP	交易服务器连接成功
2018-05-21 11:04:35,801  INFO: CTP	交易服务器连接断开
2018-05-21 11:04:35,867  INFO: CTP	交易服务器连接成功
2018-05-21 11:04:35,877  INFO: CTP	交易服务器连接断开
2018-05-21 11:04:35,915  INFO: CTP	交易服务器连接成功
2018-05-21 11:04:35,954  INFO: CTP	交易服务器连接断开
2018-05-21 11:04:35,989  INFO: CTP	交易服务器连接成功
2018-05-21 11:04:36,023  INFO: CTP	交易服务器连接断开
2018-05-21 11:04:36,088  INFO: CTP	交易服务器连接成功
2018-05-21 11:04:36,121  INFO: CTP	交易服务器连接断开
2018-05-21 11:04:36,154  INFO: CTP	交易服务器连接成功
2018-05-21 11:04:36,187  INFO: CTP	交易服务器连接断开
2018-05-21 11:04:36,221  INFO: CTP	交易服务器连接成功
2018-05-21 11:04:36,256  INFO: CTP	交易服务器连接断开
2018-05-21 11:04:36,290  INFO: CTP	交易服务器连接成功
2018-05-21 11:04:36,326  INFO: CTP	交易服务器连接断开
2018-05-21 11:04:39,921  INFO: CTP	交易服务器连接成功
2018-05-21 11:04:40,036  INFO: CTP	交易服务器连接断开
2018-05-21 11:04:40,042  INFO: CTP	交易服务器连接成功
2018-05-21 11:04:40,062  INFO: CTP	交易服务器连接断开
2018-05-21 11:04:40,099  INFO: CTP	交易服务器连接成功
2018-05-21 11:04:40,132  INFO: CTP	交易服务器连接断开
2018-05-21 11:04:40,298  INFO: CTP	交易服务器连接成功
2018-05-21 11:04:40,332  INFO: CTP	交易服务器连接断开
2018-05-21 11:04:44,165  INFO: CTP	交易服务器连接成功
2018-05-21 11:04:44,171  INFO: CTP	交易服务器连接断开
2018-05-21 11:04:44,336  INFO: CTP	交易服务器连接成功
2018-05-21 11:04:44,374  INFO: CTP	交易服务器连接断开
2018-05-21 11:04:47,453  INFO: CTP	交易服务器连接成功
2018-05-21 11:04:47,456  INFO: CTP	交易服务器连接断开
2018-05-21 11:04:47,494  INFO: CTP	交易服务器连接成功
2018-05-21 11:04:47,530  INFO: CTP	交易服务器连接断开
2018-05-21 11:04:47,552  INFO: CTP	交易服务器连接成功
2018-05-21 11:04:47,732  INFO: CTP	交易服务器连接断开
2018-05-21 11:04:47,750  INFO: CTP	交易服务器连接成功
2018-05-21 11:04:47,783  INFO: CTP	交易服务器连接断开
2018-05-21 11:04:47,848  INFO: CTP	交易服务器连接成功
2018-05-21 11:04:48,164  INFO: CTP	交易服务器连接断开
2018-05-21 11:04:48,230  INFO: CTP	交易服务器连接成功
2018-05-21 11:04:48,232  INFO: CTP	交易服务器连接断开
2018-05-21 11:04:48,298  INFO: CTP	交易服务器连接成功
2018-05-21 11:04:48,303  INFO: CTP	交易服务器连接断开
2018-05-21 11:04:51,364  INFO: CTP	交易服务器连接成功
2018-05-21 11:05:28,207  INFO: CTP	交易服务器连接断开
2018-05-21 11:05:35,267  INFO: CTP	行情服务器连接成功
2018-05-21 11:05:35,338  INFO: CTP	行情服务器登录完成
2018-05-21 11:05:35,657  INFO: CTP	行情服务器连接成功
2018-05-21 11:05:38,342  INFO: CTP	交易服务器连接成功
2018-05-21 11:05:38,375  INFO: CTP	交易服务器连接断开
2018-05-21 11:05:38,492  INFO: CTP	交易服务器连接成功
2018-05-21 11:05:38,657  INFO: CTP	交易服务器连接断开
2018-05-21 11:05:38,693  INFO: CTP	交易服务器连接成功
2018-05-21 11:05:39,038  INFO: CTP	交易服务器连接断开
2018-05-21 11:05:39,203  INFO: CTP	交易服务器连接成功
2018-05-21 11:05:39,269  INFO: CTP	交易服务器连接断开
2018-05-21 11:05:42,361  INFO: CTP	交易服务器连接成功
2018-05-21 11:05:42,427  INFO: CTP	交易服务器连接断开
2018-05-21 11:05:42,497  INFO: CTP	交易服务器连接成功
2018-05-21 11:05:42,617  INFO: CTP	交易服务器连接断开
2018-05-21 11:05:42,654  INFO: CTP	交易服务器连接成功
2018-05-21 11:05:42,772  INFO: CTP	交易服务器连接断开
2018-05-21 11:05:47,184  INFO: CTP	交易服务器连接成功
2018-05-21 11:05:47,220  INFO: CTP	交易服务器连接断开
2018-05-21 11:05:47,288  INFO: CTP	交易服务器连接成功
2018-05-21 11:05:47,403  INFO: CTP	交易服务器连接成功
2018-05-21 11:05:47,405  INFO: CTP	交易服务器连接断开
2018-05-21 11:05:47,520  INFO: CTP	交易服务器连接断开
2018-05-21 11:05:47,523  INFO: CTP	交易服务器连接成功
2018-05-21 11:05:47,594  INFO: CTP	交易服务器连接断开
2018-05-21 11:05:47,595  INFO: CTP	交易服务器连接成功
2018-05-21 11:05:47,668  INFO: CTP	交易服务器连接断开
2018-05-21 11:05:47,676  INFO: CTP	交易服务器连接成功
2018-05-21 11:05:47,746  INFO: CTP	交易服务器连接断开
2018-05-21 11:05:47,752  INFO: CTP	交易服务器连接成功
2018-05-21 11:05:47,822  INFO: CTP	交易服务器连接断开
2018-05-21 11:05:47,938  INFO: CTP	交易服务器连接成功
2018-05-21 11:05:47,976  INFO: CTP	交易服务器连接断开
2018-05-21 11:05:48,095  INFO: CTP	交易服务器连接成功
2018-05-21 11:05:48,128  INFO: CTP	交易服务器连接断开
2018-05-21 11:05:48,244  INFO: CTP	交易服务器连接成功
2018-05-21 11:05:48,311  INFO: CTP	交易服务器连接断开
2018-05-21 11:05:48,378  INFO: CTP	交易服务器连接成功
2018-05-21 11:05:48,493  INFO: CTP	交易服务器连接断开
2018-05-21 11:05:48,526  INFO: CTP	交易服务器连接成功
2018-05-21 11:05:48,647  INFO: CTP	交易服务器连接断开
2018-05-21 11:05:48,716  INFO: CTP	交易服务器连接成功
2018-05-21 11:05:48,782  INFO: CTP	交易服务器连接断开
2018-05-21 11:05:48,848  INFO: CTP	交易服务器连接成功
2018-05-21 11:05:48,964  INFO: CTP	交易服务器连接断开
2018-05-21 11:05:49,030  INFO: CTP	交易服务器连接成功
2018-05-21 11:05:49,535  INFO: CTP	交易服务器连接断开
2018-05-21 11:05:49,650  INFO: CTP	交易服务器连接成功
2018-05-21 11:05:49,714  INFO: CTP	交易服务器连接断开
2018-05-21 11:05:49,832  INFO: CTP	交易服务器连接成功
2018-05-21 11:05:49,851  INFO: CTP	交易服务器连接断开
2018-05-21 11:05:49,970  INFO: CTP	交易服务器连接成功
2018-05-21 11:05:50,040  INFO: CTP	交易服务器连接断开
2018-05-21 11:05:50,109  INFO: CTP	交易服务器连接成功
2018-05-21 11:05:50,428  INFO: CTP	交易服务器连接断开
2018-05-21 11:05:50,545  INFO: CTP	交易服务器连接成功
2018-05-21 11:05:50,578  INFO: CTP	交易服务器连接断开
2018-05-21 11:05:50,693  INFO: CTP	交易服务器连接成功
2018-05-21 11:05:50,730  INFO: CTP	交易服务器连接断开
2018-05-21 11:05:50,845  INFO: CTP	交易服务器连接成功
2018-05-21 11:05:50,846  INFO: CTP	交易服务器连接成功
2018-05-21 11:05:50,913  INFO: CTP	交易服务器连接断开
2018-05-21 11:05:50,915  INFO: CTP	交易服务器连接断开
2018-05-21 11:05:50,980  INFO: CTP	交易服务器连接成功
2018-05-21 11:05:50,983  INFO: CTP	交易服务器连接成功
2018-05-21 11:05:51,049  INFO: CTP	交易服务器连接断开
2018-05-21 11:05:51,052  INFO: CTP	交易服务器连接断开
2018-05-21 11:05:51,167  INFO: CTP	交易服务器连接成功
2018-05-21 11:05:51,170  INFO: CTP	交易服务器连接成功
2018-05-21 11:05:51,236  INFO: CTP	交易服务器连接断开
2018-05-21 11:05:51,237  INFO: CTP	交易服务器连接断开
2018-05-21 11:05:51,312  INFO: CTP	交易服务器连接成功
2018-05-21 11:05:51,318  INFO: CTP	交易服务器连接成功
2018-05-21 11:05:51,384  INFO: CTP	交易服务器连接断开
2018-05-21 11:05:51,385  INFO: CTP	交易服务器连接断开
2018-05-21 11:05:51,460  INFO: CTP	交易服务器连接成功
2018-05-21 11:05:51,461  INFO: CTP	交易服务器连接成功
2018-05-21 11:05:51,578  INFO: CTP	交易服务器连接断开
2018-05-21 11:05:51,581  INFO: CTP	交易服务器连接断开
2018-05-21 11:05:51,621  INFO: CTP	交易服务器连接成功
2018-05-21 11:05:51,624  INFO: CTP	交易服务器连接成功
2018-05-21 11:05:51,743  INFO: CTP	交易服务器连接断开
2018-05-21 11:06:01,131  INFO: MAIN_ENGINE	MongoDB连接成功
2018-05-21 11:06:01,246  INFO: CTP	行情服务器连接成功
2018-05-21 11:06:01,253  INFO: CTP	交易服务器连接成功
2018-05-21 11:06:01,319  INFO: CTP	交易服务器连接断开
2018-05-21 11:06:01,322  INFO: CTP	行情服务器登录完成
2018-05-21 11:06:01,388  INFO: CTP	交易服务器连接成功
2018-05-21 11:06:01,683  INFO: CTP	交易服务器连接断开
2018-05-21 11:06:01,799  INFO: CTP	交易服务器连接成功
2018-05-21 11:06:01,865  INFO: CTP	交易服务器连接断开
2018-05-21 11:06:01,980  INFO: CTP	交易服务器连接成功
2018-05-21 11:06:02,017  INFO: CTP	交易服务器连接断开
2018-05-21 11:06:02,489  INFO: CTP	交易服务器连接成功
2018-05-21 11:06:02,605  INFO: CTP	交易服务器连接断开
2018-05-21 11:06:02,671  INFO: CTP	交易服务器连接成功
2018-05-21 11:06:02,736  INFO: CTP	交易服务器连接断开
2018-05-21 11:06:02,855  INFO: CTP	交易服务器连接成功
2018-05-21 11:06:02,888  INFO: CTP	交易服务器连接断开
2018-05-21 11:06:03,009  INFO: CTP	交易服务器连接成功
2018-05-21 11:06:03,078  INFO: CTP	交易服务器连接断开
2018-05-21 11:06:03,112  INFO: CTP	交易服务器连接成功
2018-05-21 11:06:03,230  INFO: CTP	交易服务器连接断开
2018-05-21 11:06:03,249  INFO: CTP	交易服务器连接成功
2018-05-21 11:06:03,313  INFO: CTP	交易服务器连接断开
2018-05-21 11:06:03,384  INFO: CTP	交易服务器连接成功
2018-05-21 11:06:03,503  INFO: CTP	交易服务器连接断开
2018-05-21 11:06:03,539  INFO: CTP	交易服务器连接成功
2018-05-21 11:06:03,654  INFO: CTP	交易服务器连接断开
2018-05-21 11:06:03,696  INFO: CTP	交易服务器连接成功
2018-05-21 11:06:03,762  INFO: CTP	交易服务器连接断开
2018-05-21 11:06:03,828  INFO: CTP	交易服务器连接成功
2018-05-21 11:06:03,944  INFO: CTP	交易服务器连接断开
2018-05-21 11:06:03,966  INFO: CTP	交易服务器连接成功
2018-05-21 11:06:04,039  INFO: CTP	交易服务器连接断开
2018-05-21 11:06:04,155  INFO: CTP	交易服务器连接成功
2018-05-21 11:06:04,221  INFO: CTP	交易服务器连接断开
2018-05-21 11:06:04,338  INFO: CTP	交易服务器连接成功
2018-05-21 11:06:04,375  INFO: CTP	交易服务器连接断开
2018-05-21 11:06:04,493  INFO: CTP	交易服务器连接成功
2018-05-21 11:06:04,526  INFO: CTP	交易服务器连接断开
2018-05-21 11:06:04,650  INFO: CTP	交易服务器连接成功
2018-05-21 11:06:04,698  INFO: CTP	交易服务器连接断开
2018-05-21 11:06:04,816  INFO: CTP	交易服务器连接成功
2018-05-21 11:06:04,881  INFO: CTP	交易服务器连接断开
2018-05-21 11:06:04,947  INFO: CTP	交易服务器连接成功
2018-05-21 11:06:05,065  INFO: CTP	交易服务器连接断开
2018-05-21 11:06:05,098  INFO: CTP	交易服务器连接成功
2018-05-21 11:06:05,214  INFO: CTP	交易服务器连接断开
2018-05-21 11:06:05,247  INFO: CTP	交易服务器连接成功
2018-05-21 11:06:05,368  INFO: CTP	交易服务器连接断开
2018-05-21 11:06:05,483  INFO: CTP	交易服务器连接成功
2018-05-21 11:06:05,548  INFO: CTP	交易服务器连接断开
2018-05-21 11:06:05,615  INFO: CTP	交易服务器连接成功
2018-05-21 11:06:05,730  INFO: CTP	交易服务器连接断开
2018-05-21 11:06:05,799  INFO: CTP	交易服务器连接成功
2018-05-21 11:06:05,865  INFO: CTP	交易服务器连接断开
2018-05-21 11:06:05,933  INFO: CTP	交易服务器连接成功
2018-05-21 11:06:06,048  INFO: CTP	交易服务器连接断开
2018-05-21 11:06:06,115  INFO: CTP	交易服务器连接成功
2018-05-21 11:06:06,180  INFO: CTP	交易服务器连接断开
2018-05-21 11:06:06,249  INFO: CTP	交易服务器连接成功
2018-05-21 11:06:06,832  INFO: CTP	交易服务器连接断开
2018-05-21 11:06:06,901  INFO: CTP	交易服务器连接成功
2018-05-21 11:06:07,016  INFO: CTP	交易服务器连接断开
2018-05-21 11:06:07,049  INFO: CTP	交易服务器连接成功
2018-05-21 11:06:07,167  INFO: CTP	交易服务器连接断开
2018-05-21 11:06:07,335  INFO: CTP	交易服务器连接成功
2018-05-21 11:06:07,450  INFO: CTP	交易服务器连接断开
2018-05-21 11:06:07,516  INFO: CTP	交易服务器连接成功
2018-05-21 11:06:07,582  INFO: CTP	交易服务器连接断开
2018-05-21 11:06:07,697  INFO: CTP	交易服务器连接成功
2018-05-21 11:06:07,733  INFO: CTP	交易服务器连接断开
2018-05-21 11:06:07,848  INFO: CTP	交易服务器连接成功
2018-05-21 11:06:07,917  INFO: CTP	交易服务器连接断开
2018-05-21 11:06:07,986  INFO: CTP	交易服务器连接成功
2018-05-21 11:06:08,051  INFO: CTP	交易服务器连接断开
2018-05-21 11:06:08,167  INFO: CTP	交易服务器连接成功
2018-05-21 11:06:08,232  INFO: CTP	交易服务器连接断开
2018-05-21 11:06:08,299  INFO: CTP	交易服务器连接成功
2018-05-21 11:06:08,414  INFO: CTP	交易服务器连接断开
2018-05-21 11:06:08,453  INFO: CTP	交易服务器连接成功
2018-05-21 11:06:08,572  INFO: CTP	交易服务器连接断开
2018-05-21 11:06:08,644  INFO: CTP	交易服务器连接成功
2018-05-21 11:06:08,710  INFO: CTP	交易服务器连接断开
2018-05-21 11:06:08,790  INFO: CTP	交易服务器连接成功
2018-05-21 11:06:08,857  INFO: CTP	交易服务器连接断开
2018-05-21 11:06:08,973  INFO: CTP	交易服务器连接成功
2018-05-21 11:06:09,039  INFO: CTP	交易服务器连接断开
2018-05-21 11:06:09,105  INFO: CTP	交易服务器连接成功
2018-05-21 11:06:09,171  INFO: CTP	交易服务器连接断开
2018-05-21 11:06:09,286  INFO: CTP	交易服务器连接成功
2018-05-21 11:06:09,352  INFO: CTP	交易服务器连接断开
2018-05-21 11:06:09,418  INFO: CTP	交易服务器连接成功
2018-05-21 11:06:09,535  INFO: CTP	交易服务器连接断开
2018-05-21 11:06:09,604  INFO: CTP	交易服务器连接成功
2018-05-21 11:06:09,671  INFO: CTP	交易服务器连接断开
2018-05-21 11:06:09,742  INFO: CTP	交易服务器连接成功
2018-05-21 11:06:09,858  INFO: CTP	交易服务器连接断开
2018-05-21 11:06:09,923  INFO: CTP	交易服务器连接成功
2018-05-21 11:06:09,989  INFO: CTP	交易服务器连接断开
2018-05-21 11:06:10,108  INFO: CTP	交易服务器连接成功
2018-05-21 11:06:10,178  INFO: CTP	交易服务器连接断开
2018-05-21 11:06:10,296  INFO: CTP	交易服务器连接成功
2018-05-21 11:06:10,331  INFO: CTP	交易服务器连接断开
2018-05-21 11:06:10,450  INFO: CTP	交易服务器连接成功
2018-05-21 11:06:10,516  INFO: CTP	交易服务器连接断开
2018-05-21 11:06:10,582  INFO: CTP	交易服务器连接成功
2018-05-21 11:06:10,648  INFO: CTP	交易服务器连接断开
2018-05-21 11:06:10,763  INFO: CTP	交易服务器连接成功
2018-05-21 11:06:10,828  INFO: CTP	交易服务器连接断开
2018-05-21 11:06:10,894  INFO: CTP	交易服务器连接成功
2018-05-21 11:06:11,010  INFO: CTP	交易服务器连接断开
2018-05-21 11:06:11,085  INFO: CTP	交易服务器连接成功
2018-05-21 11:06:11,153  INFO: CTP	交易服务器连接断开
2018-05-21 11:06:11,217  INFO: CTP	交易服务器连接成功
2018-05-21 11:06:11,332  INFO: CTP	交易服务器连接断开
2018-05-21 11:06:14,375  INFO: CTP	交易服务器连接成功
2018-05-21 11:06:25,953  INFO: MAIN_ENGINE	接口不存在：
2018-05-21 11:06:58,125  INFO: MAIN_ENGINE	MongoDB连接成功
2018-05-21 11:06:58,191  INFO: CTP	行情服务器连接成功
2018-05-21 11:06:58,196  INFO: CTP	交易服务器连接成功
2018-05-21 11:06:58,262  INFO: CTP	交易服务器连接断开
2018-05-21 11:06:58,263  INFO: CTP	行情服务器登录完成
2018-05-21 11:06:58,328  INFO: CTP	交易服务器连接成功
2018-05-21 11:06:58,444  INFO: CTP	交易服务器连接断开
2018-05-21 11:06:58,513  INFO: CTP	交易服务器连接成功
2018-05-21 11:06:58,582  INFO: CTP	交易服务器连接断开
2018-05-21 11:06:58,700  INFO: CTP	交易服务器连接成功
2018-05-21 11:06:58,737  INFO: CTP	交易服务器连接断开
2018-05-21 11:06:58,865  INFO: CTP	交易服务器连接成功
2018-05-21 11:06:58,898  INFO: CTP	交易服务器连接断开
2018-05-21 11:06:59,013  INFO: CTP	交易服务器连接成功
2018-05-21 11:06:59,049  INFO: CTP	交易服务器连接断开
2018-05-21 11:06:59,165  INFO: CTP	交易服务器连接成功
2018-05-21 11:06:59,236  INFO: CTP	交易服务器连接断开
2018-05-21 11:06:59,302  INFO: CTP	交易服务器连接成功
2018-05-21 11:06:59,418  INFO: CTP	交易服务器连接断开
2018-05-21 11:06:59,451  INFO: CTP	交易服务器连接成功
2018-05-21 11:06:59,566  INFO: CTP	交易服务器连接断开
2018-05-21 11:06:59,637  INFO: CTP	交易服务器连接成功
2018-05-21 11:06:59,706  INFO: CTP	交易服务器连接断开
2018-05-21 11:06:59,775  INFO: CTP	交易服务器连接成功
2018-05-21 11:06:59,846  INFO: CTP	交易服务器连接断开
2018-05-21 11:06:59,963  INFO: CTP	交易服务器连接成功
2018-05-21 11:07:00,029  INFO: CTP	交易服务器连接断开
2018-05-21 11:07:00,095  INFO: CTP	交易服务器连接成功
2018-05-21 11:07:00,211  INFO: CTP	交易服务器连接断开
2018-05-21 11:07:00,280  INFO: CTP	交易服务器连接成功
2018-05-21 11:07:00,973  INFO: CTP	交易服务器连接断开
2018-05-21 11:07:01,038  INFO: CTP	交易服务器连接成功
2018-05-21 11:07:01,104  INFO: CTP	交易服务器连接断开
2018-05-21 11:07:01,168  INFO: CTP	交易服务器连接成功
2018-05-21 11:07:01,285  INFO: CTP	交易服务器连接断开
2018-05-21 11:07:01,351  INFO: CTP	交易服务器连接成功
2018-05-21 11:07:01,417  INFO: CTP	交易服务器连接断开
2018-05-21 11:07:01,532  INFO: CTP	交易服务器连接成功
2018-05-21 11:07:01,565  INFO: CTP	交易服务器连接断开
2018-05-21 11:07:01,680  INFO: CTP	交易服务器连接成功
2018-05-21 11:07:01,750  INFO: CTP	交易服务器连接断开
2018-05-21 11:07:04,858  INFO: CTP	交易服务器连接成功
2018-05-21 11:07:04,897  INFO: CTP	交易服务器连接断开
2018-05-21 11:07:05,016  INFO: CTP	交易服务器连接成功
2018-05-21 11:07:05,053  INFO: CTP	交易服务器连接断开
2018-05-21 11:07:05,223  INFO: CTP	交易服务器连接成功
2018-05-21 11:07:05,259  INFO: CTP	交易服务器连接断开
2018-05-21 11:07:05,377  INFO: CTP	交易服务器连接成功
2018-05-21 11:07:05,413  INFO: CTP	交易服务器连接断开
2018-05-21 11:07:05,528  INFO: CTP	交易服务器连接成功
2018-05-21 11:07:05,592  INFO: CTP	交易服务器连接断开
2018-05-21 11:07:05,658  INFO: CTP	交易服务器连接成功
2018-05-21 11:07:05,727  INFO: CTP	交易服务器连接断开
2018-05-21 11:07:05,848  INFO: CTP	交易服务器连接成功
2018-05-21 11:07:05,917  INFO: CTP	交易服务器连接断开
2018-05-21 11:07:05,992  INFO: CTP	交易服务器连接成功
2018-05-21 11:07:06,061  INFO: CTP	交易服务器连接断开
2018-05-21 11:07:06,186  INFO: CTP	交易服务器连接成功
2018-05-21 11:07:06,220  INFO: CTP	交易服务器连接断开
2018-05-21 11:07:09,436  INFO: CTP	交易服务器连接成功
2018-05-21 11:07:09,506  INFO: CTP	交易服务器连接断开
2018-05-21 11:07:09,575  INFO: CTP	交易服务器连接成功
2018-05-21 11:07:09,644  INFO: CTP	交易服务器连接断开
2018-05-21 11:07:09,763  INFO: CTP	交易服务器连接成功
2018-05-21 11:07:10,049  INFO: CTP	交易服务器连接断开
2018-05-21 11:07:10,168  INFO: CTP	交易服务器连接成功
2018-05-21 11:07:10,233  INFO: CTP	交易服务器连接断开
2018-05-21 11:07:10,299  INFO: CTP	交易服务器连接成功
2018-05-21 11:07:10,415  INFO: CTP	交易服务器连接断开
2018-05-21 11:07:10,484  INFO: CTP	交易服务器连接成功
2018-05-21 11:07:10,555  INFO: CTP	交易服务器连接断开
2018-05-21 11:07:10,673  INFO: CTP	交易服务器连接成功
2018-05-21 11:07:10,691  INFO: CTP	交易服务器连接断开
2018-05-21 11:07:10,811  INFO: CTP	交易服务器连接成功
2018-05-21 11:07:10,848  INFO: CTP	交易服务器连接断开
2018-05-21 11:07:10,967  INFO: CTP	交易服务器连接成功
2018-05-21 11:07:11,019  INFO: CTP	交易服务器连接断开
2018-05-21 11:07:11,138  INFO: CTP	交易服务器连接成功
2018-05-21 11:07:11,171  INFO: CTP	交易服务器连接断开
2018-05-21 11:07:11,288  INFO: CTP	交易服务器连接成功
2018-05-21 11:07:11,403  INFO: CTP	交易服务器连接断开
2018-05-21 11:07:11,473  INFO: CTP	交易服务器连接成功
2018-05-21 11:07:11,542  INFO: CTP	交易服务器连接断开
2018-05-21 11:07:11,661  INFO: CTP	交易服务器连接成功
2018-05-21 11:07:11,694  INFO: CTP	交易服务器连接断开
2018-05-21 11:07:11,812  INFO: CTP	交易服务器连接成功
2018-05-21 11:07:11,849  INFO: CTP	交易服务器连接断开
2018-05-21 11:07:11,967  INFO: CTP	交易服务器连接成功
2018-05-21 11:07:12,006  INFO: CTP	交易服务器连接断开
2018-05-21 11:07:12,125  INFO: CTP	交易服务器连接成功
2018-05-21 11:07:12,190  INFO: CTP	交易服务器连接断开
2018-05-21 11:07:12,256  INFO: CTP	交易服务器连接成功
2018-05-21 11:07:12,372  INFO: CTP	交易服务器连接断开
2018-05-21 11:07:12,438  INFO: CTP	交易服务器连接成功
2018-05-21 11:07:12,505  INFO: CTP	交易服务器连接断开
2018-05-21 11:07:12,569  INFO: CTP	交易服务器连接成功
2018-05-21 11:07:12,684  INFO: CTP	交易服务器连接断开
2018-05-21 11:07:12,799  INFO: CTP	交易服务器连接成功
2018-05-21 11:09:27,479  INFO: MAIN_ENGINE	MongoDB连接成功
2018-05-21 11:09:27,746  INFO: CTP	交易服务器连接成功
2018-05-21 11:09:27,749  INFO: CTP	行情服务器连接成功
2018-05-21 11:09:27,813  INFO: CTP	行情服务器登录完成
2018-05-21 11:09:27,816  INFO: CTP	交易服务器连接断开
2018-05-21 11:09:27,931  INFO: CTP	交易服务器连接成功
2018-05-21 11:09:27,996  INFO: CTP	交易服务器连接断开
2018-05-21 11:09:28,062  INFO: CTP	交易服务器连接成功
2018-05-21 11:09:28,127  INFO: CTP	交易服务器连接断开
2018-05-21 11:09:28,242  INFO: CTP	交易服务器连接成功
2018-05-21 11:09:28,306  INFO: CTP	交易服务器连接断开
2018-05-21 11:09:31,684  INFO: CTP	交易服务器连接成功
2018-05-21 11:09:31,752  INFO: CTP	交易服务器连接断开
2018-05-21 11:09:31,818  INFO: CTP	交易服务器连接成功
2018-05-21 11:09:31,934  INFO: CTP	交易服务器连接断开
2018-05-21 11:09:32,000  INFO: CTP	交易服务器连接成功
2018-05-21 11:09:32,065  INFO: CTP	交易服务器连接断开
2018-05-21 11:09:32,181  INFO: CTP	交易服务器连接成功
2018-05-21 11:09:32,217  INFO: CTP	交易服务器连接断开
2018-05-21 11:09:32,332  INFO: CTP	交易服务器连接成功
2018-05-21 11:09:32,369  INFO: CTP	交易服务器连接断开
2018-05-21 11:09:32,486  INFO: CTP	交易服务器连接成功
2018-05-21 11:09:32,552  INFO: CTP	交易服务器连接断开
2018-05-21 11:09:32,618  INFO: CTP	交易服务器连接成功
2018-05-21 11:09:32,733  INFO: CTP	交易服务器连接断开
2018-05-21 11:09:32,767  INFO: CTP	交易服务器连接成功
2018-05-21 11:09:32,864  INFO: CTP	交易服务器连接断开
2018-05-21 11:09:32,930  INFO: CTP	交易服务器连接成功
2018-05-21 11:09:33,046  INFO: CTP	交易服务器连接断开
2018-05-21 11:09:33,111  INFO: CTP	交易服务器连接成功
2018-05-21 11:09:33,177  INFO: CTP	交易服务器连接断开
2018-05-21 11:09:33,243  INFO: CTP	交易服务器连接成功
2018-05-21 11:09:33,661  INFO: CTP	交易服务器连接断开
2018-05-21 11:09:33,776  INFO: CTP	交易服务器连接成功
2018-05-21 11:09:33,816  INFO: CTP	交易服务器连接断开
2018-05-21 11:09:33,933  INFO: CTP	交易服务器连接成功
2018-05-21 11:09:34,049  INFO: CTP	交易服务器连接断开
2018-05-21 11:09:34,115  INFO: CTP	交易服务器连接成功
2018-05-21 11:09:34,181  INFO: CTP	交易服务器连接断开
2018-05-21 11:09:34,247  INFO: CTP	交易服务器连接成功
2018-05-21 11:09:34,713  INFO: CTP	交易服务器连接断开
2018-05-21 11:09:34,778  INFO: CTP	交易服务器连接成功
2018-05-21 11:09:34,851  INFO: CTP	交易服务器连接断开
2018-05-21 11:09:34,967  INFO: CTP	交易服务器连接成功
2018-05-21 11:09:35,032  INFO: CTP	交易服务器连接断开
2018-05-21 11:09:35,098  INFO: CTP	交易服务器连接成功
2018-05-21 11:09:35,164  INFO: CTP	交易服务器连接断开
2018-05-21 11:09:35,280  INFO: CTP	交易服务器连接成功
2018-05-21 11:09:35,345  INFO: CTP	交易服务器连接断开
2018-05-21 11:09:35,460  INFO: CTP	交易服务器连接成功
2018-05-21 11:09:35,496  INFO: CTP	交易服务器连接断开
2018-05-21 11:09:35,611  INFO: CTP	交易服务器连接成功
2018-05-21 11:09:35,677  INFO: CTP	交易服务器连接断开
2018-05-21 11:09:35,792  INFO: CTP	交易服务器连接成功
2018-05-21 11:09:35,809  INFO: CTP	交易服务器连接断开
2018-05-21 11:09:35,907  INFO: CTP	交易服务器连接成功
2018-05-21 11:09:35,971  INFO: CTP	交易服务器连接断开
2018-05-21 11:09:36,086  INFO: CTP	交易服务器连接成功
2018-05-21 11:09:36,154  INFO: CTP	交易服务器连接断开
2018-05-21 11:09:36,220  INFO: CTP	交易服务器连接成功
2018-05-21 11:09:36,335  INFO: CTP	交易服务器连接断开
2018-05-21 11:09:36,407  INFO: CTP	交易服务器连接成功
2018-05-21 11:09:36,473  INFO: CTP	交易服务器连接断开
2018-05-21 11:09:36,540  INFO: CTP	交易服务器连接成功
2018-05-21 11:09:36,607  INFO: CTP	交易服务器连接断开
2018-05-21 11:09:36,721  INFO: CTP	交易服务器连接成功
2018-05-21 11:09:36,789  INFO: CTP	交易服务器连接断开
2018-05-21 11:09:36,855  INFO: CTP	交易服务器连接成功
2018-05-21 11:09:36,971  INFO: CTP	交易服务器连接断开
2018-05-21 11:09:37,006  INFO: CTP	交易服务器连接成功
2018-05-21 11:09:37,121  INFO: CTP	交易服务器连接断开
2018-05-21 11:09:37,187  INFO: CTP	交易服务器连接成功
2018-05-21 11:09:37,253  INFO: CTP	交易服务器连接断开
2018-05-21 11:09:37,371  INFO: CTP	交易服务器连接成功
2018-05-21 11:09:37,414  INFO: CTP	交易服务器连接断开
2018-05-21 11:09:37,532  INFO: CTP	交易服务器连接成功
2018-05-21 11:09:37,565  INFO: CTP	交易服务器连接断开
2018-05-21 11:09:37,732  INFO: CTP	交易服务器连接成功
2018-05-21 11:09:37,803  INFO: CTP	交易服务器连接断开
2018-05-21 11:09:41,720  INFO: CTP	交易服务器连接成功
2018-05-21 11:09:41,786  INFO: CTP	交易服务器连接断开
2018-05-21 11:09:44,871  INFO: CTP	交易服务器连接成功
2018-05-21 11:09:44,937  INFO: CTP	交易服务器连接断开
2018-05-21 11:09:45,033  INFO: CTP	交易服务器连接成功
2018-05-21 11:09:45,099  INFO: CTP	交易服务器连接断开
2018-05-21 11:09:45,165  INFO: CTP	交易服务器连接成功
2018-05-21 11:09:45,282  INFO: CTP	交易服务器连接断开
2018-05-21 11:09:48,372  INFO: CTP	交易服务器连接成功
2018-05-21 11:09:48,438  INFO: CTP	交易服务器连接断开
2018-05-21 11:09:48,553  INFO: CTP	交易服务器连接成功
2018-05-21 11:09:48,618  INFO: CTP	交易服务器连接断开
2018-05-21 11:09:48,733  INFO: CTP	交易服务器连接成功
2018-05-21 11:09:48,766  INFO: CTP	交易服务器连接断开
2018-05-21 11:09:48,885  INFO: CTP	交易服务器连接成功
2018-05-21 11:09:48,950  INFO: CTP	交易服务器连接断开
2018-05-21 11:09:49,016  INFO: CTP	交易服务器连接成功
2018-05-21 11:09:49,154  INFO: CTP	交易服务器连接断开
2018-05-21 11:09:49,163  INFO: CTP	交易服务器连接成功
2018-05-21 11:09:49,279  INFO: CTP	交易服务器连接断开
2018-05-21 11:09:49,344  INFO: CTP	交易服务器连接成功
2018-05-21 11:09:49,408  INFO: CTP	交易服务器连接断开
2018-05-21 11:09:49,523  INFO: CTP	交易服务器连接成功
2018-05-21 11:09:49,588  INFO: CTP	交易服务器连接断开
2018-05-21 11:09:49,654  INFO: CTP	交易服务器连接成功
2018-05-21 11:09:49,769  INFO: CTP	交易服务器连接断开
2018-05-21 11:09:49,805  INFO: CTP	交易服务器连接成功
2018-05-21 11:09:49,921  INFO: CTP	交易服务器连接断开
2018-05-21 11:09:49,986  INFO: CTP	交易服务器连接成功
2018-05-21 11:09:50,051  INFO: CTP	交易服务器连接断开
2018-05-21 11:09:50,165  INFO: CTP	交易服务器连接成功
2018-05-21 11:09:50,230  INFO: CTP	交易服务器连接断开
2018-05-21 11:09:50,296  INFO: CTP	交易服务器连接成功
2018-05-21 11:09:50,411  INFO: CTP	交易服务器连接断开
2018-05-21 11:09:50,526  INFO: CTP	交易服务器连接成功
2018-05-21 11:09:50,591  INFO: CTP	交易服务器连接断开
2018-05-21 11:09:50,657  INFO: CTP	交易服务器连接成功
2018-05-21 11:09:50,773  INFO: CTP	交易服务器连接断开
2018-05-21 11:09:50,849  INFO: CTP	交易服务器连接成功
2018-05-21 11:09:50,898  INFO: CTP	交易服务器连接断开
2018-05-21 11:09:51,013  INFO: CTP	交易服务器连接成功
2018-05-21 11:09:51,046  INFO: CTP	交易服务器连接断开
2018-05-21 11:09:51,161  INFO: CTP	交易服务器连接成功
2018-05-21 11:09:51,230  INFO: CTP	交易服务器连接断开
2018-05-21 11:09:51,296  INFO: CTP	交易服务器连接成功
2018-05-21 11:09:51,411  INFO: CTP	交易服务器连接断开
2018-05-21 11:09:51,444  INFO: CTP	交易服务器连接成功
2018-05-21 11:09:51,559  INFO: CTP	交易服务器连接断开
2018-05-21 11:09:51,625  INFO: CTP	交易服务器连接成功
2018-05-21 11:09:51,694  INFO: CTP	交易服务器连接断开
2018-05-21 11:09:51,809  INFO: CTP	交易服务器连接成功
2018-05-21 11:09:51,875  INFO: CTP	交易服务器连接断开
2018-05-21 11:09:51,941  INFO: CTP	交易服务器连接成功
2018-05-21 11:09:52,013  INFO: CTP	交易服务器连接断开
2018-05-21 11:09:52,086  INFO: CTP	交易服务器连接成功
2018-05-21 11:09:52,203  INFO: CTP	交易服务器连接断开
2018-05-21 11:09:52,766  INFO: CTP	交易服务器连接成功
2018-05-21 11:09:52,832  INFO: CTP	交易服务器连接断开
2018-05-21 11:09:52,897  INFO: CTP	交易服务器连接成功
2018-05-21 11:09:53,012  INFO: CTP	交易服务器连接断开
2018-05-21 11:09:53,076  INFO: CTP	交易服务器连接成功
2018-05-21 11:09:53,144  INFO: CTP	交易服务器连接断开
2018-05-21 11:09:53,210  INFO: CTP	交易服务器连接成功
2018-05-21 11:09:53,328  INFO: CTP	交易服务器连接断开
2018-05-21 11:09:53,642  INFO: CTP	交易服务器连接成功
2018-05-21 11:09:53,707  INFO: CTP	交易服务器连接断开
2018-05-21 11:09:53,773  INFO: CTP	交易服务器连接成功
2018-05-21 11:09:53,888  INFO: CTP	交易服务器连接断开
2018-05-21 11:09:53,953  INFO: CTP	交易服务器连接成功
2018-05-21 11:09:54,019  INFO: CTP	交易服务器连接断开
2018-05-21 11:09:54,134  INFO: CTP	交易服务器连接成功
2018-05-21 11:09:54,167  INFO: CTP	交易服务器连接断开
2018-05-21 11:09:54,285  INFO: CTP	交易服务器连接成功
2018-05-21 11:09:54,351  INFO: CTP	交易服务器连接断开
2018-05-21 11:09:54,483  INFO: CTP	交易服务器连接成功
2018-05-21 11:09:54,490  INFO: CTP	交易服务器连接断开
2018-05-21 11:09:54,596  INFO: CTP	交易服务器连接成功
2018-05-21 11:09:54,648  INFO: CTP	交易服务器连接断开
2018-05-21 11:09:54,773  INFO: CTP	交易服务器连接成功
2018-05-21 11:09:55,250  INFO: CTP	交易服务器连接断开
2018-05-21 11:09:55,283  INFO: CTP	交易服务器连接成功
2018-05-21 11:09:55,398  INFO: CTP	交易服务器连接断开
2018-05-21 11:09:55,463  INFO: CTP	交易服务器连接成功
2018-05-21 11:09:55,663  INFO: CTP	交易服务器连接断开
2018-05-21 11:09:55,740  INFO: CTP	交易服务器连接成功
2018-05-21 11:09:55,855  INFO: CTP	交易服务器连接断开
2018-05-21 11:09:55,895  INFO: CTP	交易服务器连接成功
2018-05-21 11:09:56,010  INFO: CTP	交易服务器连接断开
2018-05-21 11:09:56,127  INFO: CTP	交易服务器连接成功
2018-05-21 11:09:56,242  INFO: CTP	交易服务器连接断开
2018-05-21 11:09:56,306  INFO: CTP	交易服务器连接成功
2018-05-21 11:09:56,372  INFO: CTP	交易服务器连接断开
2018-05-21 11:09:56,490  INFO: CTP	交易服务器连接成功
2018-05-21 11:09:56,526  INFO: CTP	交易服务器连接断开
2018-05-21 11:09:56,654  INFO: CTP	交易服务器连接成功
2018-05-21 11:09:56,773  INFO: CTP	交易服务器连接断开
2018-05-21 11:09:56,898  INFO: CTP	交易服务器连接成功
2018-05-21 11:09:56,934  INFO: CTP	交易服务器连接断开
2018-05-21 11:09:57,019  INFO: CTP	交易服务器连接成功
2018-05-21 11:09:57,085  INFO: CTP	交易服务器连接断开
2018-05-21 11:09:57,165  INFO: CTP	交易服务器连接成功
2018-05-21 11:09:57,280  INFO: CTP	交易服务器连接断开
2018-05-21 11:09:57,345  INFO: CTP	交易服务器连接成功
2018-05-21 11:09:57,411  INFO: CTP	交易服务器连接断开
2018-05-21 11:09:57,526  INFO: CTP	交易服务器连接成功
2018-05-21 11:09:57,592  INFO: CTP	交易服务器连接断开
2018-05-21 11:09:57,657  INFO: CTP	交易服务器连接成功
2018-05-21 11:09:57,773  INFO: CTP	交易服务器连接断开
2018-05-21 11:10:00,848  INFO: CTP	交易服务器连接成功
2018-05-21 11:10:00,914  INFO: CTP	交易服务器连接断开
2018-05-21 11:10:00,980  INFO: CTP	交易服务器连接成功
2018-05-21 11:10:01,046  INFO: CTP	交易服务器连接断开
2018-05-21 11:10:01,161  INFO: CTP	交易服务器连接成功
2018-05-21 11:10:01,269  INFO: CTP	交易服务器连接断开
2018-05-21 11:10:01,335  INFO: CTP	交易服务器连接成功
2018-05-21 11:10:01,450  INFO: CTP	交易服务器连接断开
2018-05-21 11:10:01,483  INFO: CTP	交易服务器连接成功
2018-05-21 11:10:01,598  INFO: CTP	交易服务器连接断开
2018-05-21 11:10:01,664  INFO: CTP	交易服务器连接成功
2018-05-21 11:10:01,742  INFO: CTP	交易服务器连接断开
2018-05-21 11:10:01,809  INFO: CTP	交易服务器连接成功
2018-05-21 11:10:01,924  INFO: CTP	交易服务器连接断开
2018-05-21 11:10:01,990  INFO: CTP	交易服务器连接成功
2018-05-21 11:10:02,055  INFO: CTP	交易服务器连接断开
2018-05-21 11:10:02,171  INFO: CTP	交易服务器连接成功
2018-05-21 11:10:02,234  INFO: CTP	交易服务器连接断开
2018-05-21 11:10:02,308  INFO: CTP	交易服务器连接成功
2018-05-21 11:10:02,368  INFO: CTP	交易服务器连接断开
2018-05-21 11:10:02,461  INFO: CTP	交易服务器连接成功
2018-05-21 11:10:02,526  INFO: CTP	交易服务器连接断开
2018-05-21 11:10:02,647  INFO: CTP	交易服务器连接成功
2018-05-21 11:10:02,763  INFO: CTP	交易服务器连接断开
2018-05-21 11:10:05,907  INFO: CTP	交易服务器连接成功
2018-05-21 11:10:05,971  INFO: CTP	交易服务器连接断开
2018-05-21 11:10:06,085  INFO: CTP	交易服务器连接成功
2018-05-21 11:10:06,151  INFO: CTP	交易服务器连接断开
2018-05-21 11:10:06,214  INFO: CTP	交易服务器连接成功
2018-05-21 11:10:06,282  INFO: CTP	交易服务器连接断开
2018-05-21 11:10:06,398  INFO: CTP	交易服务器连接成功
2018-05-21 11:10:06,463  INFO: CTP	交易服务器连接断开
2018-05-21 11:10:06,578  INFO: CTP	交易服务器连接成功
2018-05-21 11:10:06,611  INFO: CTP	交易服务器连接断开
2018-05-21 11:10:06,726  INFO: CTP	交易服务器连接成功
2018-05-21 11:10:06,769  INFO: CTP	交易服务器连接断开
2018-05-21 11:10:09,845  INFO: CTP	交易服务器连接成功
2018-05-21 11:10:09,960  INFO: CTP	交易服务器连接断开
2018-05-21 11:10:10,025  INFO: CTP	交易服务器连接成功
2018-05-21 11:10:10,138  INFO: CTP	交易服务器连接断开
2018-05-21 11:10:10,171  INFO: CTP	交易服务器连接成功
2018-05-21 11:10:10,286  INFO: CTP	交易服务器连接断开
2018-05-21 11:10:10,326  INFO: CTP	交易服务器连接成功
2018-05-21 11:10:10,441  INFO: CTP	交易服务器连接断开
2018-05-21 11:10:10,509  INFO: CTP	交易服务器连接成功
2018-05-21 11:10:10,578  INFO: CTP	交易服务器连接断开
2018-05-21 11:10:10,654  INFO: CTP	交易服务器连接成功
2018-05-21 11:10:10,769  INFO: CTP	交易服务器连接断开
2018-05-21 11:10:10,835  INFO: CTP	交易服务器连接成功
2018-05-21 11:10:10,900  INFO: CTP	交易服务器连接断开
2018-05-21 11:10:11,013  INFO: CTP	交易服务器连接成功
2018-05-21 11:10:11,078  INFO: CTP	交易服务器连接断开
2018-05-21 11:10:11,148  INFO: CTP	交易服务器连接成功
2018-05-21 11:10:11,266  INFO: CTP	交易服务器连接断开
2018-05-21 11:10:11,299  INFO: CTP	交易服务器连接成功
2018-05-21 11:10:11,394  INFO: CTP	交易服务器连接断开
2018-05-21 11:10:11,460  INFO: CTP	交易服务器连接成功
2018-05-21 11:10:11,575  INFO: CTP	交易服务器连接断开
2018-05-21 11:10:11,614  INFO: CTP	交易服务器连接成功
2018-05-21 11:10:11,711  INFO: CTP	交易服务器连接断开
2018-05-21 11:10:11,776  INFO: CTP	交易服务器连接成功
2018-05-21 11:10:11,892  INFO: CTP	交易服务器连接断开
2018-05-21 11:10:11,926  INFO: CTP	交易服务器连接成功
2018-05-21 11:10:12,040  INFO: CTP	交易服务器连接断开
2018-05-21 11:10:12,107  INFO: CTP	交易服务器连接成功
2018-05-21 11:10:12,171  INFO: CTP	交易服务器连接断开
2018-05-21 11:10:12,288  INFO: CTP	交易服务器连接成功
2018-05-21 11:10:12,466  INFO: CTP	交易服务器连接断开
2018-05-21 11:10:12,581  INFO: CTP	交易服务器连接成功
2018-05-21 11:10:12,614  INFO: CTP	交易服务器连接断开
2018-05-21 11:10:12,729  INFO: CTP	交易服务器连接成功
2018-05-21 11:10:12,793  INFO: CTP	交易服务器连接断开
2018-05-21 11:10:12,858  INFO: CTP	交易服务器连接成功
2018-05-21 11:10:12,973  INFO: CTP	交易服务器连接断开
2018-05-21 11:10:13,036  INFO: CTP	交易服务器连接成功
2018-05-21 11:10:13,101  INFO: CTP	交易服务器连接断开
2018-05-21 11:10:13,217  INFO: CTP	交易服务器连接成功
2018-05-21 11:10:13,250  INFO: CTP	交易服务器连接断开
2018-05-21 11:10:17,581  INFO: CTP	交易服务器连接成功
2018-05-21 11:10:17,645  INFO: CTP	交易服务器连接断开
2018-05-21 11:10:17,710  INFO: CTP	交易服务器连接成功
2018-05-21 11:10:17,776  INFO: CTP	交易服务器连接断开
2018-05-21 11:10:17,890  INFO: CTP	交易服务器连接成功
2018-05-21 11:10:17,954  INFO: CTP	交易服务器连接断开
2018-05-21 11:10:18,019  INFO: CTP	交易服务器连接成功
2018-05-21 11:10:18,134  INFO: CTP	交易服务器连接断开
2018-05-21 11:10:18,250  INFO: CTP	交易服务器连接成功
2018-05-21 11:10:18,283  INFO: CTP	交易服务器连接断开
2018-05-21 11:10:21,368  INFO: CTP	交易服务器连接成功
2018-05-21 11:10:21,489  INFO: CTP	交易服务器连接断开
2018-05-21 11:10:21,605  INFO: CTP	交易服务器连接成功
2018-05-21 11:10:21,670  INFO: CTP	交易服务器连接断开
2018-05-21 11:10:21,739  INFO: CTP	交易服务器连接成功
2018-05-21 11:10:45,815  INFO: CTP	交易服务器连接断开
2018-05-21 11:10:45,980  INFO: CTP	交易服务器连接成功
2018-05-21 11:10:46,045  INFO: CTP	交易服务器连接断开
2018-05-21 11:10:46,160  INFO: CTP	交易服务器连接成功
2018-05-21 11:10:46,224  INFO: CTP	交易服务器连接断开
2018-05-21 11:10:46,289  INFO: CTP	交易服务器连接成功
2018-05-21 11:11:10,934  INFO: MAIN_ENGINE	MongoDB连接成功
2018-05-21 11:11:11,052  INFO: CTP	行情服务器连接成功
2018-05-21 11:11:11,053  INFO: CTP	交易服务器连接成功
2018-05-21 11:11:11,119  INFO: CTP	行情服务器登录完成
2018-05-21 11:11:11,122  INFO: CTP	交易服务器登录完成
2018-05-21 11:11:11,532  INFO: CTP	结算信息确认完成
2018-05-21 11:11:12,349  INFO: CTP	交易合约信息获取完成
2018-05-21 11:12:16,540  INFO: MAIN_ENGINE	MongoDB连接成功
2018-05-21 11:12:16,707  INFO: CTP	行情服务器连接成功
2018-05-21 11:12:16,710  INFO: CTP	交易服务器连接成功
2018-05-21 11:12:16,743  INFO: CTP	行情服务器登录完成
2018-05-21 11:12:16,746  INFO: CTP	交易服务器登录完成
2018-05-21 11:12:17,178  INFO: CTP	结算信息确认完成
2018-05-21 11:12:18,029  INFO: CTP	交易合约信息获取完成
2018-05-21 11:13:25,338  INFO: MAIN_ENGINE	MongoDB连接成功
2018-05-21 11:13:25,372  INFO: CTP	交易服务器连接成功
2018-05-21 11:13:25,375  INFO: CTP	行情服务器连接成功
2018-05-21 11:13:25,440  INFO: CTP	交易服务器连接断开
2018-05-21 11:13:25,450  INFO: CTP	行情服务器登录完成
2018-05-21 11:13:25,565  INFO: CTP	交易服务器连接成功
2018-05-21 11:13:25,630  INFO: CTP	交易服务器连接断开
2018-05-21 11:13:25,694  INFO: CTP	交易服务器连接成功
2018-05-21 11:13:25,759  INFO: CTP	交易服务器连接断开
2018-05-21 11:13:25,875  INFO: CTP	交易服务器连接成功
2018-05-21 11:14:26,342  INFO: MAIN_ENGINE	接口不存在：
2018-05-21 11:19:05,288  INFO: MAIN_ENGINE	MongoDB连接成功
2018-05-21 11:19:05,403  INFO: CTP	行情服务器连接成功
2018-05-21 11:19:05,467  INFO: CTP	行情服务器登录完成
2018-05-21 11:19:08,444  INFO: CTP	交易服务器连接成功
2018-05-21 11:19:08,561  INFO: CTP	交易服务器连接断开
2018-05-21 11:19:08,594  INFO: CTP	交易服务器连接成功
2018-05-21 11:19:08,709  INFO: CTP	交易服务器连接断开
2018-05-21 11:19:08,822  INFO: CTP	交易服务器连接成功
2018-05-21 11:19:10,457  INFO: CTP	交易服务器连接断开
2018-05-21 11:19:10,528  INFO: CTP	交易服务器连接成功
2018-05-21 11:19:10,592  INFO: CTP	交易服务器连接断开
2018-05-21 11:19:10,707  INFO: CTP	交易服务器连接成功
2018-05-21 11:19:10,773  INFO: CTP	交易服务器连接断开
2018-05-21 11:19:10,888  INFO: CTP	交易服务器连接成功
2018-05-21 11:19:10,921  INFO: CTP	交易服务器连接断开
2018-05-21 11:19:11,286  INFO: CTP	交易服务器连接成功
2018-05-21 11:19:11,401  INFO: CTP	交易服务器连接断开
2018-05-21 11:19:11,437  INFO: CTP	交易服务器连接成功
2018-05-21 11:19:11,559  INFO: CTP	交易服务器连接断开
2018-05-21 11:19:11,674  INFO: CTP	交易服务器连接成功
2018-05-21 11:19:11,739  INFO: CTP	交易服务器连接断开
2018-05-21 11:19:11,803  INFO: CTP	交易服务器连接成功
2018-05-21 11:19:11,918  INFO: CTP	交易服务器连接断开
2018-05-21 11:19:11,983  INFO: CTP	交易服务器连接成功
2018-05-21 11:19:12,049  INFO: CTP	交易服务器连接断开
2018-05-21 11:19:12,118  INFO: CTP	交易服务器连接成功
2018-05-21 11:19:12,237  INFO: CTP	交易服务器连接断开
2018-05-21 11:19:12,303  INFO: CTP	交易服务器连接成功
2018-05-21 11:19:12,368  INFO: CTP	交易服务器连接断开
2018-05-21 11:19:12,483  INFO: CTP	交易服务器连接成功
2018-05-21 11:19:12,520  INFO: CTP	交易服务器连接断开
2018-05-21 11:19:12,640  INFO: CTP	交易服务器连接成功
2018-05-21 11:19:12,676  INFO: CTP	交易服务器连接断开
2018-05-21 11:19:12,795  INFO: CTP	交易服务器连接成功
2018-05-21 11:19:12,865  INFO: CTP	交易服务器连接断开
2018-05-21 11:19:12,983  INFO: CTP	交易服务器连接成功
2018-05-21 11:19:13,053  INFO: CTP	交易服务器连接断开
2018-05-21 11:19:13,128  INFO: CTP	交易服务器连接成功
2018-05-21 11:19:13,197  INFO: CTP	交易服务器连接断开
2018-05-21 11:19:13,315  INFO: CTP	交易服务器连接成功
2018-05-21 11:19:13,387  INFO: CTP	交易服务器连接断开
2018-05-21 11:19:13,456  INFO: CTP	交易服务器连接成功
2018-05-21 11:19:14,075  INFO: CTP	交易服务器连接断开
2018-05-21 11:19:14,140  INFO: CTP	交易服务器连接成功
2018-05-21 11:19:14,255  INFO: CTP	交易服务器连接断开
2018-05-21 11:19:14,286  INFO: CTP	交易服务器连接成功
2018-05-21 11:19:14,401  INFO: CTP	交易服务器连接断开
2018-05-21 11:19:14,434  INFO: CTP	交易服务器连接成功
2018-05-21 11:19:14,799  INFO: CTP	交易服务器连接断开
2018-05-21 11:19:14,834  INFO: CTP	交易服务器连接成功
2018-05-21 11:19:14,948  INFO: CTP	交易服务器连接断开
2018-05-21 11:19:15,016  INFO: CTP	交易服务器连接成功
2018-05-21 11:19:15,082  INFO: CTP	交易服务器连接断开
2018-05-21 11:19:15,197  INFO: CTP	交易服务器连接成功
2018-05-21 11:19:15,263  INFO: CTP	交易服务器连接断开
2018-05-21 11:19:15,328  INFO: CTP	交易服务器连接成功
2018-05-21 11:19:15,443  INFO: CTP	交易服务器连接断开
2018-05-21 11:19:15,477  INFO: CTP	交易服务器连接成功
2018-05-21 11:19:15,592  INFO: CTP	交易服务器连接断开
2018-05-21 11:19:15,658  INFO: CTP	交易服务器连接成功
2018-05-21 11:19:15,724  INFO: CTP	交易服务器连接断开
2018-05-21 11:19:15,839  INFO: CTP	交易服务器连接成功
2018-05-21 11:19:15,904  INFO: CTP	交易服务器连接断开
2018-05-21 11:19:15,970  INFO: CTP	交易服务器连接成功
2018-05-21 11:19:16,039  INFO: CTP	交易服务器连接断开
2018-05-21 11:19:16,154  INFO: CTP	交易服务器连接成功
2018-05-21 11:19:16,219  INFO: CTP	交易服务器连接断开
2018-05-21 11:19:16,334  INFO: CTP	交易服务器连接成功
2018-05-21 11:19:16,367  INFO: CTP	交易服务器连接断开
2018-05-21 11:19:16,434  INFO: CTP	交易服务器连接成功
2018-05-21 11:19:16,549  INFO: CTP	交易服务器连接断开
2018-05-21 11:19:16,614  INFO: CTP	交易服务器连接成功
2018-05-21 11:19:16,678  INFO: CTP	交易服务器连接断开
2018-05-21 11:19:16,796  INFO: CTP	交易服务器连接成功
2018-05-21 11:19:16,861  INFO: CTP	交易服务器连接断开
2018-05-21 11:19:16,927  INFO: CTP	交易服务器连接成功
2018-05-21 11:19:17,042  INFO: CTP	交易服务器连接断开
2018-05-21 11:19:17,075  INFO: CTP	交易服务器连接成功
2018-05-21 11:19:17,140  INFO: CTP	交易服务器连接断开
2018-05-21 11:19:17,204  INFO: CTP	交易服务器连接成功
2018-05-21 11:19:17,321  INFO: CTP	交易服务器连接断开
2018-05-21 11:19:17,357  INFO: CTP	交易服务器连接成功
2018-05-21 11:19:17,471  INFO: CTP	交易服务器连接断开
2018-05-21 11:19:17,536  INFO: CTP	交易服务器连接成功
2018-05-21 11:19:17,601  INFO: CTP	交易服务器连接断开
2018-05-21 11:19:17,717  INFO: CTP	交易服务器连接成功
2018-05-21 11:19:17,782  INFO: CTP	交易服务器连接断开
2018-05-21 11:19:21,858  INFO: CTP	交易服务器连接成功
2018-05-21 11:19:21,926  INFO: CTP	交易服务器连接断开
2018-05-21 11:19:21,996  INFO: CTP	交易服务器连接成功
2018-05-21 11:19:22,114  INFO: CTP	交易服务器连接断开
2018-05-21 11:19:22,184  INFO: CTP	交易服务器连接成功
2018-05-21 11:19:22,253  INFO: CTP	交易服务器连接断开
2018-05-21 11:19:22,323  INFO: CTP	交易服务器连接成功
2018-05-21 11:19:22,395  INFO: CTP	交易服务器连接断开
2018-05-21 11:19:22,513  INFO: CTP	交易服务器连接成功
2018-05-21 11:19:22,582  INFO: CTP	交易服务器连接断开
2018-05-21 11:19:22,647  INFO: CTP	交易服务器连接成功
2018-05-21 11:19:22,763  INFO: CTP	交易服务器连接断开
2018-05-21 11:19:22,796  INFO: CTP	交易服务器连接成功
2018-05-21 11:19:22,911  INFO: CTP	交易服务器连接断开
2018-05-21 11:19:22,976  INFO: CTP	交易服务器连接成功
2018-05-21 11:19:23,042  INFO: CTP	交易服务器连接断开
2018-05-21 11:19:23,157  INFO: CTP	交易服务器连接成功
2018-05-21 11:19:23,223  INFO: CTP	交易服务器连接断开
2018-05-21 11:19:23,338  INFO: CTP	交易服务器连接成功
2018-05-21 11:19:23,358  INFO: CTP	交易服务器连接断开
2018-05-21 11:19:23,474  INFO: CTP	交易服务器连接成功
2018-05-21 11:19:23,539  INFO: CTP	交易服务器连接断开
2018-05-21 11:19:23,608  INFO: CTP	交易服务器连接成功
2018-05-21 11:19:23,726  INFO: CTP	交易服务器连接断开
2018-05-21 11:19:23,841  INFO: CTP	交易服务器连接成功
2018-05-21 11:19:23,905  INFO: CTP	交易服务器连接断开
2018-05-21 11:19:23,970  INFO: CTP	交易服务器连接成功
2018-05-21 11:19:24,085  INFO: CTP	交易服务器连接断开
2018-05-21 11:19:24,119  INFO: CTP	交易服务器连接成功
2018-05-21 11:19:24,234  INFO: CTP	交易服务器连接断开
2018-05-21 11:19:24,273  INFO: CTP	交易服务器连接成功
2018-05-21 11:19:24,391  INFO: CTP	交易服务器连接断开
2018-05-21 11:19:24,461  INFO: CTP	交易服务器连接成功
2018-05-21 11:19:24,528  INFO: CTP	交易服务器连接断开
2018-05-21 11:19:24,651  INFO: CTP	交易服务器连接成功
2018-05-21 11:19:24,687  INFO: CTP	交易服务器连接断开
2018-05-21 11:19:24,773  INFO: CTP	交易服务器连接成功
2018-05-21 11:19:25,392  INFO: CTP	交易服务器连接断开
2018-05-21 11:19:25,457  INFO: CTP	交易服务器连接成功
2018-05-21 11:19:25,573  INFO: CTP	交易服务器连接断开
2018-05-21 11:19:25,611  INFO: CTP	交易服务器连接成功
2018-05-21 11:19:25,677  INFO: CTP	交易服务器连接断开
2018-05-21 11:19:25,792  INFO: CTP	交易服务器连接成功
2018-05-21 11:20:15,407  INFO: MAIN_ENGINE	MongoDB连接成功
2018-05-21 11:20:15,476  INFO: CTP	行情服务器连接成功
2018-05-21 11:20:15,494  INFO: CTP	交易服务器连接成功
2018-05-21 11:20:15,609  INFO: CTP	行情服务器登录完成
2018-05-21 11:20:15,611  INFO: CTP	交易服务器登录完成
2018-05-21 11:20:15,878  INFO: CTP	结算信息确认完成
2018-05-21 11:20:16,292  INFO: CTP	交易合约信息获取完成
2018-05-21 11:22:57,244  INFO: CTP	交易服务器连接断开
2018-05-21 11:22:57,256  INFO: CTP	行情服务器连接断开
2018-05-21 11:24:20,737  INFO: MAIN_ENGINE	接口不存在：
2018-05-21 11:24:44,976  INFO: MAIN_ENGINE	接口不存在：
2018-05-21 11:24:47,358  INFO: CTP	行情服务器连接成功
2018-05-21 11:24:47,362  INFO: CTP	交易服务器连接成功
2018-05-21 11:24:47,368  INFO: MAIN_ENGINE	接口不存在：
2018-05-21 11:24:47,403  INFO: CTP	行情服务器登录完成
2018-05-21 11:24:47,407  INFO: CTP	交易服务器登录完成
2018-05-21 11:24:47,790  INFO: CTP	结算信息确认完成
2018-05-21 11:24:49,673  INFO: CTP	交易合约信息获取完成
2018-05-21 11:24:52,457  INFO: MAIN_ENGINE	接口不存在：
2018-05-21 11:25:23,303  INFO: MAIN_ENGINE	MongoDB连接成功
2018-05-21 11:25:23,420  INFO: CTP	交易服务器连接成功
2018-05-21 11:25:23,421  INFO: CTP	行情服务器连接成功
2018-05-21 11:25:23,538  INFO: CTP	行情服务器登录完成
2018-05-21 11:25:23,545  INFO: CTP	交易服务器登录完成
2018-05-21 11:25:24,161  INFO: CTP	结算信息确认完成
2018-05-21 11:25:25,388  INFO: CTP	交易合约信息获取完成
2018-05-21 11:25:33,198  INFO: MAIN_ENGINE	接口不存在：
2018-05-21 11:28:22,984  INFO: MAIN_ENGINE	MongoDB连接成功
2018-05-21 11:28:23,151  INFO: CTP	交易服务器连接成功
2018-05-21 11:28:23,316  INFO: CTP	交易服务器登录完成
2018-05-21 11:28:23,599  INFO: CTP	结算信息确认完成
2018-05-21 11:28:24,892  INFO: CTP	交易合约信息获取完成
2018-05-21 11:28:26,092  INFO: CTP	行情服务器连接成功
2018-05-21 11:28:26,207  INFO: CTP	行情服务器登录完成
2018-05-21 11:28:40,276  INFO: MAIN_ENGINE	接口不存在：
2018-05-21 11:29:46,663  INFO: CTP	行情服务器连接断开
2018-05-21 11:29:46,667  INFO: CTP	交易服务器连接断开
2018-05-21 11:30:15,461  INFO: MAIN_ENGINE	MongoDB连接成功
2018-05-21 11:30:57,665  INFO: MAIN_ENGINE	MongoDB连接成功
2018-05-21 11:32:53,871  INFO: MAIN_ENGINE	MongoDB连接成功
2018-05-21 11:33:09,444  INFO: CTP	交易服务器连接成功
2018-05-21 11:33:09,446  INFO: CTP	行情服务器连接成功
2018-05-21 11:33:09,559  INFO: CTP	行情服务器登录完成
2018-05-21 11:33:09,562  INFO: CTP	交易服务器登录完成
2018-05-21 11:33:09,826  INFO: CTP	结算信息确认完成
2018-05-21 11:33:10,700  INFO: CTP	交易合约信息获取完成
2018-05-21 11:33:13,914  INFO: CTP	行情服务器连接成功
2018-05-21 11:33:13,915  INFO: CTP	交易服务器连接成功
