2018-05-28 15:57:31,157  INFO: MAIN_ENGINE	MongoDB连接成功
2018-05-28 16:07:37,232  INFO: CTA_STRATEGY	CTA引擎启动成功
2018-05-28 16:07:40,421  INFO: CTA_STRATEGY	策略加载成功
2018-05-28 16:10:18,473  INFO: OANDA	接口初始化成功
2018-05-28 16:10:18,482  DEBUG: Starting new HTTPS connection (1): stream-fxpractice.oanda.com
2018-05-28 16:10:18,482  DEBUG: Starting new HTTPS connection (1): api-fxpractice.oanda.com
2018-05-28 16:10:18,483  DEBUG: Starting new HTTPS connection (2): api-fxpractice.oanda.com
2018-05-28 16:10:19,637  DEBUG: https://stream-fxpractice.oanda.com:443 "GET /v1/events HTTP/1.1" 401 171
2018-05-28 16:10:19,704  DEBUG: https://api-fxpractice.oanda.com:443 "GET /v1/instruments?accountId=%E8%AF%B7%E5%9C%A8OANDA%E7%BD%91%E7%AB%99%E7%94%B3%E8%AF%B7 HTTP/1.1" 401 169
2018-05-28 16:10:19,707  DEBUG: https://api-fxpractice.oanda.com:443 "GET /v1/instruments?accountId=%E8%AF%B7%E5%9C%A8OANDA%E7%BD%91%E7%AB%99%E7%94%B3%E8%AF%B7 HTTP/1.1" 401 169
2018-05-28 16:10:19,957  DEBUG: https://api-fxpractice.oanda.com:443 "GET /v1/accounts/%E8%AF%B7%E5%9C%A8OANDA%E7%BD%91%E7%AB%99%E7%94%B3%E8%AF%B7/orders HTTP/1.1" 401 169
2018-05-28 16:10:20,194  DEBUG: https://api-fxpractice.oanda.com:443 "GET /v1/accounts/%E8%AF%B7%E5%9C%A8OANDA%E7%BD%91%E7%AB%99%E7%94%B3%E8%AF%B7/transactions?count=100 HTTP/1.1" 401 169
2018-05-28 16:10:21,138  DEBUG: https://api-fxpractice.oanda.com:443 "GET /v1/accounts/%E8%AF%B7%E5%9C%A8OANDA%E7%BD%91%E7%AB%99%E7%94%B3%E8%AF%B7 HTTP/1.1" 401 169
2018-05-28 16:10:24,138  DEBUG: https://api-fxpractice.oanda.com:443 "GET /v1/accounts/%E8%AF%B7%E5%9C%A8OANDA%E7%BD%91%E7%AB%99%E7%94%B3%E8%AF%B7/positions HTTP/1.1" 401 169
2018-05-28 16:10:27,180  DEBUG: https://api-fxpractice.oanda.com:443 "GET /v1/accounts/%E8%AF%B7%E5%9C%A8OANDA%E7%BD%91%E7%AB%99%E7%94%B3%E8%AF%B7 HTTP/1.1" 401 169
2018-05-28 16:10:30,221  DEBUG: https://api-fxpractice.oanda.com:443 "GET /v1/accounts/%E8%AF%B7%E5%9C%A8OANDA%E7%BD%91%E7%AB%99%E7%94%B3%E8%AF%B7/positions HTTP/1.1" 401 169
2018-05-28 16:10:33,273  DEBUG: https://api-fxpractice.oanda.com:443 "GET /v1/accounts/%E8%AF%B7%E5%9C%A8OANDA%E7%BD%91%E7%AB%99%E7%94%B3%E8%AF%B7 HTTP/1.1" 401 169
2018-05-28 16:10:36,323  DEBUG: https://api-fxpractice.oanda.com:443 "GET /v1/accounts/%E8%AF%B7%E5%9C%A8OANDA%E7%BD%91%E7%AB%99%E7%94%B3%E8%AF%B7/positions HTTP/1.1" 401 169
2018-05-28 16:10:39,453  DEBUG: https://api-fxpractice.oanda.com:443 "GET /v1/accounts/%E8%AF%B7%E5%9C%A8OANDA%E7%BD%91%E7%AB%99%E7%94%B3%E8%AF%B7 HTTP/1.1" 401 169
2018-05-28 16:10:42,520  DEBUG: https://api-fxpractice.oanda.com:443 "GET /v1/accounts/%E8%AF%B7%E5%9C%A8OANDA%E7%BD%91%E7%AB%99%E7%94%B3%E8%AF%B7/positions HTTP/1.1" 401 169
2018-05-28 16:10:45,674  DEBUG: https://api-fxpractice.oanda.com:443 "GET /v1/accounts/%E8%AF%B7%E5%9C%A8OANDA%E7%BD%91%E7%AB%99%E7%94%B3%E8%AF%B7 HTTP/1.1" 401 169
2018-05-28 16:10:48,513  DEBUG: https://api-fxpractice.oanda.com:443 "GET /v1/accounts/%E8%AF%B7%E5%9C%A8OANDA%E7%BD%91%E7%AB%99%E7%94%B3%E8%AF%B7/positions HTTP/1.1" 401 169
2018-05-28 16:10:51,513  DEBUG: https://api-fxpractice.oanda.com:443 "GET /v1/accounts/%E8%AF%B7%E5%9C%A8OANDA%E7%BD%91%E7%AB%99%E7%94%B3%E8%AF%B7 HTTP/1.1" 401 169
2018-05-28 16:10:54,556  DEBUG: https://api-fxpractice.oanda.com:443 "GET /v1/accounts/%E8%AF%B7%E5%9C%A8OANDA%E7%BD%91%E7%AB%99%E7%94%B3%E8%AF%B7/positions HTTP/1.1" 401 169
2018-05-28 16:10:57,605  DEBUG: https://api-fxpractice.oanda.com:443 "GET /v1/accounts/%E8%AF%B7%E5%9C%A8OANDA%E7%BD%91%E7%AB%99%E7%94%B3%E8%AF%B7 HTTP/1.1" 401 169
2018-05-28 16:11:00,650  DEBUG: https://api-fxpractice.oanda.com:443 "GET /v1/accounts/%E8%AF%B7%E5%9C%A8OANDA%E7%BD%91%E7%AB%99%E7%94%B3%E8%AF%B7/positions HTTP/1.1" 401 169
2018-05-28 16:11:03,700  DEBUG: https://api-fxpractice.oanda.com:443 "GET /v1/accounts/%E8%AF%B7%E5%9C%A8OANDA%E7%BD%91%E7%AB%99%E7%94%B3%E8%AF%B7 HTTP/1.1" 401 169
2018-05-28 16:11:07,147  DEBUG: https://api-fxpractice.oanda.com:443 "GET /v1/accounts/%E8%AF%B7%E5%9C%A8OANDA%E7%BD%91%E7%AB%99%E7%94%B3%E8%AF%B7/positions HTTP/1.1" 401 169
2018-05-28 16:11:09,795  DEBUG: https://api-fxpractice.oanda.com:443 "GET /v1/accounts/%E8%AF%B7%E5%9C%A8OANDA%E7%BD%91%E7%AB%99%E7%94%B3%E8%AF%B7 HTTP/1.1" 401 169
2018-05-28 16:11:12,796  DEBUG: https://api-fxpractice.oanda.com:443 "GET /v1/accounts/%E8%AF%B7%E5%9C%A8OANDA%E7%BD%91%E7%AB%99%E7%94%B3%E8%AF%B7/positions HTTP/1.1" 401 169
2018-05-28 16:11:15,869  DEBUG: https://api-fxpractice.oanda.com:443 "GET /v1/accounts/%E8%AF%B7%E5%9C%A8OANDA%E7%BD%91%E7%AB%99%E7%94%B3%E8%AF%B7 HTTP/1.1" 401 169
2018-05-28 16:11:18,867  DEBUG: https://api-fxpractice.oanda.com:443 "GET /v1/accounts/%E8%AF%B7%E5%9C%A8OANDA%E7%BD%91%E7%AB%99%E7%94%B3%E8%AF%B7/positions HTTP/1.1" 401 169
2018-05-28 16:11:21,911  DEBUG: https://api-fxpractice.oanda.com:443 "GET /v1/accounts/%E8%AF%B7%E5%9C%A8OANDA%E7%BD%91%E7%AB%99%E7%94%B3%E8%AF%B7 HTTP/1.1" 401 169
2018-05-28 16:11:25,013  DEBUG: https://api-fxpractice.oanda.com:443 "GET /v1/accounts/%E8%AF%B7%E5%9C%A8OANDA%E7%BD%91%E7%AB%99%E7%94%B3%E8%AF%B7/positions HTTP/1.1" 401 169
2018-05-28 16:11:28,061  DEBUG: https://api-fxpractice.oanda.com:443 "GET /v1/accounts/%E8%AF%B7%E5%9C%A8OANDA%E7%BD%91%E7%AB%99%E7%94%B3%E8%AF%B7 HTTP/1.1" 401 169
2018-05-28 16:11:32,171  DEBUG: https://api-fxpractice.oanda.com:443 "GET /v1/accounts/%E8%AF%B7%E5%9C%A8OANDA%E7%BD%91%E7%AB%99%E7%94%B3%E8%AF%B7/positions HTTP/1.1" 401 169
2018-05-28 16:11:36,240  DEBUG: https://api-fxpractice.oanda.com:443 "GET /v1/accounts/%E8%AF%B7%E5%9C%A8OANDA%E7%BD%91%E7%AB%99%E7%94%B3%E8%AF%B7 HTTP/1.1" 401 169
2018-05-28 16:11:37,141  DEBUG: https://api-fxpractice.oanda.com:443 "GET /v1/accounts/%E8%AF%B7%E5%9C%A8OANDA%E7%BD%91%E7%AB%99%E7%94%B3%E8%AF%B7/positions HTTP/1.1" 401 169
2018-05-28 16:11:40,720  DEBUG: https://api-fxpractice.oanda.com:443 "GET /v1/accounts/%E8%AF%B7%E5%9C%A8OANDA%E7%BD%91%E7%AB%99%E7%94%B3%E8%AF%B7 HTTP/1.1" 401 169
2018-05-28 16:11:44,415  DEBUG: https://api-fxpractice.oanda.com:443 "GET /v1/accounts/%E8%AF%B7%E5%9C%A8OANDA%E7%BD%91%E7%AB%99%E7%94%B3%E8%AF%B7/positions HTTP/1.1" 401 169
2018-05-28 16:11:48,556  DEBUG: https://api-fxpractice.oanda.com:443 "GET /v1/accounts/%E8%AF%B7%E5%9C%A8OANDA%E7%BD%91%E7%AB%99%E7%94%B3%E8%AF%B7 HTTP/1.1" 401 169
2018-05-28 16:12:02,490  DEBUG: https://api-fxpractice.oanda.com:443 "GET /v1/accounts/%E8%AF%B7%E5%9C%A8OANDA%E7%BD%91%E7%AB%99%E7%94%B3%E8%AF%B7/positions HTTP/1.1" 401 169
2018-05-28 16:12:03,092  DEBUG: https://api-fxpractice.oanda.com:443 "GET /v1/accounts/%E8%AF%B7%E5%9C%A8OANDA%E7%BD%91%E7%AB%99%E7%94%B3%E8%AF%B7 HTTP/1.1" 401 169
2018-05-28 16:12:05,282  DEBUG: https://api-fxpractice.oanda.com:443 "GET /v1/accounts/%E8%AF%B7%E5%9C%A8OANDA%E7%BD%91%E7%AB%99%E7%94%B3%E8%AF%B7/positions HTTP/1.1" 401 169
2018-05-28 16:12:05,696  DEBUG: https://api-fxpractice.oanda.com:443 "GET /v1/accounts/%E8%AF%B7%E5%9C%A8OANDA%E7%BD%91%E7%AB%99%E7%94%B3%E8%AF%B7 HTTP/1.1" 401 169
2018-05-28 16:12:05,931  DEBUG: https://api-fxpractice.oanda.com:443 "GET /v1/accounts/%E8%AF%B7%E5%9C%A8OANDA%E7%BD%91%E7%AB%99%E7%94%B3%E8%AF%B7/positions HTTP/1.1" 401 169
2018-05-28 16:12:06,161  DEBUG: https://api-fxpractice.oanda.com:443 "GET /v1/accounts/%E8%AF%B7%E5%9C%A8OANDA%E7%BD%91%E7%AB%99%E7%94%B3%E8%AF%B7 HTTP/1.1" 401 169
2018-05-28 16:12:07,552  DEBUG: https://api-fxpractice.oanda.com:443 "GET /v1/accounts/%E8%AF%B7%E5%9C%A8OANDA%E7%BD%91%E7%AB%99%E7%94%B3%E8%AF%B7/positions HTTP/1.1" 401 169
2018-05-28 16:12:10,601  DEBUG: https://api-fxpractice.oanda.com:443 "GET /v1/accounts/%E8%AF%B7%E5%9C%A8OANDA%E7%BD%91%E7%AB%99%E7%94%B3%E8%AF%B7 HTTP/1.1" 401 169
2018-05-28 16:12:13,697  DEBUG: https://api-fxpractice.oanda.com:443 "GET /v1/accounts/%E8%AF%B7%E5%9C%A8OANDA%E7%BD%91%E7%AB%99%E7%94%B3%E8%AF%B7/positions HTTP/1.1" 401 169
2018-05-28 16:12:16,690  DEBUG: https://api-fxpractice.oanda.com:443 "GET /v1/accounts/%E8%AF%B7%E5%9C%A8OANDA%E7%BD%91%E7%AB%99%E7%94%B3%E8%AF%B7 HTTP/1.1" 401 169
2018-05-28 16:12:19,740  DEBUG: https://api-fxpractice.oanda.com:443 "GET /v1/accounts/%E8%AF%B7%E5%9C%A8OANDA%E7%BD%91%E7%AB%99%E7%94%B3%E8%AF%B7/positions HTTP/1.1" 401 169
2018-05-28 16:12:22,789  DEBUG: https://api-fxpractice.oanda.com:443 "GET /v1/accounts/%E8%AF%B7%E5%9C%A8OANDA%E7%BD%91%E7%AB%99%E7%94%B3%E8%AF%B7 HTTP/1.1" 401 169
2018-05-28 16:12:25,802  DEBUG: https://api-fxpractice.oanda.com:443 "GET /v1/accounts/%E8%AF%B7%E5%9C%A8OANDA%E7%BD%91%E7%AB%99%E7%94%B3%E8%AF%B7/positions HTTP/1.1" 401 169
2018-05-28 16:12:28,854  DEBUG: https://api-fxpractice.oanda.com:443 "GET /v1/accounts/%E8%AF%B7%E5%9C%A8OANDA%E7%BD%91%E7%AB%99%E7%94%B3%E8%AF%B7 HTTP/1.1" 401 169
2018-05-28 16:12:31,905  DEBUG: https://api-fxpractice.oanda.com:443 "GET /v1/accounts/%E8%AF%B7%E5%9C%A8OANDA%E7%BD%91%E7%AB%99%E7%94%B3%E8%AF%B7/positions HTTP/1.1" 401 169
2018-05-28 16:12:34,918  DEBUG: https://api-fxpractice.oanda.com:443 "GET /v1/accounts/%E8%AF%B7%E5%9C%A8OANDA%E7%BD%91%E7%AB%99%E7%94%B3%E8%AF%B7 HTTP/1.1" 401 169
2018-05-28 16:12:37,970  DEBUG: https://api-fxpractice.oanda.com:443 "GET /v1/accounts/%E8%AF%B7%E5%9C%A8OANDA%E7%BD%91%E7%AB%99%E7%94%B3%E8%AF%B7/positions HTTP/1.1" 401 169
2018-05-28 16:12:41,019  DEBUG: https://api-fxpractice.oanda.com:443 "GET /v1/accounts/%E8%AF%B7%E5%9C%A8OANDA%E7%BD%91%E7%AB%99%E7%94%B3%E8%AF%B7 HTTP/1.1" 401 169
2018-05-28 16:12:44,071  DEBUG: https://api-fxpractice.oanda.com:443 "GET /v1/accounts/%E8%AF%B7%E5%9C%A8OANDA%E7%BD%91%E7%AB%99%E7%94%B3%E8%AF%B7/positions HTTP/1.1" 401 169
2018-05-28 16:12:47,118  DEBUG: https://api-fxpractice.oanda.com:443 "GET /v1/accounts/%E8%AF%B7%E5%9C%A8OANDA%E7%BD%91%E7%AB%99%E7%94%B3%E8%AF%B7 HTTP/1.1" 401 169
2018-05-28 16:12:50,170  DEBUG: https://api-fxpractice.oanda.com:443 "GET /v1/accounts/%E8%AF%B7%E5%9C%A8OANDA%E7%BD%91%E7%AB%99%E7%94%B3%E8%AF%B7/positions HTTP/1.1" 401 169
2018-05-28 16:12:53,223  DEBUG: https://api-fxpractice.oanda.com:443 "GET /v1/accounts/%E8%AF%B7%E5%9C%A8OANDA%E7%BD%91%E7%AB%99%E7%94%B3%E8%AF%B7 HTTP/1.1" 401 169
2018-05-28 16:12:56,236  DEBUG: https://api-fxpractice.oanda.com:443 "GET /v1/accounts/%E8%AF%B7%E5%9C%A8OANDA%E7%BD%91%E7%AB%99%E7%94%B3%E8%AF%B7/positions HTTP/1.1" 401 169
2018-05-28 16:12:59,500  DEBUG: https://api-fxpractice.oanda.com:443 "GET /v1/accounts/%E8%AF%B7%E5%9C%A8OANDA%E7%BD%91%E7%AB%99%E7%94%B3%E8%AF%B7 HTTP/1.1" 401 169
2018-05-28 16:13:02,312  DEBUG: https://api-fxpractice.oanda.com:443 "GET /v1/accounts/%E8%AF%B7%E5%9C%A8OANDA%E7%BD%91%E7%AB%99%E7%94%B3%E8%AF%B7/positions HTTP/1.1" 401 169
2018-05-28 16:13:05,361  DEBUG: https://api-fxpractice.oanda.com:443 "GET /v1/accounts/%E8%AF%B7%E5%9C%A8OANDA%E7%BD%91%E7%AB%99%E7%94%B3%E8%AF%B7 HTTP/1.1" 401 169
2018-05-28 16:13:08,549  DEBUG: https://api-fxpractice.oanda.com:443 "GET /v1/accounts/%E8%AF%B7%E5%9C%A8OANDA%E7%BD%91%E7%AB%99%E7%94%B3%E8%AF%B7/positions HTTP/1.1" 401 169
2018-05-28 16:13:11,467  DEBUG: https://api-fxpractice.oanda.com:443 "GET /v1/accounts/%E8%AF%B7%E5%9C%A8OANDA%E7%BD%91%E7%AB%99%E7%94%B3%E8%AF%B7 HTTP/1.1" 401 169
2018-05-28 16:13:14,519  DEBUG: https://api-fxpractice.oanda.com:443 "GET /v1/accounts/%E8%AF%B7%E5%9C%A8OANDA%E7%BD%91%E7%AB%99%E7%94%B3%E8%AF%B7/positions HTTP/1.1" 401 169
2018-05-28 16:13:17,726  DEBUG: https://api-fxpractice.oanda.com:443 "GET /v1/accounts/%E8%AF%B7%E5%9C%A8OANDA%E7%BD%91%E7%AB%99%E7%94%B3%E8%AF%B7 HTTP/1.1" 401 169
2018-05-28 16:13:20,605  DEBUG: https://api-fxpractice.oanda.com:443 "GET /v1/accounts/%E8%AF%B7%E5%9C%A8OANDA%E7%BD%91%E7%AB%99%E7%94%B3%E8%AF%B7/positions HTTP/1.1" 401 169
2018-05-28 16:13:23,615  DEBUG: https://api-fxpractice.oanda.com:443 "GET /v1/accounts/%E8%AF%B7%E5%9C%A8OANDA%E7%BD%91%E7%AB%99%E7%94%B3%E8%AF%B7 HTTP/1.1" 401 169
2018-05-28 16:13:26,664  DEBUG: https://api-fxpractice.oanda.com:443 "GET /v1/accounts/%E8%AF%B7%E5%9C%A8OANDA%E7%BD%91%E7%AB%99%E7%94%B3%E8%AF%B7/positions HTTP/1.1" 401 169
2018-05-28 16:13:29,717  DEBUG: https://api-fxpractice.oanda.com:443 "GET /v1/accounts/%E8%AF%B7%E5%9C%A8OANDA%E7%BD%91%E7%AB%99%E7%94%B3%E8%AF%B7 HTTP/1.1" 401 169
2018-05-28 16:13:32,762  DEBUG: https://api-fxpractice.oanda.com:443 "GET /v1/accounts/%E8%AF%B7%E5%9C%A8OANDA%E7%BD%91%E7%AB%99%E7%94%B3%E8%AF%B7/positions HTTP/1.1" 401 169
2018-05-28 16:13:35,818  DEBUG: https://api-fxpractice.oanda.com:443 "GET /v1/accounts/%E8%AF%B7%E5%9C%A8OANDA%E7%BD%91%E7%AB%99%E7%94%B3%E8%AF%B7 HTTP/1.1" 401 169
2018-05-28 16:13:38,802  DEBUG: https://api-fxpractice.oanda.com:443 "GET /v1/accounts/%E8%AF%B7%E5%9C%A8OANDA%E7%BD%91%E7%AB%99%E7%94%B3%E8%AF%B7/positions HTTP/1.1" 401 169
2018-05-28 16:13:41,895  DEBUG: https://api-fxpractice.oanda.com:443 "GET /v1/accounts/%E8%AF%B7%E5%9C%A8OANDA%E7%BD%91%E7%AB%99%E7%94%B3%E8%AF%B7 HTTP/1.1" 401 169
2018-05-28 16:13:45,071  DEBUG: https://api-fxpractice.oanda.com:443 "GET /v1/accounts/%E8%AF%B7%E5%9C%A8OANDA%E7%BD%91%E7%AB%99%E7%94%B3%E8%AF%B7/positions HTTP/1.1" 401 169
2018-05-28 16:13:47,971  DEBUG: https://api-fxpractice.oanda.com:443 "GET /v1/accounts/%E8%AF%B7%E5%9C%A8OANDA%E7%BD%91%E7%AB%99%E7%94%B3%E8%AF%B7 HTTP/1.1" 401 169
2018-05-28 16:13:50,970  DEBUG: https://api-fxpractice.oanda.com:443 "GET /v1/accounts/%E8%AF%B7%E5%9C%A8OANDA%E7%BD%91%E7%AB%99%E7%94%B3%E8%AF%B7/positions HTTP/1.1" 401 169
2018-05-28 16:13:54,023  DEBUG: https://api-fxpractice.oanda.com:443 "GET /v1/accounts/%E8%AF%B7%E5%9C%A8OANDA%E7%BD%91%E7%AB%99%E7%94%B3%E8%AF%B7 HTTP/1.1" 401 169
2018-05-28 16:13:57,282  DEBUG: https://api-fxpractice.oanda.com:443 "GET /v1/accounts/%E8%AF%B7%E5%9C%A8OANDA%E7%BD%91%E7%AB%99%E7%94%B3%E8%AF%B7/positions HTTP/1.1" 401 169
2018-05-28 16:14:00,138  DEBUG: https://api-fxpractice.oanda.com:443 "GET /v1/accounts/%E8%AF%B7%E5%9C%A8OANDA%E7%BD%91%E7%AB%99%E7%94%B3%E8%AF%B7 HTTP/1.1" 401 169
2018-05-28 16:14:03,183  DEBUG: https://api-fxpractice.oanda.com:443 "GET /v1/accounts/%E8%AF%B7%E5%9C%A8OANDA%E7%BD%91%E7%AB%99%E7%94%B3%E8%AF%B7/positions HTTP/1.1" 401 169
2018-05-28 16:14:07,634  DEBUG: https://api-fxpractice.oanda.com:443 "GET /v1/accounts/%E8%AF%B7%E5%9C%A8OANDA%E7%BD%91%E7%AB%99%E7%94%B3%E8%AF%B7 HTTP/1.1" 401 169
2018-05-28 16:14:09,233  DEBUG: https://api-fxpractice.oanda.com:443 "GET /v1/accounts/%E8%AF%B7%E5%9C%A8OANDA%E7%BD%91%E7%AB%99%E7%94%B3%E8%AF%B7/positions HTTP/1.1" 401 169
2018-05-28 16:14:12,288  DEBUG: https://api-fxpractice.oanda.com:443 "GET /v1/accounts/%E8%AF%B7%E5%9C%A8OANDA%E7%BD%91%E7%AB%99%E7%94%B3%E8%AF%B7 HTTP/1.1" 401 169
2018-05-28 16:14:15,348  DEBUG: https://api-fxpractice.oanda.com:443 "GET /v1/accounts/%E8%AF%B7%E5%9C%A8OANDA%E7%BD%91%E7%AB%99%E7%94%B3%E8%AF%B7/positions HTTP/1.1" 401 169
2018-05-28 16:14:18,397  DEBUG: https://api-fxpractice.oanda.com:443 "GET /v1/accounts/%E8%AF%B7%E5%9C%A8OANDA%E7%BD%91%E7%AB%99%E7%94%B3%E8%AF%B7 HTTP/1.1" 401 169
2018-05-28 16:14:21,400  DEBUG: https://api-fxpractice.oanda.com:443 "GET /v1/accounts/%E8%AF%B7%E5%9C%A8OANDA%E7%BD%91%E7%AB%99%E7%94%B3%E8%AF%B7/positions HTTP/1.1" 401 169
2018-05-28 16:14:24,444  DEBUG: https://api-fxpractice.oanda.com:443 "GET /v1/accounts/%E8%AF%B7%E5%9C%A8OANDA%E7%BD%91%E7%AB%99%E7%94%B3%E8%AF%B7 HTTP/1.1" 401 169
2018-05-28 16:14:27,507  DEBUG: https://api-fxpractice.oanda.com:443 "GET /v1/accounts/%E8%AF%B7%E5%9C%A8OANDA%E7%BD%91%E7%AB%99%E7%94%B3%E8%AF%B7/positions HTTP/1.1" 401 169
2018-05-28 16:14:30,552  DEBUG: https://api-fxpractice.oanda.com:443 "GET /v1/accounts/%E8%AF%B7%E5%9C%A8OANDA%E7%BD%91%E7%AB%99%E7%94%B3%E8%AF%B7 HTTP/1.1" 401 169
2018-05-28 16:14:33,605  DEBUG: https://api-fxpractice.oanda.com:443 "GET /v1/accounts/%E8%AF%B7%E5%9C%A8OANDA%E7%BD%91%E7%AB%99%E7%94%B3%E8%AF%B7/positions HTTP/1.1" 401 169
2018-05-28 16:14:36,627  DEBUG: https://api-fxpractice.oanda.com:443 "GET /v1/accounts/%E8%AF%B7%E5%9C%A8OANDA%E7%BD%91%E7%AB%99%E7%94%B3%E8%AF%B7 HTTP/1.1" 401 169
2018-05-28 16:14:39,809  DEBUG: https://api-fxpractice.oanda.com:443 "GET /v1/accounts/%E8%AF%B7%E5%9C%A8OANDA%E7%BD%91%E7%AB%99%E7%94%B3%E8%AF%B7/positions HTTP/1.1" 401 169
2018-05-28 16:14:42,710  DEBUG: https://api-fxpractice.oanda.com:443 "GET /v1/accounts/%E8%AF%B7%E5%9C%A8OANDA%E7%BD%91%E7%AB%99%E7%94%B3%E8%AF%B7 HTTP/1.1" 401 169
2018-05-28 16:14:45,750  DEBUG: https://api-fxpractice.oanda.com:443 "GET /v1/accounts/%E8%AF%B7%E5%9C%A8OANDA%E7%BD%91%E7%AB%99%E7%94%B3%E8%AF%B7/positions HTTP/1.1" 401 169
2018-05-28 16:14:48,818  DEBUG: https://api-fxpractice.oanda.com:443 "GET /v1/accounts/%E8%AF%B7%E5%9C%A8OANDA%E7%BD%91%E7%AB%99%E7%94%B3%E8%AF%B7 HTTP/1.1" 401 169
2018-05-28 16:14:51,826  DEBUG: https://api-fxpractice.oanda.com:443 "GET /v1/accounts/%E8%AF%B7%E5%9C%A8OANDA%E7%BD%91%E7%AB%99%E7%94%B3%E8%AF%B7/positions HTTP/1.1" 401 169
2018-05-28 16:14:54,878  DEBUG: https://api-fxpractice.oanda.com:443 "GET /v1/accounts/%E8%AF%B7%E5%9C%A8OANDA%E7%BD%91%E7%AB%99%E7%94%B3%E8%AF%B7 HTTP/1.1" 401 169
2018-05-28 16:14:57,927  DEBUG: https://api-fxpractice.oanda.com:443 "GET /v1/accounts/%E8%AF%B7%E5%9C%A8OANDA%E7%BD%91%E7%AB%99%E7%94%B3%E8%AF%B7/positions HTTP/1.1" 401 169
2018-05-28 16:15:01,229  DEBUG: https://api-fxpractice.oanda.com:443 "GET /v1/accounts/%E8%AF%B7%E5%9C%A8OANDA%E7%BD%91%E7%AB%99%E7%94%B3%E8%AF%B7 HTTP/1.1" 401 169
2018-05-28 16:15:04,028  DEBUG: https://api-fxpractice.oanda.com:443 "GET /v1/accounts/%E8%AF%B7%E5%9C%A8OANDA%E7%BD%91%E7%AB%99%E7%94%B3%E8%AF%B7/positions HTTP/1.1" 401 169
2018-05-28 16:15:07,023  DEBUG: https://api-fxpractice.oanda.com:443 "GET /v1/accounts/%E8%AF%B7%E5%9C%A8OANDA%E7%BD%91%E7%AB%99%E7%94%B3%E8%AF%B7 HTTP/1.1" 401 169
2018-05-28 16:15:10,071  DEBUG: https://api-fxpractice.oanda.com:443 "GET /v1/accounts/%E8%AF%B7%E5%9C%A8OANDA%E7%BD%91%E7%AB%99%E7%94%B3%E8%AF%B7/positions HTTP/1.1" 401 169
2018-05-28 16:15:13,303  DEBUG: https://api-fxpractice.oanda.com:443 "GET /v1/accounts/%E8%AF%B7%E5%9C%A8OANDA%E7%BD%91%E7%AB%99%E7%94%B3%E8%AF%B7 HTTP/1.1" 401 169
2018-05-28 16:15:16,292  DEBUG: https://api-fxpractice.oanda.com:443 "GET /v1/accounts/%E8%AF%B7%E5%9C%A8OANDA%E7%BD%91%E7%AB%99%E7%94%B3%E8%AF%B7/positions HTTP/1.1" 401 169
2018-05-28 16:15:19,219  DEBUG: https://api-fxpractice.oanda.com:443 "GET /v1/accounts/%E8%AF%B7%E5%9C%A8OANDA%E7%BD%91%E7%AB%99%E7%94%B3%E8%AF%B7 HTTP/1.1" 401 169
2018-05-28 16:15:22,266  DEBUG: https://api-fxpractice.oanda.com:443 "GET /v1/accounts/%E8%AF%B7%E5%9C%A8OANDA%E7%BD%91%E7%AB%99%E7%94%B3%E8%AF%B7/positions HTTP/1.1" 401 169
2018-05-28 16:15:25,315  DEBUG: https://api-fxpractice.oanda.com:443 "GET /v1/accounts/%E8%AF%B7%E5%9C%A8OANDA%E7%BD%91%E7%AB%99%E7%94%B3%E8%AF%B7 HTTP/1.1" 401 169
2018-05-28 16:15:28,311  DEBUG: https://api-fxpractice.oanda.com:443 "GET /v1/accounts/%E8%AF%B7%E5%9C%A8OANDA%E7%BD%91%E7%AB%99%E7%94%B3%E8%AF%B7/positions HTTP/1.1" 401 169
2018-05-28 16:15:31,365  DEBUG: https://api-fxpractice.oanda.com:443 "GET /v1/accounts/%E8%AF%B7%E5%9C%A8OANDA%E7%BD%91%E7%AB%99%E7%94%B3%E8%AF%B7 HTTP/1.1" 401 169
2018-05-28 16:15:34,871  DEBUG: https://api-fxpractice.oanda.com:443 "GET /v1/accounts/%E8%AF%B7%E5%9C%A8OANDA%E7%BD%91%E7%AB%99%E7%94%B3%E8%AF%B7/positions HTTP/1.1" 401 169
2018-05-28 16:15:37,466  DEBUG: https://api-fxpractice.oanda.com:443 "GET /v1/accounts/%E8%AF%B7%E5%9C%A8OANDA%E7%BD%91%E7%AB%99%E7%94%B3%E8%AF%B7 HTTP/1.1" 401 169
2018-05-28 16:15:40,520  DEBUG: https://api-fxpractice.oanda.com:443 "GET /v1/accounts/%E8%AF%B7%E5%9C%A8OANDA%E7%BD%91%E7%AB%99%E7%94%B3%E8%AF%B7/positions HTTP/1.1" 401 169
2018-05-28 16:15:43,566  DEBUG: https://api-fxpractice.oanda.com:443 "GET /v1/accounts/%E8%AF%B7%E5%9C%A8OANDA%E7%BD%91%E7%AB%99%E7%94%B3%E8%AF%B7 HTTP/1.1" 401 169
2018-05-28 16:15:46,588  DEBUG: https://api-fxpractice.oanda.com:443 "GET /v1/accounts/%E8%AF%B7%E5%9C%A8OANDA%E7%BD%91%E7%AB%99%E7%94%B3%E8%AF%B7/positions HTTP/1.1" 401 169
2018-05-28 16:15:49,654  DEBUG: https://api-fxpractice.oanda.com:443 "GET /v1/accounts/%E8%AF%B7%E5%9C%A8OANDA%E7%BD%91%E7%AB%99%E7%94%B3%E8%AF%B7 HTTP/1.1" 401 169
2018-05-28 16:15:52,694  DEBUG: https://api-fxpractice.oanda.com:443 "GET /v1/accounts/%E8%AF%B7%E5%9C%A8OANDA%E7%BD%91%E7%AB%99%E7%94%B3%E8%AF%B7/positions HTTP/1.1" 401 169
2018-05-28 16:15:55,746  DEBUG: https://api-fxpractice.oanda.com:443 "GET /v1/accounts/%E8%AF%B7%E5%9C%A8OANDA%E7%BD%91%E7%AB%99%E7%94%B3%E8%AF%B7 HTTP/1.1" 401 169
2018-05-28 16:15:58,752  DEBUG: https://api-fxpractice.oanda.com:443 "GET /v1/accounts/%E8%AF%B7%E5%9C%A8OANDA%E7%BD%91%E7%AB%99%E7%94%B3%E8%AF%B7/positions HTTP/1.1" 401 169
2018-05-28 16:16:01,915  DEBUG: https://api-fxpractice.oanda.com:443 "GET /v1/accounts/%E8%AF%B7%E5%9C%A8OANDA%E7%BD%91%E7%AB%99%E7%94%B3%E8%AF%B7 HTTP/1.1" 401 169
2018-05-28 16:16:03,288  INFO: CTA_STRATEGY	double ema:MA组合演示策略初始化
2018-05-28 16:16:03,289  INFO: CTA_STRATEGY	atr rsi:atr rsi策略初始化
2018-05-28 16:16:03,292  INFO: CTA_STRATEGY	atr rsi的交易合约IC1802无法找到
2018-05-28 16:16:03,292  INFO: CTA_STRATEGY	king keltner:king keltner策略初始化
2018-05-28 16:16:03,296  INFO: CTA_STRATEGY	king keltner的交易合约IH1802无法找到
2018-05-28 16:16:04,907  DEBUG: https://api-fxpractice.oanda.com:443 "GET /v1/accounts/%E8%AF%B7%E5%9C%A8OANDA%E7%BD%91%E7%AB%99%E7%94%B3%E8%AF%B7/positions HTTP/1.1" 401 169
2018-05-28 16:16:07,898  DEBUG: https://api-fxpractice.oanda.com:443 "GET /v1/accounts/%E8%AF%B7%E5%9C%A8OANDA%E7%BD%91%E7%AB%99%E7%94%B3%E8%AF%B7 HTTP/1.1" 401 169
2018-05-28 16:16:10,950  DEBUG: https://api-fxpractice.oanda.com:443 "GET /v1/accounts/%E8%AF%B7%E5%9C%A8OANDA%E7%BD%91%E7%AB%99%E7%94%B3%E8%AF%B7/positions HTTP/1.1" 401 169
2018-05-28 16:16:13,954  DEBUG: https://api-fxpractice.oanda.com:443 "GET /v1/accounts/%E8%AF%B7%E5%9C%A8OANDA%E7%BD%91%E7%AB%99%E7%94%B3%E8%AF%B7 HTTP/1.1" 401 169
2018-05-28 16:16:16,996  DEBUG: https://api-fxpractice.oanda.com:443 "GET /v1/accounts/%E8%AF%B7%E5%9C%A8OANDA%E7%BD%91%E7%AB%99%E7%94%B3%E8%AF%B7/positions HTTP/1.1" 401 169
2018-05-28 16:16:20,048  DEBUG: https://api-fxpractice.oanda.com:443 "GET /v1/accounts/%E8%AF%B7%E5%9C%A8OANDA%E7%BD%91%E7%AB%99%E7%94%B3%E8%AF%B7 HTTP/1.1" 401 169
2018-05-28 16:16:23,095  DEBUG: https://api-fxpractice.oanda.com:443 "GET /v1/accounts/%E8%AF%B7%E5%9C%A8OANDA%E7%BD%91%E7%AB%99%E7%94%B3%E8%AF%B7/positions HTTP/1.1" 401 169
2018-05-28 16:16:26,157  DEBUG: https://api-fxpractice.oanda.com:443 "GET /v1/accounts/%E8%AF%B7%E5%9C%A8OANDA%E7%BD%91%E7%AB%99%E7%94%B3%E8%AF%B7 HTTP/1.1" 401 169
2018-05-28 16:16:30,282  DEBUG: https://api-fxpractice.oanda.com:443 "GET /v1/accounts/%E8%AF%B7%E5%9C%A8OANDA%E7%BD%91%E7%AB%99%E7%94%B3%E8%AF%B7/positions HTTP/1.1" 401 169
2018-05-28 16:16:37,506  DEBUG: https://api-fxpractice.oanda.com:443 "GET /v1/accounts/%E8%AF%B7%E5%9C%A8OANDA%E7%BD%91%E7%AB%99%E7%94%B3%E8%AF%B7 HTTP/1.1" 401 169
2018-05-28 16:16:37,737  DEBUG: https://api-fxpractice.oanda.com:443 "GET /v1/accounts/%E8%AF%B7%E5%9C%A8OANDA%E7%BD%91%E7%AB%99%E7%94%B3%E8%AF%B7/positions HTTP/1.1" 401 169
2018-05-28 16:16:38,339  DEBUG: https://api-fxpractice.oanda.com:443 "GET /v1/accounts/%E8%AF%B7%E5%9C%A8OANDA%E7%BD%91%E7%AB%99%E7%94%B3%E8%AF%B7 HTTP/1.1" 401 169
2018-05-28 16:16:41,334  DEBUG: https://api-fxpractice.oanda.com:443 "GET /v1/accounts/%E8%AF%B7%E5%9C%A8OANDA%E7%BD%91%E7%AB%99%E7%94%B3%E8%AF%B7/positions HTTP/1.1" 401 169
2018-05-28 16:16:44,375  DEBUG: https://api-fxpractice.oanda.com:443 "GET /v1/accounts/%E8%AF%B7%E5%9C%A8OANDA%E7%BD%91%E7%AB%99%E7%94%B3%E8%AF%B7 HTTP/1.1" 401 169
2018-05-28 16:16:47,427  DEBUG: https://api-fxpractice.oanda.com:443 "GET /v1/accounts/%E8%AF%B7%E5%9C%A8OANDA%E7%BD%91%E7%AB%99%E7%94%B3%E8%AF%B7/positions HTTP/1.1" 401 169
2018-05-28 16:16:50,503  DEBUG: https://api-fxpractice.oanda.com:443 "GET /v1/accounts/%E8%AF%B7%E5%9C%A8OANDA%E7%BD%91%E7%AB%99%E7%94%B3%E8%AF%B7 HTTP/1.1" 401 169
2018-05-28 16:16:53,563  DEBUG: https://api-fxpractice.oanda.com:443 "GET /v1/accounts/%E8%AF%B7%E5%9C%A8OANDA%E7%BD%91%E7%AB%99%E7%94%B3%E8%AF%B7/positions HTTP/1.1" 401 169
2018-05-28 16:16:56,579  DEBUG: https://api-fxpractice.oanda.com:443 "GET /v1/accounts/%E8%AF%B7%E5%9C%A8OANDA%E7%BD%91%E7%AB%99%E7%94%B3%E8%AF%B7 HTTP/1.1" 401 169
2018-05-28 16:16:59,595  DEBUG: https://api-fxpractice.oanda.com:443 "GET /v1/accounts/%E8%AF%B7%E5%9C%A8OANDA%E7%BD%91%E7%AB%99%E7%94%B3%E8%AF%B7/positions HTTP/1.1" 401 169
2018-05-28 16:17:02,634  DEBUG: https://api-fxpractice.oanda.com:443 "GET /v1/accounts/%E8%AF%B7%E5%9C%A8OANDA%E7%BD%91%E7%AB%99%E7%94%B3%E8%AF%B7 HTTP/1.1" 401 169
2018-05-28 16:17:05,802  DEBUG: https://api-fxpractice.oanda.com:443 "GET /v1/accounts/%E8%AF%B7%E5%9C%A8OANDA%E7%BD%91%E7%AB%99%E7%94%B3%E8%AF%B7/positions HTTP/1.1" 401 169
2018-05-28 16:17:08,750  DEBUG: https://api-fxpractice.oanda.com:443 "GET /v1/accounts/%E8%AF%B7%E5%9C%A8OANDA%E7%BD%91%E7%AB%99%E7%94%B3%E8%AF%B7 HTTP/1.1" 401 169
2018-05-28 16:17:11,752  DEBUG: https://api-fxpractice.oanda.com:443 "GET /v1/accounts/%E8%AF%B7%E5%9C%A8OANDA%E7%BD%91%E7%AB%99%E7%94%B3%E8%AF%B7/positions HTTP/1.1" 401 169
2018-05-28 16:17:14,805  DEBUG: https://api-fxpractice.oanda.com:443 "GET /v1/accounts/%E8%AF%B7%E5%9C%A8OANDA%E7%BD%91%E7%AB%99%E7%94%B3%E8%AF%B7 HTTP/1.1" 401 169
2018-05-28 16:17:17,854  DEBUG: https://api-fxpractice.oanda.com:443 "GET /v1/accounts/%E8%AF%B7%E5%9C%A8OANDA%E7%BD%91%E7%AB%99%E7%94%B3%E8%AF%B7/positions HTTP/1.1" 401 169
2018-05-28 16:17:20,898  DEBUG: https://api-fxpractice.oanda.com:443 "GET /v1/accounts/%E8%AF%B7%E5%9C%A8OANDA%E7%BD%91%E7%AB%99%E7%94%B3%E8%AF%B7 HTTP/1.1" 401 169
2018-05-28 16:17:24,141  DEBUG: https://api-fxpractice.oanda.com:443 "GET /v1/accounts/%E8%AF%B7%E5%9C%A8OANDA%E7%BD%91%E7%AB%99%E7%94%B3%E8%AF%B7/positions HTTP/1.1" 401 169
2018-05-28 16:17:32,944  DEBUG: https://api-fxpractice.oanda.com:443 "GET /v1/accounts/%E8%AF%B7%E5%9C%A8OANDA%E7%BD%91%E7%AB%99%E7%94%B3%E8%AF%B7 HTTP/1.1" 401 169
2018-05-28 16:17:33,174  DEBUG: https://api-fxpractice.oanda.com:443 "GET /v1/accounts/%E8%AF%B7%E5%9C%A8OANDA%E7%BD%91%E7%AB%99%E7%94%B3%E8%AF%B7/positions HTTP/1.1" 401 169
2018-05-28 16:17:33,420  DEBUG: https://api-fxpractice.oanda.com:443 "GET /v1/accounts/%E8%AF%B7%E5%9C%A8OANDA%E7%BD%91%E7%AB%99%E7%94%B3%E8%AF%B7 HTTP/1.1" 401 169
2018-05-28 16:17:37,509  DEBUG: https://api-fxpractice.oanda.com:443 "GET /v1/accounts/%E8%AF%B7%E5%9C%A8OANDA%E7%BD%91%E7%AB%99%E7%94%B3%E8%AF%B7/positions HTTP/1.1" 401 169
2018-05-28 16:17:39,171  DEBUG: https://api-fxpractice.oanda.com:443 "GET /v1/accounts/%E8%AF%B7%E5%9C%A8OANDA%E7%BD%91%E7%AB%99%E7%94%B3%E8%AF%B7 HTTP/1.1" 401 169
2018-05-28 16:17:42,173  DEBUG: https://api-fxpractice.oanda.com:443 "GET /v1/accounts/%E8%AF%B7%E5%9C%A8OANDA%E7%BD%91%E7%AB%99%E7%94%B3%E8%AF%B7/positions HTTP/1.1" 401 169
2018-05-28 16:17:45,223  DEBUG: https://api-fxpractice.oanda.com:443 "GET /v1/accounts/%E8%AF%B7%E5%9C%A8OANDA%E7%BD%91%E7%AB%99%E7%94%B3%E8%AF%B7 HTTP/1.1" 401 169
2018-05-28 16:17:48,269  DEBUG: https://api-fxpractice.oanda.com:443 "GET /v1/accounts/%E8%AF%B7%E5%9C%A8OANDA%E7%BD%91%E7%AB%99%E7%94%B3%E8%AF%B7/positions HTTP/1.1" 401 169
2018-05-28 16:17:51,461  DEBUG: https://api-fxpractice.oanda.com:443 "GET /v1/accounts/%E8%AF%B7%E5%9C%A8OANDA%E7%BD%91%E7%AB%99%E7%94%B3%E8%AF%B7 HTTP/1.1" 401 169
2018-05-28 16:17:54,365  DEBUG: https://api-fxpractice.oanda.com:443 "GET /v1/accounts/%E8%AF%B7%E5%9C%A8OANDA%E7%BD%91%E7%AB%99%E7%94%B3%E8%AF%B7/positions HTTP/1.1" 401 169
2018-05-28 16:17:57,410  DEBUG: https://api-fxpractice.oanda.com:443 "GET /v1/accounts/%E8%AF%B7%E5%9C%A8OANDA%E7%BD%91%E7%AB%99%E7%94%B3%E8%AF%B7 HTTP/1.1" 401 169
2018-05-28 16:18:00,467  DEBUG: https://api-fxpractice.oanda.com:443 "GET /v1/accounts/%E8%AF%B7%E5%9C%A8OANDA%E7%BD%91%E7%AB%99%E7%94%B3%E8%AF%B7/positions HTTP/1.1" 401 169
2018-05-28 16:18:03,477  DEBUG: https://api-fxpractice.oanda.com:443 "GET /v1/accounts/%E8%AF%B7%E5%9C%A8OANDA%E7%BD%91%E7%AB%99%E7%94%B3%E8%AF%B7 HTTP/1.1" 401 169
2018-05-28 16:18:06,523  DEBUG: https://api-fxpractice.oanda.com:443 "GET /v1/accounts/%E8%AF%B7%E5%9C%A8OANDA%E7%BD%91%E7%AB%99%E7%94%B3%E8%AF%B7/positions HTTP/1.1" 401 169
2018-05-28 16:18:12,953  DEBUG: https://api-fxpractice.oanda.com:443 "GET /v1/accounts/%E8%AF%B7%E5%9C%A8OANDA%E7%BD%91%E7%AB%99%E7%94%B3%E8%AF%B7 HTTP/1.1" 401 169
2018-05-28 16:18:13,259  DEBUG: https://api-fxpractice.oanda.com:443 "GET /v1/accounts/%E8%AF%B7%E5%9C%A8OANDA%E7%BD%91%E7%AB%99%E7%94%B3%E8%AF%B7/positions HTTP/1.1" 401 169
2018-05-28 16:18:15,657  DEBUG: https://api-fxpractice.oanda.com:443 "GET /v1/accounts/%E8%AF%B7%E5%9C%A8OANDA%E7%BD%91%E7%AB%99%E7%94%B3%E8%AF%B7 HTTP/1.1" 401 169
2018-05-28 16:18:18,703  DEBUG: https://api-fxpractice.oanda.com:443 "GET /v1/accounts/%E8%AF%B7%E5%9C%A8OANDA%E7%BD%91%E7%AB%99%E7%94%B3%E8%AF%B7/positions HTTP/1.1" 401 169
2018-05-28 16:18:21,842  DEBUG: https://api-fxpractice.oanda.com:443 "GET /v1/accounts/%E8%AF%B7%E5%9C%A8OANDA%E7%BD%91%E7%AB%99%E7%94%B3%E8%AF%B7 HTTP/1.1" 401 169
2018-05-28 16:18:24,790  DEBUG: https://api-fxpractice.oanda.com:443 "GET /v1/accounts/%E8%AF%B7%E5%9C%A8OANDA%E7%BD%91%E7%AB%99%E7%94%B3%E8%AF%B7/positions HTTP/1.1" 401 169
2018-05-28 16:18:27,845  DEBUG: https://api-fxpractice.oanda.com:443 "GET /v1/accounts/%E8%AF%B7%E5%9C%A8OANDA%E7%BD%91%E7%AB%99%E7%94%B3%E8%AF%B7 HTTP/1.1" 401 169
2018-05-28 16:18:30,835  DEBUG: https://api-fxpractice.oanda.com:443 "GET /v1/accounts/%E8%AF%B7%E5%9C%A8OANDA%E7%BD%91%E7%AB%99%E7%94%B3%E8%AF%B7/positions HTTP/1.1" 401 169
2018-05-28 16:18:33,890  DEBUG: https://api-fxpractice.oanda.com:443 "GET /v1/accounts/%E8%AF%B7%E5%9C%A8OANDA%E7%BD%91%E7%AB%99%E7%94%B3%E8%AF%B7 HTTP/1.1" 401 169
2018-05-28 16:18:36,959  DEBUG: https://api-fxpractice.oanda.com:443 "GET /v1/accounts/%E8%AF%B7%E5%9C%A8OANDA%E7%BD%91%E7%AB%99%E7%94%B3%E8%AF%B7/positions HTTP/1.1" 401 169
2018-05-28 16:18:40,002  DEBUG: https://api-fxpractice.oanda.com:443 "GET /v1/accounts/%E8%AF%B7%E5%9C%A8OANDA%E7%BD%91%E7%AB%99%E7%94%B3%E8%AF%B7 HTTP/1.1" 401 169
2018-05-28 16:18:43,444  DEBUG: https://api-fxpractice.oanda.com:443 "GET /v1/accounts/%E8%AF%B7%E5%9C%A8OANDA%E7%BD%91%E7%AB%99%E7%94%B3%E8%AF%B7/positions HTTP/1.1" 401 169
2018-05-28 16:18:46,131  DEBUG: https://api-fxpractice.oanda.com:443 "GET /v1/accounts/%E8%AF%B7%E5%9C%A8OANDA%E7%BD%91%E7%AB%99%E7%94%B3%E8%AF%B7 HTTP/1.1" 401 169
2018-05-28 16:19:14,263  DEBUG: https://api-fxpractice.oanda.com:443 "GET /v1/accounts/%E8%AF%B7%E5%9C%A8OANDA%E7%BD%91%E7%AB%99%E7%94%B3%E8%AF%B7/positions HTTP/1.1" 401 169
2018-05-28 16:19:14,496  DEBUG: https://api-fxpractice.oanda.com:443 "GET /v1/accounts/%E8%AF%B7%E5%9C%A8OANDA%E7%BD%91%E7%AB%99%E7%94%B3%E8%AF%B7 HTTP/1.1" 401 169
2018-05-28 16:19:14,724  DEBUG: https://api-fxpractice.oanda.com:443 "GET /v1/accounts/%E8%AF%B7%E5%9C%A8OANDA%E7%BD%91%E7%AB%99%E7%94%B3%E8%AF%B7/positions HTTP/1.1" 401 169
2018-05-28 16:19:14,963  DEBUG: https://api-fxpractice.oanda.com:443 "GET /v1/accounts/%E8%AF%B7%E5%9C%A8OANDA%E7%BD%91%E7%AB%99%E7%94%B3%E8%AF%B7 HTTP/1.1" 401 169
2018-05-28 16:19:15,190  DEBUG: https://api-fxpractice.oanda.com:443 "GET /v1/accounts/%E8%AF%B7%E5%9C%A8OANDA%E7%BD%91%E7%AB%99%E7%94%B3%E8%AF%B7/positions HTTP/1.1" 401 169
2018-05-28 16:19:15,418  DEBUG: https://api-fxpractice.oanda.com:443 "GET /v1/accounts/%E8%AF%B7%E5%9C%A8OANDA%E7%BD%91%E7%AB%99%E7%94%B3%E8%AF%B7 HTTP/1.1" 401 169
2018-05-28 16:19:15,650  DEBUG: https://api-fxpractice.oanda.com:443 "GET /v1/accounts/%E8%AF%B7%E5%9C%A8OANDA%E7%BD%91%E7%AB%99%E7%94%B3%E8%AF%B7/positions HTTP/1.1" 401 169
2018-05-28 16:19:16,990  DEBUG: https://api-fxpractice.oanda.com:443 "GET /v1/accounts/%E8%AF%B7%E5%9C%A8OANDA%E7%BD%91%E7%AB%99%E7%94%B3%E8%AF%B7 HTTP/1.1" 401 169
2018-05-28 16:19:17,223  DEBUG: https://api-fxpractice.oanda.com:443 "GET /v1/accounts/%E8%AF%B7%E5%9C%A8OANDA%E7%BD%91%E7%AB%99%E7%94%B3%E8%AF%B7/positions HTTP/1.1" 401 169
2018-05-28 16:19:17,464  DEBUG: https://api-fxpractice.oanda.com:443 "GET /v1/accounts/%E8%AF%B7%E5%9C%A8OANDA%E7%BD%91%E7%AB%99%E7%94%B3%E8%AF%B7 HTTP/1.1" 401 169
2018-05-28 16:19:19,561  DEBUG: https://api-fxpractice.oanda.com:443 "GET /v1/accounts/%E8%AF%B7%E5%9C%A8OANDA%E7%BD%91%E7%AB%99%E7%94%B3%E8%AF%B7/positions HTTP/1.1" 401 169
2018-05-28 16:19:22,551  DEBUG: https://api-fxpractice.oanda.com:443 "GET /v1/accounts/%E8%AF%B7%E5%9C%A8OANDA%E7%BD%91%E7%AB%99%E7%94%B3%E8%AF%B7 HTTP/1.1" 401 169
2018-05-28 16:19:25,602  DEBUG: https://api-fxpractice.oanda.com:443 "GET /v1/accounts/%E8%AF%B7%E5%9C%A8OANDA%E7%BD%91%E7%AB%99%E7%94%B3%E8%AF%B7/positions HTTP/1.1" 401 169
2018-05-28 16:19:47,536  DEBUG: Starting new HTTPS connection (3): api-fxpractice.oanda.com
2018-05-28 16:19:59,542  DEBUG: Starting new HTTPS connection (4): api-fxpractice.oanda.com
2018-05-28 16:20:11,546  DEBUG: Starting new HTTPS connection (5): api-fxpractice.oanda.com
2018-05-28 16:20:23,552  DEBUG: Starting new HTTPS connection (6): api-fxpractice.oanda.com
2018-05-28 16:20:32,615  DEBUG: https://api-fxpractice.oanda.com:443 "GET /v1/accounts/%E8%AF%B7%E5%9C%A8OANDA%E7%BD%91%E7%AB%99%E7%94%B3%E8%AF%B7 HTTP/1.1" 401 169
2018-05-28 16:20:33,858  DEBUG: https://api-fxpractice.oanda.com:443 "GET /v1/accounts/%E8%AF%B7%E5%9C%A8OANDA%E7%BD%91%E7%AB%99%E7%94%B3%E8%AF%B7/positions HTTP/1.1" 401 169
2018-05-28 16:20:34,171  DEBUG: https://api-fxpractice.oanda.com:443 "GET /v1/accounts/%E8%AF%B7%E5%9C%A8OANDA%E7%BD%91%E7%AB%99%E7%94%B3%E8%AF%B7 HTTP/1.1" 401 169
2018-05-28 16:20:34,411  DEBUG: https://api-fxpractice.oanda.com:443 "GET /v1/accounts/%E8%AF%B7%E5%9C%A8OANDA%E7%BD%91%E7%AB%99%E7%94%B3%E8%AF%B7/positions HTTP/1.1" 401 169
2018-05-28 16:20:34,990  DEBUG: https://api-fxpractice.oanda.com:443 "GET /v1/accounts/%E8%AF%B7%E5%9C%A8OANDA%E7%BD%91%E7%AB%99%E7%94%B3%E8%AF%B7 HTTP/1.1" 401 169
2018-05-28 16:20:35,230  DEBUG: https://api-fxpractice.oanda.com:443 "GET /v1/accounts/%E8%AF%B7%E5%9C%A8OANDA%E7%BD%91%E7%AB%99%E7%94%B3%E8%AF%B7/positions HTTP/1.1" 401 169
2018-05-28 16:20:35,467  DEBUG: https://api-fxpractice.oanda.com:443 "GET /v1/accounts/%E8%AF%B7%E5%9C%A8OANDA%E7%BD%91%E7%AB%99%E7%94%B3%E8%AF%B7 HTTP/1.1" 401 169
2018-05-28 16:20:35,752  DEBUG: https://api-fxpractice.oanda.com:443 "GET /v1/accounts/%E8%AF%B7%E5%9C%A8OANDA%E7%BD%91%E7%AB%99%E7%94%B3%E8%AF%B7/positions HTTP/1.1" 401 169
2018-05-28 16:20:35,987  DEBUG: https://api-fxpractice.oanda.com:443 "GET /v1/accounts/%E8%AF%B7%E5%9C%A8OANDA%E7%BD%91%E7%AB%99%E7%94%B3%E8%AF%B7 HTTP/1.1" 401 169
2018-05-28 16:20:36,236  DEBUG: https://api-fxpractice.oanda.com:443 "GET /v1/accounts/%E8%AF%B7%E5%9C%A8OANDA%E7%BD%91%E7%AB%99%E7%94%B3%E8%AF%B7/positions HTTP/1.1" 401 169
2018-05-28 16:20:36,469  DEBUG: https://api-fxpractice.oanda.com:443 "GET /v1/accounts/%E8%AF%B7%E5%9C%A8OANDA%E7%BD%91%E7%AB%99%E7%94%B3%E8%AF%B7 HTTP/1.1" 401 169
2018-05-28 16:20:36,729  DEBUG: https://api-fxpractice.oanda.com:443 "GET /v1/accounts/%E8%AF%B7%E5%9C%A8OANDA%E7%BD%91%E7%AB%99%E7%94%B3%E8%AF%B7/positions HTTP/1.1" 401 169
2018-05-28 16:20:36,971  DEBUG: https://api-fxpractice.oanda.com:443 "GET /v1/accounts/%E8%AF%B7%E5%9C%A8OANDA%E7%BD%91%E7%AB%99%E7%94%B3%E8%AF%B7 HTTP/1.1" 401 169
2018-05-28 16:20:37,224  DEBUG: https://api-fxpractice.oanda.com:443 "GET /v1/accounts/%E8%AF%B7%E5%9C%A8OANDA%E7%BD%91%E7%AB%99%E7%94%B3%E8%AF%B7/positions HTTP/1.1" 401 169
2018-05-28 16:20:37,461  DEBUG: https://api-fxpractice.oanda.com:443 "GET /v1/accounts/%E8%AF%B7%E5%9C%A8OANDA%E7%BD%91%E7%AB%99%E7%94%B3%E8%AF%B7 HTTP/1.1" 401 169
2018-05-28 16:20:37,713  DEBUG: https://api-fxpractice.oanda.com:443 "GET /v1/accounts/%E8%AF%B7%E5%9C%A8OANDA%E7%BD%91%E7%AB%99%E7%94%B3%E8%AF%B7/positions HTTP/1.1" 401 169
2018-05-28 16:20:37,953  DEBUG: https://api-fxpractice.oanda.com:443 "GET /v1/accounts/%E8%AF%B7%E5%9C%A8OANDA%E7%BD%91%E7%AB%99%E7%94%B3%E8%AF%B7 HTTP/1.1" 401 169
2018-05-28 16:20:38,200  DEBUG: https://api-fxpractice.oanda.com:443 "GET /v1/accounts/%E8%AF%B7%E5%9C%A8OANDA%E7%BD%91%E7%AB%99%E7%94%B3%E8%AF%B7/positions HTTP/1.1" 401 169
2018-05-28 16:20:38,436  DEBUG: https://api-fxpractice.oanda.com:443 "GET /v1/accounts/%E8%AF%B7%E5%9C%A8OANDA%E7%BD%91%E7%AB%99%E7%94%B3%E8%AF%B7 HTTP/1.1" 401 169
2018-05-28 16:20:38,687  DEBUG: https://api-fxpractice.oanda.com:443 "GET /v1/accounts/%E8%AF%B7%E5%9C%A8OANDA%E7%BD%91%E7%AB%99%E7%94%B3%E8%AF%B7/positions HTTP/1.1" 401 169
2018-05-28 16:20:41,693  DEBUG: https://api-fxpractice.oanda.com:443 "GET /v1/accounts/%E8%AF%B7%E5%9C%A8OANDA%E7%BD%91%E7%AB%99%E7%94%B3%E8%AF%B7 HTTP/1.1" 401 169
2018-05-28 16:20:44,799  DEBUG: https://api-fxpractice.oanda.com:443 "GET /v1/accounts/%E8%AF%B7%E5%9C%A8OANDA%E7%BD%91%E7%AB%99%E7%94%B3%E8%AF%B7/positions HTTP/1.1" 401 169
2018-05-28 16:20:47,747  DEBUG: https://api-fxpractice.oanda.com:443 "GET /v1/accounts/%E8%AF%B7%E5%9C%A8OANDA%E7%BD%91%E7%AB%99%E7%94%B3%E8%AF%B7 HTTP/1.1" 401 169
2018-05-28 16:20:50,815  DEBUG: https://api-fxpractice.oanda.com:443 "GET /v1/accounts/%E8%AF%B7%E5%9C%A8OANDA%E7%BD%91%E7%AB%99%E7%94%B3%E8%AF%B7/positions HTTP/1.1" 401 169
2018-05-28 16:20:53,813  DEBUG: https://api-fxpractice.oanda.com:443 "GET /v1/accounts/%E8%AF%B7%E5%9C%A8OANDA%E7%BD%91%E7%AB%99%E7%94%B3%E8%AF%B7 HTTP/1.1" 401 169
2018-05-28 16:20:56,859  DEBUG: https://api-fxpractice.oanda.com:443 "GET /v1/accounts/%E8%AF%B7%E5%9C%A8OANDA%E7%BD%91%E7%AB%99%E7%94%B3%E8%AF%B7/positions HTTP/1.1" 401 169
2018-05-28 16:20:59,934  DEBUG: https://api-fxpractice.oanda.com:443 "GET /v1/accounts/%E8%AF%B7%E5%9C%A8OANDA%E7%BD%91%E7%AB%99%E7%94%B3%E8%AF%B7 HTTP/1.1" 401 169
2018-05-28 16:21:02,984  DEBUG: https://api-fxpractice.oanda.com:443 "GET /v1/accounts/%E8%AF%B7%E5%9C%A8OANDA%E7%BD%91%E7%AB%99%E7%94%B3%E8%AF%B7/positions HTTP/1.1" 401 169
2018-05-28 16:21:06,033  DEBUG: https://api-fxpractice.oanda.com:443 "GET /v1/accounts/%E8%AF%B7%E5%9C%A8OANDA%E7%BD%91%E7%AB%99%E7%94%B3%E8%AF%B7 HTTP/1.1" 401 169
2018-05-28 16:21:09,078  DEBUG: https://api-fxpractice.oanda.com:443 "GET /v1/accounts/%E8%AF%B7%E5%9C%A8OANDA%E7%BD%91%E7%AB%99%E7%94%B3%E8%AF%B7/positions HTTP/1.1" 401 169
2018-05-28 16:21:12,078  DEBUG: https://api-fxpractice.oanda.com:443 "GET /v1/accounts/%E8%AF%B7%E5%9C%A8OANDA%E7%BD%91%E7%AB%99%E7%94%B3%E8%AF%B7 HTTP/1.1" 401 169
2018-05-28 16:21:15,130  DEBUG: https://api-fxpractice.oanda.com:443 "GET /v1/accounts/%E8%AF%B7%E5%9C%A8OANDA%E7%BD%91%E7%AB%99%E7%94%B3%E8%AF%B7/positions HTTP/1.1" 401 169
2018-05-28 16:21:18,292  DEBUG: https://api-fxpractice.oanda.com:443 "GET /v1/accounts/%E8%AF%B7%E5%9C%A8OANDA%E7%BD%91%E7%AB%99%E7%94%B3%E8%AF%B7 HTTP/1.1" 401 169
2018-05-28 16:21:21,194  DEBUG: https://api-fxpractice.oanda.com:443 "GET /v1/accounts/%E8%AF%B7%E5%9C%A8OANDA%E7%BD%91%E7%AB%99%E7%94%B3%E8%AF%B7/positions HTTP/1.1" 401 169
2018-05-28 16:21:24,249  DEBUG: https://api-fxpractice.oanda.com:443 "GET /v1/accounts/%E8%AF%B7%E5%9C%A8OANDA%E7%BD%91%E7%AB%99%E7%94%B3%E8%AF%B7 HTTP/1.1" 401 169
2018-05-28 16:21:27,309  DEBUG: https://api-fxpractice.oanda.com:443 "GET /v1/accounts/%E8%AF%B7%E5%9C%A8OANDA%E7%BD%91%E7%AB%99%E7%94%B3%E8%AF%B7/positions HTTP/1.1" 401 169
2018-05-28 16:21:30,424  DEBUG: https://api-fxpractice.oanda.com:443 "GET /v1/accounts/%E8%AF%B7%E5%9C%A8OANDA%E7%BD%91%E7%AB%99%E7%94%B3%E8%AF%B7 HTTP/1.1" 401 169
2018-05-28 16:21:33,375  DEBUG: https://api-fxpractice.oanda.com:443 "GET /v1/accounts/%E8%AF%B7%E5%9C%A8OANDA%E7%BD%91%E7%AB%99%E7%94%B3%E8%AF%B7/positions HTTP/1.1" 401 169
2018-05-28 16:21:36,421  DEBUG: https://api-fxpractice.oanda.com:443 "GET /v1/accounts/%E8%AF%B7%E5%9C%A8OANDA%E7%BD%91%E7%AB%99%E7%94%B3%E8%AF%B7 HTTP/1.1" 401 169
2018-05-28 16:21:39,469  DEBUG: https://api-fxpractice.oanda.com:443 "GET /v1/accounts/%E8%AF%B7%E5%9C%A8OANDA%E7%BD%91%E7%AB%99%E7%94%B3%E8%AF%B7/positions HTTP/1.1" 401 169
2018-05-28 16:21:42,539  DEBUG: https://api-fxpractice.oanda.com:443 "GET /v1/accounts/%E8%AF%B7%E5%9C%A8OANDA%E7%BD%91%E7%AB%99%E7%94%B3%E8%AF%B7 HTTP/1.1" 401 169
2018-05-28 16:21:45,665  DEBUG: https://api-fxpractice.oanda.com:443 "GET /v1/accounts/%E8%AF%B7%E5%9C%A8OANDA%E7%BD%91%E7%AB%99%E7%94%B3%E8%AF%B7/positions HTTP/1.1" 401 169
2018-05-28 16:21:49,621  DEBUG: https://api-fxpractice.oanda.com:443 "GET /v1/accounts/%E8%AF%B7%E5%9C%A8OANDA%E7%BD%91%E7%AB%99%E7%94%B3%E8%AF%B7 HTTP/1.1" 401 169
2018-05-28 16:21:51,628  DEBUG: https://api-fxpractice.oanda.com:443 "GET /v1/accounts/%E8%AF%B7%E5%9C%A8OANDA%E7%BD%91%E7%AB%99%E7%94%B3%E8%AF%B7/positions HTTP/1.1" 401 169
2018-05-28 16:21:54,677  DEBUG: https://api-fxpractice.oanda.com:443 "GET /v1/accounts/%E8%AF%B7%E5%9C%A8OANDA%E7%BD%91%E7%AB%99%E7%94%B3%E8%AF%B7 HTTP/1.1" 401 169
2018-05-28 16:21:57,727  DEBUG: https://api-fxpractice.oanda.com:443 "GET /v1/accounts/%E8%AF%B7%E5%9C%A8OANDA%E7%BD%91%E7%AB%99%E7%94%B3%E8%AF%B7/positions HTTP/1.1" 401 169
2018-05-28 16:22:00,776  DEBUG: https://api-fxpractice.oanda.com:443 "GET /v1/accounts/%E8%AF%B7%E5%9C%A8OANDA%E7%BD%91%E7%AB%99%E7%94%B3%E8%AF%B7 HTTP/1.1" 401 169
2018-05-28 16:22:04,061  DEBUG: https://api-fxpractice.oanda.com:443 "GET /v1/accounts/%E8%AF%B7%E5%9C%A8OANDA%E7%BD%91%E7%AB%99%E7%94%B3%E8%AF%B7/positions HTTP/1.1" 401 169
2018-05-28 16:22:06,865  DEBUG: https://api-fxpractice.oanda.com:443 "GET /v1/accounts/%E8%AF%B7%E5%9C%A8OANDA%E7%BD%91%E7%AB%99%E7%94%B3%E8%AF%B7 HTTP/1.1" 401 169
2018-05-28 16:22:09,877  DEBUG: https://api-fxpractice.oanda.com:443 "GET /v1/accounts/%E8%AF%B7%E5%9C%A8OANDA%E7%BD%91%E7%AB%99%E7%94%B3%E8%AF%B7/positions HTTP/1.1" 401 169
2018-05-28 16:22:12,936  DEBUG: https://api-fxpractice.oanda.com:443 "GET /v1/accounts/%E8%AF%B7%E5%9C%A8OANDA%E7%BD%91%E7%AB%99%E7%94%B3%E8%AF%B7 HTTP/1.1" 401 169
2018-05-28 16:22:33,005  DEBUG: https://api-fxpractice.oanda.com:443 "GET /v1/accounts/%E8%AF%B7%E5%9C%A8OANDA%E7%BD%91%E7%AB%99%E7%94%B3%E8%AF%B7/positions HTTP/1.1" 401 169
2018-05-28 16:22:33,256  DEBUG: https://api-fxpractice.oanda.com:443 "GET /v1/accounts/%E8%AF%B7%E5%9C%A8OANDA%E7%BD%91%E7%AB%99%E7%94%B3%E8%AF%B7 HTTP/1.1" 401 169
2018-05-28 16:22:33,513  DEBUG: https://api-fxpractice.oanda.com:443 "GET /v1/accounts/%E8%AF%B7%E5%9C%A8OANDA%E7%BD%91%E7%AB%99%E7%94%B3%E8%AF%B7/positions HTTP/1.1" 401 169
2018-05-28 16:22:33,775  DEBUG: https://api-fxpractice.oanda.com:443 "GET /v1/accounts/%E8%AF%B7%E5%9C%A8OANDA%E7%BD%91%E7%AB%99%E7%94%B3%E8%AF%B7 HTTP/1.1" 401 169
2018-05-28 16:22:34,026  DEBUG: https://api-fxpractice.oanda.com:443 "GET /v1/accounts/%E8%AF%B7%E5%9C%A8OANDA%E7%BD%91%E7%AB%99%E7%94%B3%E8%AF%B7/positions HTTP/1.1" 401 169
2018-05-28 16:22:34,279  DEBUG: https://api-fxpractice.oanda.com:443 "GET /v1/accounts/%E8%AF%B7%E5%9C%A8OANDA%E7%BD%91%E7%AB%99%E7%94%B3%E8%AF%B7 HTTP/1.1" 401 169
2018-05-28 16:22:34,515  DEBUG: https://api-fxpractice.oanda.com:443 "GET /v1/accounts/%E8%AF%B7%E5%9C%A8OANDA%E7%BD%91%E7%AB%99%E7%94%B3%E8%AF%B7/positions HTTP/1.1" 401 169
2018-05-28 16:22:37,313  DEBUG: https://api-fxpractice.oanda.com:443 "GET /v1/accounts/%E8%AF%B7%E5%9C%A8OANDA%E7%BD%91%E7%AB%99%E7%94%B3%E8%AF%B7 HTTP/1.1" 401 169
2018-05-28 16:22:40,433  DEBUG: https://api-fxpractice.oanda.com:443 "GET /v1/accounts/%E8%AF%B7%E5%9C%A8OANDA%E7%BD%91%E7%AB%99%E7%94%B3%E8%AF%B7/positions HTTP/1.1" 401 169
2018-05-28 16:22:43,348  DEBUG: https://api-fxpractice.oanda.com:443 "GET /v1/accounts/%E8%AF%B7%E5%9C%A8OANDA%E7%BD%91%E7%AB%99%E7%94%B3%E8%AF%B7 HTTP/1.1" 401 169
2018-05-28 16:22:46,403  DEBUG: https://api-fxpractice.oanda.com:443 "GET /v1/accounts/%E8%AF%B7%E5%9C%A8OANDA%E7%BD%91%E7%AB%99%E7%94%B3%E8%AF%B7/positions HTTP/1.1" 401 169
2018-05-28 16:22:54,259  DEBUG: https://api-fxpractice.oanda.com:443 "GET /v1/accounts/%E8%AF%B7%E5%9C%A8OANDA%E7%BD%91%E7%AB%99%E7%94%B3%E8%AF%B7 HTTP/1.1" 401 169
2018-05-28 16:22:54,506  DEBUG: https://api-fxpractice.oanda.com:443 "GET /v1/accounts/%E8%AF%B7%E5%9C%A8OANDA%E7%BD%91%E7%AB%99%E7%94%B3%E8%AF%B7/positions HTTP/1.1" 401 169
2018-05-28 16:22:55,503  DEBUG: https://api-fxpractice.oanda.com:443 "GET /v1/accounts/%E8%AF%B7%E5%9C%A8OANDA%E7%BD%91%E7%AB%99%E7%94%B3%E8%AF%B7 HTTP/1.1" 401 169
2018-05-28 16:22:59,368  DEBUG: https://api-fxpractice.oanda.com:443 "GET /v1/accounts/%E8%AF%B7%E5%9C%A8OANDA%E7%BD%91%E7%AB%99%E7%94%B3%E8%AF%B7/positions HTTP/1.1" 401 169
2018-05-28 16:23:01,614  DEBUG: https://api-fxpractice.oanda.com:443 "GET /v1/accounts/%E8%AF%B7%E5%9C%A8OANDA%E7%BD%91%E7%AB%99%E7%94%B3%E8%AF%B7 HTTP/1.1" 401 169
2018-05-28 16:23:04,670  DEBUG: https://api-fxpractice.oanda.com:443 "GET /v1/accounts/%E8%AF%B7%E5%9C%A8OANDA%E7%BD%91%E7%AB%99%E7%94%B3%E8%AF%B7/positions HTTP/1.1" 401 169
2018-05-28 16:23:07,686  DEBUG: https://api-fxpractice.oanda.com:443 "GET /v1/accounts/%E8%AF%B7%E5%9C%A8OANDA%E7%BD%91%E7%AB%99%E7%94%B3%E8%AF%B7 HTTP/1.1" 401 169
2018-05-28 16:23:10,736  DEBUG: https://api-fxpractice.oanda.com:443 "GET /v1/accounts/%E8%AF%B7%E5%9C%A8OANDA%E7%BD%91%E7%AB%99%E7%94%B3%E8%AF%B7/positions HTTP/1.1" 401 169
2018-05-28 16:23:13,756  DEBUG: https://api-fxpractice.oanda.com:443 "GET /v1/accounts/%E8%AF%B7%E5%9C%A8OANDA%E7%BD%91%E7%AB%99%E7%94%B3%E8%AF%B7 HTTP/1.1" 401 169
2018-05-28 16:23:16,805  DEBUG: https://api-fxpractice.oanda.com:443 "GET /v1/accounts/%E8%AF%B7%E5%9C%A8OANDA%E7%BD%91%E7%AB%99%E7%94%B3%E8%AF%B7/positions HTTP/1.1" 401 169
2018-05-28 16:23:19,872  DEBUG: https://api-fxpractice.oanda.com:443 "GET /v1/accounts/%E8%AF%B7%E5%9C%A8OANDA%E7%BD%91%E7%AB%99%E7%94%B3%E8%AF%B7 HTTP/1.1" 401 169
2018-05-28 16:23:22,871  DEBUG: https://api-fxpractice.oanda.com:443 "GET /v1/accounts/%E8%AF%B7%E5%9C%A8OANDA%E7%BD%91%E7%AB%99%E7%94%B3%E8%AF%B7/positions HTTP/1.1" 401 169
2018-05-28 16:23:25,923  DEBUG: https://api-fxpractice.oanda.com:443 "GET /v1/accounts/%E8%AF%B7%E5%9C%A8OANDA%E7%BD%91%E7%AB%99%E7%94%B3%E8%AF%B7 HTTP/1.1" 401 169
2018-05-28 16:23:28,973  DEBUG: https://api-fxpractice.oanda.com:443 "GET /v1/accounts/%E8%AF%B7%E5%9C%A8OANDA%E7%BD%91%E7%AB%99%E7%94%B3%E8%AF%B7/positions HTTP/1.1" 401 169
2018-05-28 16:23:32,026  DEBUG: https://api-fxpractice.oanda.com:443 "GET /v1/accounts/%E8%AF%B7%E5%9C%A8OANDA%E7%BD%91%E7%AB%99%E7%94%B3%E8%AF%B7 HTTP/1.1" 401 169
2018-05-28 16:23:35,078  DEBUG: https://api-fxpractice.oanda.com:443 "GET /v1/accounts/%E8%AF%B7%E5%9C%A8OANDA%E7%BD%91%E7%AB%99%E7%94%B3%E8%AF%B7/positions HTTP/1.1" 401 169
