2018-04-30 00:25:30,964  INFO: MAIN_ENGINE	MongoDB连接成功
2018-04-30 00:25:40,118  INFO: MAIN_ENGINE	接口不存在：
2018-04-30 00:25:59,211  INFO: FEMAS	行情服务器连接成功
2018-04-30 00:26:18,917  INFO: MAIN_ENGINE	MongoDB连接成功
2018-04-30 00:27:18,694  INFO: MAIN_ENGINE	MongoDB连接成功
2018-04-30 00:27:38,226  INFO: MAIN_ENGINE	接口不存在：
2018-04-30 00:28:42,599  DEBUG: Starting new HTTPS connection (1): stream-fxpractice.oanda.com
2018-04-30 00:28:42,611  DEBUG: Starting new HTTPS connection (1): api-fxpractice.oanda.com
2018-04-30 00:28:42,611  DEBUG: Starting new HTTPS connection (2): api-fxpractice.oanda.com
2018-04-30 00:28:42,625  INFO: OANDA	接口初始化成功
2018-04-30 00:28:42,989  INFO: MAIN_ENGINE	MongoDB连接成功
2018-04-30 00:28:44,092  DEBUG: https://api-fxpractice.oanda.com:443 "GET /v1/instruments?accountId=%E8%AF%B7%E5%9C%A8OANDA%E7%BD%91%E7%AB%99%E7%94%B3%E8%AF%B7 HTTP/1.1" 401 169
2018-04-30 00:28:44,378  DEBUG: https://api-fxpractice.oanda.com:443 "GET /v1/accounts/%E8%AF%B7%E5%9C%A8OANDA%E7%BD%91%E7%AB%99%E7%94%B3%E8%AF%B7/orders HTTP/1.1" 401 169
2018-04-30 00:28:44,645  DEBUG: https://api-fxpractice.oanda.com:443 "GET /v1/accounts/%E8%AF%B7%E5%9C%A8OANDA%E7%BD%91%E7%AB%99%E7%94%B3%E8%AF%B7/transactions?count=100 HTTP/1.1" 401 169
2018-04-30 00:28:45,089  DEBUG: https://api-fxpractice.oanda.com:443 "GET /v1/accounts/%E8%AF%B7%E5%9C%A8OANDA%E7%BD%91%E7%AB%99%E7%94%B3%E8%AF%B7 HTTP/1.1" 401 169
2018-04-30 00:28:47,496  DEBUG: https://api-fxpractice.oanda.com:443 "GET /v1/instruments?accountId=%E8%AF%B7%E5%9C%A8OANDA%E7%BD%91%E7%AB%99%E7%94%B3%E8%AF%B7 HTTP/1.1" 401 169
2018-04-30 00:28:48,111  DEBUG: https://api-fxpractice.oanda.com:443 "GET /v1/accounts/%E8%AF%B7%E5%9C%A8OANDA%E7%BD%91%E7%AB%99%E7%94%B3%E8%AF%B7/positions HTTP/1.1" 401 169
2018-04-30 00:28:51,127  DEBUG: https://api-fxpractice.oanda.com:443 "GET /v1/accounts/%E8%AF%B7%E5%9C%A8OANDA%E7%BD%91%E7%AB%99%E7%94%B3%E8%AF%B7 HTTP/1.1" 401 169
2018-04-30 00:28:54,141  DEBUG: https://api-fxpractice.oanda.com:443 "GET /v1/accounts/%E8%AF%B7%E5%9C%A8OANDA%E7%BD%91%E7%AB%99%E7%94%B3%E8%AF%B7/positions HTTP/1.1" 401 169
2018-04-30 00:28:57,206  DEBUG: https://api-fxpractice.oanda.com:443 "GET /v1/accounts/%E8%AF%B7%E5%9C%A8OANDA%E7%BD%91%E7%AB%99%E7%94%B3%E8%AF%B7 HTTP/1.1" 401 169
2018-04-30 00:29:00,223  DEBUG: https://api-fxpractice.oanda.com:443 "GET /v1/accounts/%E8%AF%B7%E5%9C%A8OANDA%E7%BD%91%E7%AB%99%E7%94%B3%E8%AF%B7/positions HTTP/1.1" 401 169
2018-04-30 00:29:03,292  DEBUG: https://api-fxpractice.oanda.com:443 "GET /v1/accounts/%E8%AF%B7%E5%9C%A8OANDA%E7%BD%91%E7%AB%99%E7%94%B3%E8%AF%B7 HTTP/1.1" 401 169
2018-04-30 00:29:06,342  DEBUG: https://api-fxpractice.oanda.com:443 "GET /v1/accounts/%E8%AF%B7%E5%9C%A8OANDA%E7%BD%91%E7%AB%99%E7%94%B3%E8%AF%B7/positions HTTP/1.1" 401 169
