2018-05-03 08:56:39,759  INFO: MAIN_ENGINE	MongoDB连接成功
2018-05-03 08:56:39,835  INFO: CTP	行情服务器连接成功
2018-05-03 08:56:39,838  INFO: CTP	交易服务器连接成功
2018-05-03 08:56:39,953  INFO: CTP	行情服务器登录完成
2018-05-03 08:56:39,957  INFO: CTP	交易服务器登录完成
2018-05-03 08:56:40,174  INFO: CTP	结算信息确认完成
2018-05-03 08:56:40,671  INFO: CTP	交易合约信息获取完成
2018-05-03 09:09:28,723  INFO: CTP	行情服务器连接断开
2018-05-03 09:09:30,003  INFO: CTP	交易服务器连接断开
2018-05-03 10:32:49,664  INFO: CTP	行情服务器连接成功
2018-05-03 10:32:49,733  INFO: CTP	行情服务器登录完成
2018-05-03 10:32:51,063  INFO: CTP	交易服务器连接成功
2018-05-03 10:32:51,183  INFO: CTP	交易服务器登录完成
2018-05-03 10:32:51,513  INFO: CTP	结算信息确认完成
2018-05-03 10:32:51,927  INFO: CTP	交易合约信息获取完成
2018-05-03 14:05:35,321  INFO: MAIN_ENGINE	MongoDB连接成功
2018-05-03 14:05:35,328  INFO: CTP	交易服务器连接成功
2018-05-03 14:05:35,329  INFO: CTP	行情服务器连接成功
2018-05-03 14:05:35,444  INFO: CTP	行情服务器登录完成
2018-05-03 14:05:35,451  INFO: CTP	交易服务器登录完成
2018-05-03 14:05:37,190  INFO: CTP	结算信息确认完成
2018-05-03 14:05:40,256  INFO: CTP	交易合约信息获取完成
2018-05-03 14:10:24,990  INFO: CTA_STRATEGY	CTA引擎启动成功
2018-05-03 14:10:27,390  INFO: CTA_STRATEGY	策略加载成功
2018-05-03 14:27:00,905  INFO: MAIN_ENGINE	MongoDB连接成功
2018-05-03 14:27:00,971  INFO: CTP	行情服务器连接成功
2018-05-03 14:27:00,974  INFO: CTP	交易服务器连接成功
2018-05-03 14:27:01,040  INFO: CTP	行情服务器登录完成
2018-05-03 14:27:01,043  INFO: CTP	交易服务器登录完成
2018-05-03 14:27:01,359  INFO: CTP	结算信息确认完成
2018-05-03 14:27:03,878  INFO: CTP	交易合约信息获取完成
2018-05-03 14:30:19,854  INFO: CTP	行情服务器连接断开
2018-05-03 14:30:20,687  INFO: CTP	交易服务器连接断开
2018-05-03 21:24:27,448  INFO: MAIN_ENGINE	MongoDB连接成功
2018-05-03 21:24:27,459  INFO: CTP	行情服务器连接成功
2018-05-03 21:24:27,461  INFO: CTP	交易服务器连接成功
2018-05-03 21:24:27,496  INFO: CTP	行情服务器登录完成
2018-05-03 21:24:27,499  INFO: CTP	交易服务器登录完成
2018-05-03 21:24:27,565  INFO: CTP	结算信息确认完成
2018-05-03 21:24:28,013  INFO: CTP	交易合约信息获取完成
